energy_search: 2026-02-09 14:31:57
  mode=parity score_mode=bundle steps=200 seed=0
  schedule_every=0 unscheduled_score=skip
  mutate_count=6 mutate_sched=False
  mutate_keys=['base_cached_rounds', 'cached_nodes', 'depth4_rounds', 'extra_vecs', 'hash_bitwise_style', 'hash_variant', 'hash_xor_style', 'idx_shifted', 'node_ptr_incremental', 'offload_budget_hash_op1', 'offload_budget_hash_op2', 'offload_budget_hash_shift', 'offload_budget_node_xor', 'offload_budget_parity', 'offload_hash_op1', 'offload_hash_op2', 'offload_hash_shift', 'offload_mode', 'offload_node_xor', 'offload_op1', 'offload_parity', 'partial_cache', 'ptr_setup_engine', 'reset_on_valu', 'selection_by_round', 'selection_mode', 'setup_style', 'shifts_on_valu', 'valu_select', 'vector_block', 'x4']
  sched_policies=['mix'] sched_restarts=10 sched_jitter=0.4
  hazards=['raw', 'temp', 'war', 'waw'] latency_raw=1 latency_waw=1 latency_war=0 latency_temp=1 latency_default=1
  gate=10.0 lambda=1.0 target=0 penalty=100.0
  log_file=tmp/quick_search.log
BEST step=9 t=23.4s energy=1356.0 cycles=1355 lb=1276 penalty=1.0 skipped=False policy=None
  spec={'rounds': 16, 'vectors': 32, 'vlen': 8, 'depth4_rounds': 0, 'x4': 0, 'x5': 0, 'flow_setup': 64, 'reset_on_valu': False, 'shifts_on_valu': True, 'offload_op1': 800, 'offload_mode': 'prefix', 'offload_budget_hash_shift': 0, 'offload_budget_hash_op1': 0, 'offload_budget_hash_op2': 768, 'offload_budget_parity': 0, 'offload_budget_node_xor': 0, 'offload_hash_op1': False, 'offload_hash_shift': False, 'offload_hash_op2': True, 'offload_parity': False, 'offload_node_xor': False, 'use_bitmask_selection': True, 'selection_mode': 'bitmask', 'binsearch_select': False, 'selection_mode_by_round': {11: 'mask_precompute', 12: 'mask_precompute', 13: 'mask_precompute', 14: 'mask_precompute'}, 'valu_select': True, 'valu_select_precompute_diffs': True, 'fuse_stages': False, 'hash_variant': 'ir', 'hash_xor_style': 'baseline', 'hash_bitwise_style': 'inplace', 'hash_prog': None, 'node_ptr_incremental': False, 'idx_shifted': True, 'ptr_setup_engine': 'flow', 'setup_style': 'inline', 'include_setup': True, 'proof_assume_shifted_input': False, 'proof_reset_single_op': False, 'proof_skip_const_zero': False, 'valu_pad_cycles': 0, 'vector_block': 4, 'extra_vecs': 3, 'cached_nodes': None, 'base_cached_rounds': (0, 1, 2, 3, 11, 12, 13, 14), 'depth4_cached_rounds': (), 'cached_round_aliases': {}, 'cached_round_depth': {}, 'cached_round_x': {}, 'valu_cap': 6, 'alu_cap': 12, 'flow_cap': 1, 'load_cap': 2, 'store_cap': 2, 'total_cycles': 1312, 'sched_seed': 53, 'sched_jitter': 0.1, 'sched_restarts': 32, 'use_temp_deps': True}
[   50] t=144.0s energy=1421.0 cycles=1420 lb=1227 best=1356.0
[  100] t=349.9s energy=1387.0 cycles=1386 lb=1251 best=1356.0
[  150] t=523.0s energy=1438.0 cycles=1437 lb=1243 best=1356.0
BEST step=183 t=647.3s energy=1353.0 cycles=1352 lb=1165 penalty=1.0 skipped=False policy=None
  spec={'rounds': 16, 'vectors': 32, 'vlen': 8, 'depth4_rounds': 0, 'x4': 0, 'x5': 0, 'flow_setup': 64, 'reset_on_valu': False, 'shifts_on_valu': True, 'offload_op1': 0, 'offload_mode': 'budgeted', 'offload_budget_hash_shift': 768, 'offload_budget_hash_op1': 192, 'offload_budget_hash_op2': 48, 'offload_budget_parity': 448, 'offload_budget_node_xor': 384, 'offload_hash_op1': False, 'offload_hash_shift': False, 'offload_hash_op2': True, 'offload_parity': True, 'offload_node_xor': True, 'use_bitmask_selection': False, 'selection_mode': 'bitmask_valu', 'binsearch_select': False, 'selection_mode_by_round': {11: 'mask_precompute', 12: 'mask_precompute', 13: 'mask_precompute', 14: 'mask_precompute'}, 'valu_select': False, 'valu_select_precompute_diffs': True, 'fuse_stages': False, 'hash_variant': 'ir', 'hash_xor_style': 'swap', 'hash_bitwise_style': 'inplace', 'hash_prog': None, 'node_ptr_incremental': False, 'idx_shifted': True, 'ptr_setup_engine': 'alu', 'setup_style': 'inline', 'include_setup': True, 'proof_assume_shifted_input': False, 'proof_reset_single_op': False, 'proof_skip_const_zero': False, 'valu_pad_cycles': 0, 'vector_block': 0, 'extra_vecs': 3, 'cached_nodes': None, 'base_cached_rounds': (0, 1, 2, 3, 11, 12, 13, 14), 'depth4_cached_rounds': (), 'cached_round_aliases': {}, 'cached_round_depth': {}, 'cached_round_x': {}, 'valu_cap': 6, 'alu_cap': 12, 'flow_cap': 1, 'load_cap': 2, 'store_cap': 2, 'total_cycles': 1312, 'sched_seed': 53, 'sched_jitter': 0.1, 'sched_restarts': 32, 'use_temp_deps': True}
BEST step=191 t=673.0s energy=1336.0 cycles=1335 lb=1173 penalty=1.0 skipped=False policy=None
  spec={'rounds': 16, 'vectors': 32, 'vlen': 8, 'depth4_rounds': 0, 'x4': 0, 'x5': 0, 'flow_setup': 64, 'reset_on_valu': False, 'shifts_on_valu': True, 'offload_op1': 0, 'offload_mode': 'budgeted', 'offload_budget_hash_shift': 768, 'offload_budget_hash_op1': 192, 'offload_budget_hash_op2': 48, 'offload_budget_parity': 448, 'offload_budget_node_xor': 384, 'offload_hash_op1': False, 'offload_hash_shift': False, 'offload_hash_op2': False, 'offload_parity': True, 'offload_node_xor': True, 'use_bitmask_selection': False, 'selection_mode': 'bitmask_valu', 'binsearch_select': False, 'selection_mode_by_round': {11: 'mask_precompute', 12: 'mask_precompute', 13: 'mask_precompute', 14: 'mask_precompute'}, 'valu_select': False, 'valu_select_precompute_diffs': True, 'fuse_stages': False, 'hash_variant': 'ir', 'hash_xor_style': 'swap', 'hash_bitwise_style': 'inplace', 'hash_prog': None, 'node_ptr_incremental': False, 'idx_shifted': True, 'ptr_setup_engine': 'alu', 'setup_style': 'inline', 'include_setup': True, 'proof_assume_shifted_input': False, 'proof_reset_single_op': False, 'proof_skip_const_zero': False, 'valu_pad_cycles': 0, 'vector_block': 0, 'extra_vecs': 3, 'cached_nodes': None, 'base_cached_rounds': (0, 1, 2, 3, 11, 12, 13, 14), 'depth4_cached_rounds': (), 'cached_round_aliases': {}, 'cached_round_depth': {}, 'cached_round_x': {}, 'valu_cap': 6, 'alu_cap': 12, 'flow_cap': 1, 'load_cap': 2, 'store_cap': 2, 'total_cycles': 1312, 'sched_seed': 53, 'sched_jitter': 0.1, 'sched_restarts': 32, 'use_temp_deps': True}
[  200] t=713.0s energy=1350.0 cycles=1348 lb=1165 best=1336.0
best_score: {"constraint_penalty": 1.0, "constraint_violations": ["soft: selection_mode_by_round mask_precompute with extra_vecs < 4"], "counts": {"alu": 11600, "flow": 736, "load": 2157, "store": 32, "valu": 7038}, "cycles": 1335, "energy": 1336.0, "gap": 0, "lb": 1173, "policy": null}
best_spec: {"alu_cap": 12, "base_cached_rounds": [0, 1, 2, 3, 11, 12, 13, 14], "binsearch_select": false, "cached_nodes": null, "cached_round_aliases": {}, "cached_round_depth": {}, "cached_round_x": {}, "depth4_cached_rounds": [], "depth4_rounds": 0, "extra_vecs": 3, "flow_cap": 1, "flow_setup": 64, "fuse_stages": false, "hash_bitwise_style": "inplace", "hash_prog": null, "hash_variant": "ir", "hash_xor_style": "swap", "idx_shifted": true, "include_setup": true, "load_cap": 2, "node_ptr_incremental": false, "offload_budget_hash_op1": 192, "offload_budget_hash_op2": 48, "offload_budget_hash_shift": 768, "offload_budget_node_xor": 384, "offload_budget_parity": 448, "offload_hash_op1": false, "offload_hash_op2": false, "offload_hash_shift": false, "offload_mode": "budgeted", "offload_node_xor": true, "offload_op1": 0, "offload_parity": true, "proof_assume_shifted_input": false, "proof_reset_single_op": false, "proof_skip_const_zero": false, "ptr_setup_engine": "alu", "reset_on_valu": false, "rounds": 16, "sched_jitter": 0.1, "sched_restarts": 32, "sched_seed": 53, "selection_mode": "bitmask_valu", "selection_mode_by_round": {"11": "mask_precompute", "12": "mask_precompute", "13": "mask_precompute", "14": "mask_precompute"}, "setup_style": "inline", "shifts_on_valu": true, "store_cap": 2, "total_cycles": 1312, "use_bitmask_selection": false, "use_temp_deps": true, "valu_cap": 6, "valu_pad_cycles": 0, "valu_select": false, "valu_select_precompute_diffs": true, "vector_block": 0, "vectors": 32, "vlen": 8, "x4": 0, "x5": 0}
summary:
  mode: parity
  score_mode: bundle
  schedule_every: 0 (unscheduled_score=skip)
  mutate_count: 6 mutate_sched: False
  sched_policies: ['mix'] (tie-break: earliest policy)
  engine_order: ['alu', 'valu', 'load', 'store', 'flow']
  caps_source: SLOT_LIMITS
  hazards: ['raw', 'temp', 'war', 'waw']
  latency: raw=1 waw=1 war=0 temp=1 default=1
  gate: 10.0
  lambda: 1.0
  fallback_cycles: 10000
  best_cycles: 1335
  best_energy: 1336.0
  best_penalty: 1.0
  best_gap: 0
  elapsed_s: 718.1
  dag_hash: be1289a2e8385af5a1a7b1d3dabded99baafd1a813ac335aec31f60f40d4ce6f
  bundle_count: 1335
  baseline_cycles: 1335
  dependency_model: {'includes_raw': True, 'includes_waw': True, 'includes_war': True, 'temp_hazard_tags': True, 'read_after_read': False, 'latency': {'raw': 1, 'waw': 1, 'war': 0, 'temp': 1, 'default': 1}}
