energy_search: 2026-02-05 19:48:04
  mode=parity score_mode=bundle steps=500 seed=2
  schedule_every=0 unscheduled_score=skip
  mutate_count=4 mutate_sched=True
  sched_seed_domain=[0, 1, 2, 3, 4, 5, 6, 7, 8, 9, 10, 11, 12, 13, 14, 15, 16, 17, 18, 19, 20, 21, 22, 23, 24, 25, 26, 27, 28, 29, 30, 31, 32, 33, 34, 35, 36, 37, 38, 39, 40, 41, 42, 43, 44, 45, 46, 47, 48, 49, 50, 51, 52, 53, 54, 55, 56, 57, 58, 59, 60, 61, 62, 63]
  sched_jitter_domain=[0.0, 0.05, 0.1]
  sched_restarts_domain=[1, 2, 4, 8, 16, 32]
  sched_policies=['mix'] sched_restarts=10 sched_jitter=0.4
  hazards=['raw', 'temp', 'war', 'waw'] latency_raw=1 latency_waw=1 latency_war=0 latency_temp=1 latency_default=1
  gate=10.0 lambda=1.0 target=0 penalty=0.0
[   10] energy=1421.0 cycles=1420 lb=1249 best=1375.0
[   20] energy=1443.0 cycles=1442 lb=1319 best=1375.0
[   30] energy=1577.0 cycles=1576 lb=1323 best=1375.0
[   40] energy=1599.0 cycles=1598 lb=1320 best=1375.0
[   50] energy=1616.0 cycles=1615 lb=1317 best=1375.0
[   60] energy=1568.0 cycles=1567 lb=1384 best=1375.0
[   70] energy=1563.0 cycles=1562 lb=1328 best=1375.0
[   80] energy=1640.0 cycles=1638 lb=1323 best=1375.0
[   90] energy=1437.0 cycles=1435 lb=1246 best=1375.0
[  100] energy=1444.0 cycles=1442 lb=1257 best=1375.0
[  110] energy=1454.0 cycles=1453 lb=1257 best=1375.0
[  120] energy=1454.0 cycles=1453 lb=1257 best=1375.0
[  130] energy=1477.0 cycles=1476 lb=1190 best=1375.0
[  140] energy=1488.0 cycles=1487 lb=1320 best=1375.0
[  150] energy=1421.0 cycles=1420 lb=1325 best=1375.0
[  160] energy=1442.0 cycles=1441 lb=1221 best=1375.0
[  170] energy=1442.0 cycles=1441 lb=1221 best=1375.0
[  180] energy=1477.0 cycles=1476 lb=1256 best=1375.0
[  190] energy=1498.0 cycles=1497 lb=1345 best=1375.0
[  200] energy=1498.0 cycles=1497 lb=1345 best=1375.0
[  210] energy=1496.0 cycles=1495 lb=1353 best=1375.0
[  220] energy=1549.0 cycles=1548 lb=1353 best=1375.0
[  230] energy=1562.0 cycles=1561 lb=1356 best=1375.0
[  240] energy=1551.0 cycles=1550 lb=1351 best=1375.0
[  250] energy=1491.0 cycles=1490 lb=1315 best=1375.0
[  260] energy=1422.0 cycles=1420 lb=1245 best=1375.0
BEST step=264 energy=1374.0 cycles=1372 lb=1256 penalty=2.0 skipped=False policy=None
  spec={'rounds': 16, 'vectors': 32, 'vlen': 8, 'depth4_rounds': 0, 'x4': 0, 'x5': 0, 'flow_setup': 64, 'reset_on_valu': True, 'shifts_on_valu': False, 'offload_op1': 400, 'offload_hash_op1': False, 'offload_hash_shift': False, 'offload_hash_op2': False, 'offload_parity': False, 'offload_node_xor': True, 'use_bitmask_selection': True, 'selection_mode': 'bitmask', 'selection_mode_by_round': {11: 'mask_precompute', 12: 'mask_precompute', 13: 'mask_precompute', 14: 'mask_precompute'}, 'valu_select': False, 'node_ptr_incremental': False, 'idx_shifted': True, 'ptr_setup_engine': 'alu', 'setup_style': 'inline', 'include_setup': True, 'proof_assume_shifted_input': False, 'proof_reset_single_op': False, 'proof_skip_const_zero': False, 'valu_pad_cycles': 0, 'vector_block': 0, 'extra_vecs': 1, 'cached_nodes': None, 'base_cached_rounds': (0, 1, 2, 3, 11, 12, 13, 14), 'depth4_cached_rounds': (), 'cached_round_aliases': {}, 'cached_round_depth': {11: 0, 12: 1, 13: 2, 14: 3}, 'cached_round_x': {}, 'valu_cap': 6, 'alu_cap': 12, 'flow_cap': 1, 'load_cap': 2, 'store_cap': 2, 'total_cycles': 1312, 'sched_seed': 26, 'sched_jitter': 0.1, 'sched_restarts': 2, 'use_temp_deps': True}
BEST step=265 energy=1354.0 cycles=1352 lb=1256 penalty=2.0 skipped=False policy=None
  spec={'rounds': 16, 'vectors': 32, 'vlen': 8, 'depth4_rounds': 0, 'x4': 0, 'x5': 0, 'flow_setup': 64, 'reset_on_valu': True, 'shifts_on_valu': False, 'offload_op1': 400, 'offload_hash_op1': False, 'offload_hash_shift': False, 'offload_hash_op2': False, 'offload_parity': False, 'offload_node_xor': True, 'use_bitmask_selection': True, 'selection_mode': 'bitmask', 'selection_mode_by_round': {11: 'mask_precompute', 12: 'mask_precompute', 13: 'mask_precompute', 14: 'mask_precompute'}, 'valu_select': False, 'node_ptr_incremental': False, 'idx_shifted': True, 'ptr_setup_engine': 'flow', 'setup_style': 'inline', 'include_setup': True, 'proof_assume_shifted_input': False, 'proof_reset_single_op': False, 'proof_skip_const_zero': False, 'valu_pad_cycles': 0, 'vector_block': 0, 'extra_vecs': 1, 'cached_nodes': None, 'base_cached_rounds': (0, 1, 2, 3, 11, 12, 13, 14), 'depth4_cached_rounds': (), 'cached_round_aliases': {}, 'cached_round_depth': {}, 'cached_round_x': {}, 'valu_cap': 6, 'alu_cap': 12, 'flow_cap': 1, 'load_cap': 2, 'store_cap': 2, 'total_cycles': 1312, 'sched_seed': 26, 'sched_jitter': 0.1, 'sched_restarts': 2, 'use_temp_deps': True}
[  270] energy=1365.0 cycles=1363 lb=1259 best=1354.0
BEST step=276 energy=1353.0 cycles=1351 lb=1248 penalty=2.0 skipped=False policy=None
  spec={'rounds': 16, 'vectors': 32, 'vlen': 8, 'depth4_rounds': 1, 'x4': 0, 'x5': 0, 'flow_setup': 64, 'reset_on_valu': False, 'shifts_on_valu': True, 'offload_op1': 400, 'offload_hash_op1': False, 'offload_hash_shift': False, 'offload_hash_op2': False, 'offload_parity': False, 'offload_node_xor': True, 'use_bitmask_selection': True, 'selection_mode': 'bitmask', 'selection_mode_by_round': {11: 'mask_precompute', 12: 'mask_precompute', 13: 'mask_precompute', 14: 'mask_precompute'}, 'valu_select': False, 'node_ptr_incremental': False, 'idx_shifted': True, 'ptr_setup_engine': 'flow', 'setup_style': 'inline', 'include_setup': True, 'proof_assume_shifted_input': False, 'proof_reset_single_op': False, 'proof_skip_const_zero': False, 'valu_pad_cycles': 0, 'vector_block': 0, 'extra_vecs': 1, 'cached_nodes': None, 'base_cached_rounds': (0, 1, 2, 3, 11, 12, 13, 14), 'depth4_cached_rounds': (4,), 'cached_round_aliases': {}, 'cached_round_depth': {}, 'cached_round_x': {}, 'valu_cap': 6, 'alu_cap': 12, 'flow_cap': 1, 'load_cap': 2, 'store_cap': 2, 'total_cycles': 1312, 'sched_seed': 26, 'sched_jitter': 0.1, 'sched_restarts': 8, 'use_temp_deps': True}
[  280] energy=1353.0 cycles=1351 lb=1248 best=1353.0
[  290] energy=1353.0 cycles=1351 lb=1248 best=1353.0
[  300] energy=1353.0 cycles=1351 lb=1248 best=1353.0
[  310] energy=1422.0 cycles=1420 lb=1317 best=1353.0
[  320] energy=1415.0 cycles=1413 lb=1317 best=1353.0
[  330] energy=1394.0 cycles=1392 lb=1328 best=1353.0
[  340] energy=1394.0 cycles=1392 lb=1331 best=1353.0
[  350] energy=1383.0 cycles=1381 lb=1248 best=1353.0
[  360] energy=1386.0 cycles=1384 lb=1248 best=1353.0
[  370] energy=1386.0 cycles=1385 lb=1248 best=1353.0
[  380] energy=1387.0 cycles=1386 lb=1312 best=1353.0
[  390] energy=1381.0 cycles=1380 lb=1309 best=1353.0
[  400] energy=1368.0 cycles=1367 lb=1309 best=1353.0
[  410] energy=1368.0 cycles=1367 lb=1309 best=1353.0
[  420] energy=1380.0 cycles=1379 lb=1181 best=1353.0
[  430] energy=1373.0 cycles=1372 lb=1181 best=1353.0
[  440] energy=1373.0 cycles=1372 lb=1181 best=1353.0
[  450] energy=1372.0 cycles=1371 lb=1181 best=1353.0
[  460] energy=1372.0 cycles=1371 lb=1181 best=1353.0
[  470] energy=1372.0 cycles=1371 lb=1181 best=1353.0
[  480] energy=1376.0 cycles=1375 lb=1181 best=1353.0
[  490] energy=1366.0 cycles=1365 lb=1179 best=1353.0
BEST step=494 energy=1350.0 cycles=1349 lb=1179 penalty=1.0 skipped=False policy=None
  spec={'rounds': 16, 'vectors': 32, 'vlen': 8, 'depth4_rounds': 0, 'x4': 0, 'x5': 0, 'flow_setup': 64, 'reset_on_valu': False, 'shifts_on_valu': True, 'offload_op1': 800, 'offload_hash_op1': False, 'offload_hash_shift': False, 'offload_hash_op2': True, 'offload_parity': False, 'offload_node_xor': False, 'use_bitmask_selection': True, 'selection_mode': 'bitmask', 'selection_mode_by_round': {11: 'mask_precompute', 12: 'mask_precompute', 13: 'mask_precompute', 14: 'mask_precompute'}, 'valu_select': False, 'node_ptr_incremental': False, 'idx_shifted': True, 'ptr_setup_engine': 'alu', 'setup_style': 'inline', 'include_setup': True, 'proof_assume_shifted_input': False, 'proof_reset_single_op': False, 'proof_skip_const_zero': False, 'valu_pad_cycles': 0, 'vector_block': 4, 'extra_vecs': 3, 'cached_nodes': None, 'base_cached_rounds': (0, 1, 2, 3, 11, 12, 13, 14), 'depth4_cached_rounds': (), 'cached_round_aliases': {}, 'cached_round_depth': {}, 'cached_round_x': {}, 'valu_cap': 6, 'alu_cap': 12, 'flow_cap': 1, 'load_cap': 2, 'store_cap': 2, 'total_cycles': 1312, 'sched_seed': 53, 'sched_jitter': 0.1, 'sched_restarts': 32, 'use_temp_deps': True}
[  500] energy=1350.0 cycles=1349 lb=1179 best=1350.0
best_score: {"constraint_penalty": 1.0, "constraint_violations": ["soft: selection_mode_by_round mask_precompute with extra_vecs < 4"], "counts": {"alu": 11344, "flow": 736, "load": 2157, "store": 32, "valu": 7069}, "cycles": 1349, "energy": 1350.0, "gap": 0, "lb": 1179, "policy": null}
best_spec: {"alu_cap": 12, "base_cached_rounds": [0, 1, 2, 3, 11, 12, 13, 14], "cached_nodes": null, "cached_round_aliases": {}, "cached_round_depth": {}, "cached_round_x": {}, "depth4_cached_rounds": [], "depth4_rounds": 0, "extra_vecs": 3, "flow_cap": 1, "flow_setup": 64, "idx_shifted": true, "include_setup": true, "load_cap": 2, "node_ptr_incremental": false, "offload_hash_op1": false, "offload_hash_op2": true, "offload_hash_shift": false, "offload_node_xor": false, "offload_op1": 800, "offload_parity": false, "proof_assume_shifted_input": false, "proof_reset_single_op": false, "proof_skip_const_zero": false, "ptr_setup_engine": "alu", "reset_on_valu": false, "rounds": 16, "sched_jitter": 0.1, "sched_restarts": 32, "sched_seed": 53, "selection_mode": "bitmask", "selection_mode_by_round": {"11": "mask_precompute", "12": "mask_precompute", "13": "mask_precompute", "14": "mask_precompute"}, "setup_style": "inline", "shifts_on_valu": true, "store_cap": 2, "total_cycles": 1312, "use_bitmask_selection": true, "use_temp_deps": true, "valu_cap": 6, "valu_pad_cycles": 0, "valu_select": false, "vector_block": 4, "vectors": 32, "vlen": 8, "x4": 0, "x5": 0}
summary:
  mode: parity
  score_mode: bundle
  schedule_every: 0 (unscheduled_score=skip)
  mutate_count: 4 mutate_sched: True
  sched_policies: ['mix'] (tie-break: earliest policy)
  engine_order: ['alu', 'valu', 'load', 'store', 'flow']
  caps_source: SLOT_LIMITS
  hazards: ['raw', 'temp', 'war', 'waw']
  latency: raw=1 waw=1 war=0 temp=1 default=1
  gate: 10.0
  lambda: 1.0
  fallback_cycles: 10000
  best_cycles: 1349
  best_energy: 1350.0
  best_penalty: 1.0
  best_gap: 0
  dag_hash: 34499ae290a930f0b248237a49149dbf85b45f80200f25864a28d4349843d11c
  bundle_count: 1349
  baseline_cycles: 1349
  dependency_model: {'includes_raw': True, 'includes_waw': True, 'includes_war': True, 'temp_hazard_tags': True, 'read_after_read': False, 'latency': {'raw': 1, 'waw': 1, 'war': 0, 'temp': 1, 'default': 1}}
