energy_search: 2026-02-07 15:58:18
  mode=parity score_mode=bundle steps=0 seed=0
  schedule_every=0 unscheduled_score=skip
  mutate_count=1 mutate_sched=False
  mutate_keys=['base_cached_rounds', 'cached_nodes', 'depth4_rounds', 'extra_vecs', 'hash_bitwise_style', 'hash_variant', 'idx_shifted', 'node_ptr_incremental', 'offload_hash_op1', 'offload_hash_op2', 'offload_hash_shift', 'offload_node_xor', 'offload_op1', 'offload_parity', 'partial_cache', 'ptr_setup_engine', 'reset_on_valu', 'selection_by_round', 'selection_mode', 'setup_style', 'shifts_on_valu', 'valu_select', 'vector_block', 'x4']
  sched_policies=['mix'] sched_restarts=10 sched_jitter=0.4
  hazards=['raw', 'temp', 'war', 'waw'] latency_raw=1 latency_waw=1 latency_war=0 latency_temp=1 latency_default=1
  gate=10.0 lambda=1.0 target=0 penalty=100.0
  log_file=tmp/spec_d4_valu_round15_valu_select.log
best_score: {"constraint_penalty": 0.0, "constraint_violations": [], "counts": {"alu": 11488, "flow": 576, "load": 1930, "store": 32, "valu": 8854}, "cycles": 7636, "energy": 7636.0, "gap": 0, "lb": 1476, "policy": null}
best_spec: {"alu_cap": 12, "base_cached_rounds": [0, 1, 2, 3, 11, 12, 13, 14], "cached_nodes": 31, "cached_round_aliases": {}, "cached_round_depth": {}, "cached_round_x": {}, "depth4_cached_rounds": [15], "depth4_rounds": 1, "extra_vecs": 3, "flow_cap": 1, "flow_setup": 64, "hash_bitwise_style": "inplace", "hash_variant": "direct", "hash_xor_style": "baseline", "idx_shifted": true, "include_setup": true, "load_cap": 2, "node_ptr_incremental": false, "offload_budget_hash_op1": 0, "offload_budget_hash_op2": 12, "offload_budget_hash_shift": 12, "offload_budget_node_xor": 384, "offload_budget_parity": 416, "offload_hash_op1": false, "offload_hash_op2": true, "offload_hash_shift": true, "offload_mode": "budgeted", "offload_node_xor": true, "offload_op1": 800, "offload_parity": true, "proof_assume_shifted_input": false, "proof_reset_single_op": false, "proof_skip_const_zero": false, "ptr_setup_engine": "flow", "reset_on_valu": false, "rounds": 16, "sched_jitter": 0.1, "sched_restarts": 2, "sched_seed": 9, "selection_mode": "bitmask", "selection_mode_by_round": {"11": "eq", "12": "eq", "13": "eq", "14": "eq", "15": "bitmask_valu"}, "setup_style": "inline", "shifts_on_valu": true, "store_cap": 2, "total_cycles": 1312, "use_bitmask_selection": true, "use_temp_deps": true, "valu_cap": 6, "valu_pad_cycles": 0, "valu_select": true, "vector_block": 0, "vectors": 32, "vlen": 8, "x4": 32, "x5": 0}
summary:
  mode: parity
  score_mode: bundle
  schedule_every: 0 (unscheduled_score=skip)
  mutate_count: 1 mutate_sched: False
  sched_policies: ['mix'] (tie-break: earliest policy)
  engine_order: ['alu', 'valu', 'load', 'store', 'flow']
  caps_source: SLOT_LIMITS
  hazards: ['raw', 'temp', 'war', 'waw']
  latency: raw=1 waw=1 war=0 temp=1 default=1
  gate: 10.0
  lambda: 1.0
  fallback_cycles: 10000
  best_cycles: 7636
  best_energy: 7636.0
  best_penalty: 0.0
  best_gap: 0
  elapsed_s: 0.5
  dag_hash: 6c7ae92bbe0d3e8737f51493c8e7a711db0e4b8ba75414747ae754fe4a82299c
  bundle_count: 7636
  baseline_cycles: 7636
  dependency_model: {'includes_raw': True, 'includes_waw': True, 'includes_war': True, 'temp_hazard_tags': True, 'read_after_read': False, 'latency': {'raw': 1, 'waw': 1, 'war': 0, 'temp': 1, 'default': 1}}
