energy_search: 2026-02-12 21:45:13
  mode=parity score_mode=bundle steps=120 seed=20260214
  schedule_every=0 unscheduled_score=skip
  mutate_count=2 mutate_sched=False
  mutate_keys=['emit_order', 'extra_vecs', 'fuse_stages', 'hash_bitwise_style', 'hash_linear_style', 'hash_prog_variant', 'hash_variant', 'hash_xor_style', 'node_ptr_incremental', 'offload_budget_hash_op2', 'offload_budget_hash_shift', 'offload_budget_node_xor', 'offload_budget_parity', 'offload_budget_swaps', 'offload_hash_op2', 'offload_hash_shift', 'offload_node_xor', 'offload_parity', 'partial_cache', 'ptr_setup_engine', 'selection_by_round', 'selection_mode', 'temp_rename_mode', 'temp_rename_window', 'use_temp_deps_extras', 'valu_select', 'valu_select_leaf_pairs', 'valu_select_precompute_diffs', 'valu_select_rounds', 'vector_block']
  offload_swap_cfg=cats=('parity', 'node_xor', 'hash_op2', 'hash_shift') span=640 max_per_cat=4
  sched_policies=['baseline'] sched_restarts=2 sched_jitter=0.1
  hazards=['raw', 'temp', 'war', 'waw'] latency_raw=1 latency_waw=1 latency_war=0 latency_temp=1 latency_default=1
  gate=10.0 bundle_gap_threshold=-1 lambda=1.0 target=0 penalty=100.0
  log_file=tmp/logs/campaign_hash_family_s2.log
[   20] t=13.9s energy=1302.0 cycles=1302 lb=1170 best=1288.0
[   40] t=27.5s energy=1338.0 cycles=1338 lb=1226 best=1288.0
[   60] t=41.9s energy=1384.0 cycles=1384 lb=1240 best=1288.0
[   80] t=56.3s energy=1366.0 cycles=1366 lb=1189 best=1288.0
[  100] t=69.9s energy=1388.0 cycles=1388 lb=1256 best=1288.0
[  120] t=84.5s energy=1368.0 cycles=1368 lb=1181 best=1288.0
best_score: {"constraint_penalty": 0.0, "constraint_violations": [], "counts": {"alu": 11472, "flow": 800, "load": 2157, "store": 32, "valu": 7045}, "cycles": 1288, "energy": 1288.0, "gap": 0, "lb": 1175, "policy": null, "precheck": {"critical_path": 858, "lb": 1175, "max_idle_ratio": 0.9898348157560356, "predicted_gap": 399, "quick_cycles": 1574, "starvation_ratio": 0.0}}
best_spec: {"alu_cap": 12, "assume_zero_indices": false, "base_cached_rounds": [0, 1, 2, 3, 11, 12, 13, 14], "binsearch_select": false, "cached_nodes": 15, "cached_round_aliases": {}, "cached_round_depth": {}, "cached_round_x": {}, "depth4_cached_rounds": [], "depth4_rounds": 0, "emit_order": "auto", "extra_vecs": 3, "flow_cap": 1, "flow_setup": 64, "fuse_stages": false, "hash_bitwise_style": "inplace", "hash_bitwise_style_by_stage": {}, "hash_linear_style": "muladd", "hash_prog": null, "hash_prog_variant": "none", "hash_variant": "direct", "hash_xor_style": "baseline", "hash_xor_style_by_stage": {}, "idx_shifted": true, "include_setup": true, "load_cap": 2, "node_ptr_incremental": false, "offload_alu_vec": false, "offload_budget_hash_op1": 0, "offload_budget_hash_op2": 12, "offload_budget_hash_shift": 12, "offload_budget_node_xor": 384, "offload_budget_parity": 416, "offload_budget_swaps": {"hash_op2": [[5, 989], [8, 34], [10, 312]], "node_xor": [[58, 511], [273, 458], [298, 474], [349, 444]], "parity": [[218, 439]]}, "offload_hash_op1": false, "offload_hash_op2": true, "offload_hash_shift": true, "offload_mode": "budgeted", "offload_node_xor": true, "offload_op1": 800, "offload_parity": true, "proof_assume_shifted_input": false, "proof_reset_single_op": false, "proof_skip_const_zero": false, "ptr_setup_engine": "flow", "reset_on_valu": false, "rounds": 16, "sched_compact": false, "sched_deps_variant": "full", "sched_jitter": 0.1, "sched_policy": "baseline", "sched_repair_passes": 0, "sched_repair_try_swap": false, "sched_restarts": 2, "sched_seed": 9, "sched_target_cycles": null, "selection_mode": "bitmask", "selection_mode_by_round": {"11": "eq", "12": "eq", "13": "eq", "14": "eq"}, "setup_style": "inline", "shifts_on_valu": true, "store_cap": 2, "temp_rename_mode": "off", "temp_rename_window": 8, "total_cycles": 1312, "use_bitmask_selection": true, "use_temp_deps": true, "use_temp_deps_extras": true, "valu_cap": 6, "valu_pad_cycles": 0, "valu_select": false, "valu_select_leaf_pairs": false, "valu_select_precompute_diffs": true, "valu_select_rounds": null, "vector_block": 0, "vectors": 32, "vlen": 8, "x4": 0, "x5": 0}
summary:
  mode: parity
  score_mode: bundle
  schedule_every: 0 (unscheduled_score=skip)
  mutate_count: 2 mutate_sched: False
  sched_policies: ['baseline'] (tie-break: earliest policy)
  engine_order: ['alu', 'valu', 'load', 'store', 'flow']
  caps_source: SLOT_LIMITS
  hazards: ['raw', 'temp', 'war', 'waw']
  latency: raw=1 waw=1 war=0 temp=1 default=1
  gate: 10.0
  lambda: 1.0
  fallback_cycles: 10000
  best_cycles: 1288
  best_energy: 1288.0
  best_penalty: 0.0
  best_gap: 0
  elapsed_s: 85.2
  dag_hash: 0eef076b1ff48937548618f097be65c5a3cf9fbdabadbfd5dab1cee3c1b7debe
  bundle_count: 1288
  baseline_cycles: 1288
  dependency_model: {'includes_raw': True, 'includes_waw': True, 'includes_war': True, 'temp_hazard_tags': True, 'read_after_read': False, 'latency': {'raw': 1, 'waw': 1, 'war': 0, 'temp': 1, 'default': 1}}
