energy_search: 2026-02-05 20:12:15
  mode=parity score_mode=bundle steps=800 seed=12
  schedule_every=0 unscheduled_score=skip
  mutate_count=4 mutate_sched=True
  sched_seed_domain=[0, 1, 2, 3, 4, 5, 6, 7, 8, 9, 10, 11, 12, 13, 14, 15, 16, 17, 18, 19, 20, 21, 22, 23, 24, 25, 26, 27, 28, 29, 30, 31, 32, 33, 34, 35, 36, 37, 38, 39, 40, 41, 42, 43, 44, 45, 46, 47, 48, 49, 50, 51, 52, 53, 54, 55, 56, 57, 58, 59, 60, 61, 62, 63]
  sched_jitter_domain=[0.0, 0.05, 0.1]
  sched_restarts_domain=[1, 2, 4, 8, 16, 32]
  sched_policies=['mix'] sched_restarts=10 sched_jitter=0.4
  hazards=['raw', 'temp', 'war', 'waw'] latency_raw=1 latency_waw=1 latency_war=0 latency_temp=1 latency_default=1
  gate=10.0 lambda=1.0 target=0 penalty=0.0
[   10] t=37.3s energy=1350.0 cycles=1349 lb=1179 best=1350.0
[   20] t=65.6s energy=1390.0 cycles=1389 lb=1179 best=1350.0
[   30] t=69.5s energy=1489.0 cycles=1488 lb=1181 best=1350.0
[   40] t=70.9s energy=1587.0 cycles=1584 lb=1221 best=1350.0
[   50] t=72.3s energy=1516.0 cycles=1512 lb=1221 best=1350.0
[   60] t=73.5s energy=1497.0 cycles=1493 lb=1221 best=1350.0
[   70] t=75.8s energy=1485.0 cycles=1481 lb=1221 best=1350.0
[   80] t=77.7s energy=1535.0 cycles=1532 lb=1189 best=1350.0
[   90] t=79.7s energy=1540.0 cycles=1536 lb=1192 best=1350.0
[  100] t=93.5s energy=1547.0 cycles=1544 lb=1181 best=1350.0
[  110] t=95.2s energy=1533.0 cycles=1530 lb=1181 best=1350.0
[  120] t=97.2s energy=1541.0 cycles=1538 lb=1192 best=1350.0
[  130] t=114.5s energy=1568.0 cycles=1567 lb=1372 best=1350.0
[  140] t=136.5s energy=1562.0 cycles=1561 lb=1367 best=1350.0
[  150] t=142.2s energy=1541.0 cycles=1540 lb=1330 best=1350.0
[  160] t=146.5s energy=1559.0 cycles=1558 lb=1343 best=1350.0
[  170] t=150.3s energy=1567.5 cycles=1566 lb=1343 best=1350.0
[  180] t=152.1s energy=1598.0 cycles=1597 lb=1349 best=1350.0
[  190] t=157.0s energy=1617.5 cycles=1616 lb=1344 best=1350.0
[  200] t=159.5s energy=1610.5 cycles=1609 lb=1366 best=1350.0
[  210] t=161.4s energy=1602.5 cycles=1601 lb=1312 best=1350.0
[  220] t=163.3s energy=1562.0 cycles=1561 lb=1312 best=1350.0
[  230] t=165.2s energy=1590.5 cycles=1589 lb=1317 best=1350.0
[  240] t=167.0s energy=1556.5 cycles=1555 lb=1324 best=1350.0
[  250] t=169.2s energy=1534.0 cycles=1533 lb=1334 best=1350.0
[  260] t=170.8s energy=1550.0 cycles=1549 lb=1334 best=1350.0
[  270] t=179.5s energy=1544.0 cycles=1543 lb=1334 best=1350.0
[  280] t=194.5s energy=1543.0 cycles=1542 lb=1334 best=1350.0
[  290] t=200.4s energy=1543.0 cycles=1542 lb=1334 best=1350.0
[  300] t=208.0s energy=1543.0 cycles=1542 lb=1334 best=1350.0
[  310] t=217.4s energy=1541.0 cycles=1540 lb=1334 best=1350.0
[  320] t=229.1s energy=1546.0 cycles=1545 lb=1334 best=1350.0
[  330] t=233.3s energy=1545.0 cycles=1544 lb=1248 best=1350.0
[  340] t=239.3s energy=1544.0 cycles=1543 lb=1334 best=1350.0
[  350] t=255.2s energy=1508.0 cycles=1507 lb=1334 best=1350.0
[  360] t=279.2s energy=1510.0 cycles=1509 lb=1334 best=1350.0
[  370] t=293.7s energy=1459.0 cycles=1458 lb=1334 best=1350.0
[  380] t=313.0s energy=1459.0 cycles=1458 lb=1334 best=1350.0
[  390] t=317.8s energy=1493.0 cycles=1492 lb=1334 best=1350.0
[  400] t=336.3s energy=1493.0 cycles=1492 lb=1334 best=1350.0
[  410] t=354.9s energy=1457.0 cycles=1456 lb=1334 best=1350.0
[  420] t=372.2s energy=1457.0 cycles=1456 lb=1334 best=1350.0
[  430] t=376.2s energy=1459.0 cycles=1458 lb=1334 best=1350.0
[  440] t=378.0s energy=1459.0 cycles=1458 lb=1334 best=1350.0
[  450] t=380.2s energy=1459.0 cycles=1458 lb=1334 best=1350.0
[  460] t=383.7s energy=1459.0 cycles=1458 lb=1334 best=1350.0
[  470] t=388.4s energy=1459.0 cycles=1458 lb=1334 best=1350.0
[  480] t=390.8s energy=1459.0 cycles=1458 lb=1334 best=1350.0
[  490] t=422.1s energy=1454.0 cycles=1453 lb=1334 best=1350.0
[  500] t=452.2s energy=1454.0 cycles=1453 lb=1334 best=1350.0
[  510] t=495.9s energy=1460.0 cycles=1459 lb=1334 best=1350.0
[  520] t=538.9s energy=1460.0 cycles=1459 lb=1334 best=1350.0
[  530] t=579.0s energy=1460.0 cycles=1459 lb=1334 best=1350.0
[  540] t=630.5s energy=1459.0 cycles=1458 lb=1334 best=1350.0
[  550] t=633.5s energy=1459.0 cycles=1458 lb=1334 best=1350.0
[  560] t=665.8s energy=1457.0 cycles=1456 lb=1334 best=1350.0
[  570] t=674.7s energy=1457.0 cycles=1456 lb=1334 best=1350.0
[  580] t=1792.9s energy=1457.0 cycles=1456 lb=1334 best=1350.0
[  590] t=1803.0s energy=1457.0 cycles=1456 lb=1334 best=1350.0
[  600] t=1813.8s energy=1459.0 cycles=1458 lb=1334 best=1350.0
[  610] t=1824.1s energy=1460.0 cycles=1459 lb=1334 best=1350.0
[  620] t=1836.6s energy=1460.0 cycles=1459 lb=1334 best=1350.0
[  630] t=1846.5s energy=1460.0 cycles=1459 lb=1334 best=1350.0
[  640] t=1882.0s energy=1458.0 cycles=1457 lb=1334 best=1350.0
[  650] t=1901.8s energy=1458.0 cycles=1457 lb=1334 best=1350.0
[  660] t=1919.5s energy=1458.0 cycles=1457 lb=1334 best=1350.0
[  670] t=1939.7s energy=1455.0 cycles=1454 lb=1334 best=1350.0
[  680] t=1969.4s energy=1456.0 cycles=1455 lb=1334 best=1350.0
[  690] t=1981.9s energy=1456.0 cycles=1455 lb=1334 best=1350.0
[  700] t=1987.9s energy=1456.0 cycles=1455 lb=1334 best=1350.0
[  710] t=1996.7s energy=1457.0 cycles=1456 lb=1334 best=1350.0
[  720] t=2019.9s energy=1456.0 cycles=1455 lb=1334 best=1350.0
[  730] t=2044.4s energy=1456.0 cycles=1455 lb=1334 best=1350.0
[  740] t=2054.8s energy=1456.0 cycles=1455 lb=1334 best=1350.0
[  750] t=2075.6s energy=1456.0 cycles=1455 lb=1334 best=1350.0
[  760] t=2096.4s energy=1456.0 cycles=1455 lb=1334 best=1350.0
[  770] t=2112.6s energy=1454.0 cycles=1453 lb=1334 best=1350.0
[  780] t=2127.8s energy=1454.0 cycles=1453 lb=1334 best=1350.0
[  790] t=2154.0s energy=1454.0 cycles=1453 lb=1334 best=1350.0
[  800] t=2189.8s energy=1454.0 cycles=1453 lb=1334 best=1350.0
best_score: {"constraint_penalty": 1.0, "constraint_violations": ["soft: selection_mode_by_round mask_precompute with extra_vecs < 4"], "counts": {"alu": 11344, "flow": 736, "load": 2157, "store": 32, "valu": 7069}, "cycles": 1349, "energy": 1350.0, "gap": 0, "lb": 1179, "policy": null}
best_spec: {"alu_cap": 12, "base_cached_rounds": [0, 1, 2, 3, 11, 12, 13, 14], "cached_nodes": null, "cached_round_aliases": {}, "cached_round_depth": {}, "cached_round_x": {}, "depth4_cached_rounds": [], "depth4_rounds": 0, "extra_vecs": 3, "flow_cap": 1, "flow_setup": 64, "idx_shifted": true, "include_setup": true, "load_cap": 2, "node_ptr_incremental": false, "offload_hash_op1": false, "offload_hash_op2": true, "offload_hash_shift": false, "offload_node_xor": false, "offload_op1": 800, "offload_parity": false, "proof_assume_shifted_input": false, "proof_reset_single_op": false, "proof_skip_const_zero": false, "ptr_setup_engine": "alu", "reset_on_valu": false, "rounds": 16, "sched_jitter": 0.1, "sched_restarts": 32, "sched_seed": 53, "selection_mode": "bitmask", "selection_mode_by_round": {"11": "mask_precompute", "12": "mask_precompute", "13": "mask_precompute", "14": "mask_precompute"}, "setup_style": "inline", "shifts_on_valu": true, "store_cap": 2, "total_cycles": 1312, "use_bitmask_selection": true, "use_temp_deps": true, "valu_cap": 6, "valu_pad_cycles": 0, "valu_select": false, "vector_block": 4, "vectors": 32, "vlen": 8, "x4": 0, "x5": 0}
summary:
  mode: parity
  score_mode: bundle
  schedule_every: 0 (unscheduled_score=skip)
  mutate_count: 4 mutate_sched: True
  sched_policies: ['mix'] (tie-break: earliest policy)
  engine_order: ['alu', 'valu', 'load', 'store', 'flow']
  caps_source: SLOT_LIMITS
  hazards: ['raw', 'temp', 'war', 'waw']
  latency: raw=1 waw=1 war=0 temp=1 default=1
  gate: 10.0
  lambda: 1.0
  fallback_cycles: 10000
  best_cycles: 1349
  best_energy: 1350.0
  best_penalty: 1.0
  best_gap: 0
  elapsed_s: 2195.0
  dag_hash: 34499ae290a930f0b248237a49149dbf85b45f80200f25864a28d4349843d11c
  bundle_count: 1349
  baseline_cycles: 1349
  dependency_model: {'includes_raw': True, 'includes_waw': True, 'includes_war': True, 'temp_hazard_tags': True, 'read_after_read': False, 'latency': {'raw': 1, 'waw': 1, 'war': 0, 'temp': 1, 'default': 1}}
