energy_search: 2026-02-05 19:43:27
  mode=parity score_mode=bundle steps=40 seed=1
  schedule_every=0 unscheduled_score=skip
  mutate_count=4 mutate_sched=True
  sched_seed_domain=[0, 1, 2, 3, 4, 5, 6, 7, 8, 9, 10, 11, 12, 13, 14, 15, 16, 17, 18, 19, 20, 21, 22, 23, 24, 25, 26, 27, 28, 29, 30, 31, 32, 33, 34, 35, 36, 37, 38, 39, 40, 41, 42, 43, 44, 45, 46, 47, 48, 49, 50, 51, 52, 53, 54, 55, 56, 57, 58, 59, 60, 61, 62, 63]
  sched_jitter_domain=[0.0, 0.05, 0.1]
  sched_restarts_domain=[1, 2, 4, 8, 16, 32]
  sched_policies=['mix'] sched_restarts=10 sched_jitter=0.4
  hazards=['raw', 'temp', 'war', 'waw'] latency_raw=1 latency_waw=1 latency_war=0 latency_temp=1 latency_default=1
  gate=10.0 lambda=1.0 target=0 penalty=100.0
[    2] energy=1375.0 cycles=1372 lb=1183 best=1375.0
[    4] energy=1375.0 cycles=1372 lb=1183 best=1375.0
[    6] energy=1442.0 cycles=1439 lb=1253 best=1375.0
[    8] energy=1442.0 cycles=1439 lb=1253 best=1375.0
[   10] energy=1412.0 cycles=1409 lb=1244 best=1375.0
[   12] energy=1412.0 cycles=1409 lb=1244 best=1375.0
[   14] energy=1448.0 cycles=1445 lb=1244 best=1375.0
[   16] energy=1444.0 cycles=1441 lb=1244 best=1375.0
[   18] energy=1444.0 cycles=1441 lb=1244 best=1375.0
[   20] energy=1444.0 cycles=1441 lb=1244 best=1375.0
[   22] energy=1444.0 cycles=1441 lb=1244 best=1375.0
[   24] energy=1444.0 cycles=1441 lb=1244 best=1375.0
[   26] energy=1453.0 cycles=1450 lb=1244 best=1375.0
[   28] energy=1453.0 cycles=1450 lb=1244 best=1375.0
[   30] energy=1453.0 cycles=1450 lb=1244 best=1375.0
[   32] energy=1467.0 cycles=1464 lb=1244 best=1375.0
[   34] energy=1467.0 cycles=1464 lb=1244 best=1375.0
[   36] energy=1467.0 cycles=1464 lb=1244 best=1375.0
[   38] energy=1447.0 cycles=1444 lb=1183 best=1375.0
[   40] energy=1444.0 cycles=1441 lb=1183 best=1375.0
best_score: {"constraint_penalty": 3.0, "constraint_violations": ["soft: mask_precompute with extra_vecs < 4"], "counts": {"alu": 13152, "flow": 936, "load": 2250, "store": 32, "valu": 7094}, "cycles": 1372, "energy": 1375.0, "gap": 0, "lb": 1183, "policy": null}
best_spec: {"alu_cap": 12, "base_cached_rounds": [0, 1, 2, 11, 12, 13, 14], "cached_nodes": 31, "cached_round_aliases": {}, "cached_round_depth": {}, "cached_round_x": {}, "depth4_cached_rounds": [4], "depth4_rounds": 1, "extra_vecs": 0, "flow_cap": 1, "flow_setup": 64, "idx_shifted": true, "include_setup": true, "load_cap": 2, "node_ptr_incremental": true, "offload_hash_op1": true, "offload_hash_op2": true, "offload_hash_shift": true, "offload_node_xor": true, "offload_op1": 800, "offload_parity": false, "proof_assume_shifted_input": false, "proof_reset_single_op": false, "proof_skip_const_zero": false, "ptr_setup_engine": "flow", "reset_on_valu": false, "rounds": 16, "sched_jitter": 0.1, "sched_restarts": 32, "sched_seed": 364, "selection_mode": "mask_precompute", "selection_mode_by_round": {}, "setup_style": "inline", "shifts_on_valu": true, "store_cap": 2, "total_cycles": 1312, "use_bitmask_selection": false, "use_temp_deps": true, "valu_cap": 6, "valu_pad_cycles": 0, "valu_select": false, "vector_block": 8, "vectors": 32, "vlen": 8, "x4": 24, "x5": 0}
summary:
  mode: parity
  score_mode: bundle
  schedule_every: 0 (unscheduled_score=skip)
  mutate_count: 4 mutate_sched: True
  sched_policies: ['mix'] (tie-break: earliest policy)
  engine_order: ['alu', 'valu', 'load', 'store', 'flow', 'debug']
  caps_source: SLOT_LIMITS
  hazards: ['raw', 'temp', 'war', 'waw']
  latency: raw=1 waw=1 war=0 temp=1 default=1
  gate: 10.0
  lambda: 1.0
  fallback_cycles: 10000
  best_cycles: 1372
  best_energy: 1375.0
  best_penalty: 3.0
  best_gap: 0
  dag_hash: a62d66fa14c407a963f323a45ec0d486650fa7a530b2d13d47c71d9bc4a147b9
  bundle_count: 1372
  baseline_cycles: 1372
  dependency_model: {'includes_raw': True, 'includes_waw': True, 'includes_war': True, 'temp_hazard_tags': True, 'read_after_read': False, 'latency': {'raw': 1, 'waw': 1, 'war': 0, 'temp': 1, 'default': 1}}
