energy_search: 2026-02-11 09:33:59
  mode=parity score_mode=bundle steps=600 seed=303
  schedule_every=1 unscheduled_score=skip
  mutate_count=3 mutate_sched=True
  mutate_keys=['assume_zero_indices', 'base_cached_rounds', 'cached_nodes', 'depth4_rounds', 'emit_order', 'extra_vecs', 'hash_bitwise_style', 'hash_variant', 'hash_xor_style', 'idx_shifted', 'node_ptr_incremental', 'offload_budget_hash_op1', 'offload_budget_hash_op2', 'offload_budget_hash_shift', 'offload_budget_node_xor', 'offload_budget_parity', 'offload_budget_swaps', 'offload_hash_op1', 'offload_hash_op2', 'offload_hash_shift', 'offload_mode', 'offload_node_xor', 'offload_op1', 'offload_parity', 'partial_cache', 'ptr_setup_engine', 'reset_on_valu', 'sched_compact', 'sched_jitter', 'sched_policy', 'sched_restarts', 'sched_seed', 'selection_by_round', 'selection_mode', 'setup_style', 'shifts_on_valu', 'use_temp_deps', 'use_temp_deps_extras', 'valu_select', 'valu_select_precompute_diffs', 'valu_select_rounds', 'vector_block', 'x4']
  offload_swap_cfg=cats=('parity', 'node_xor', 'hash_op2', 'hash_shift') span=1024 max_per_cat=3
  sched_seed_domain=[0, 1, 2, 3, 4, 5, 6, 7, 8, 9, 10, 11, 12, 13, 14, 15, 16, 17, 18, 19, 20, 21, 22, 23, 24, 25, 26, 27, 28, 29, 30, 31, 32, 33, 34, 35, 36, 37, 38, 39, 40, 41, 42, 43, 44, 45, 46, 47, 48, 49, 50, 51, 52, 53, 54, 55, 56, 57, 58, 59, 60, 61, 62, 63]
  sched_jitter_domain=[0.0, 0.05, 0.1]
  sched_restarts_domain=[1, 2, 4, 8]
  sched_policy_domain=['baseline', 'bottleneck_valu', 'valu_first']
  sched_compact_domain=[False, True]
  sched_policies=['mix'] sched_restarts=10 sched_jitter=0.4
  hazards=['raw', 'temp', 'war', 'waw'] latency_raw=1 latency_waw=1 latency_war=0 latency_temp=1 latency_default=1
  gate=10.0 lambda=1.0 target=1100 penalty=200.0
  log_file=tmp/search_bundle_600.log
BEST step=4 t=2.4s energy=10710.0 cycles=1710 lb=1145 penalty=0.0 skipped=False policy=None
  spec={'rounds': 16, 'vectors': 32, 'vlen': 8, 'depth4_rounds': 2, 'x4': 0, 'x5': 0, 'flow_setup': 64, 'reset_on_valu': False, 'shifts_on_valu': True, 'offload_op1': 1600, 'offload_mode': 'budgeted', 'offload_alu_vec': False, 'offload_budget_hash_shift': 192, 'offload_budget_hash_op1': 0, 'offload_budget_hash_op2': 12, 'offload_budget_parity': 416, 'offload_budget_node_xor': 384, 'offload_budget_swaps': {}, 'offload_hash_op1': False, 'offload_hash_shift': True, 'offload_hash_op2': True, 'offload_parity': True, 'offload_node_xor': True, 'use_bitmask_selection': False, 'selection_mode': 'eq', 'binsearch_select': False, 'selection_mode_by_round': {11: 'eq', 12: 'eq', 13: 'eq', 14: 'eq'}, 'valu_select': False, 'valu_select_leaf_pairs': False, 'valu_select_rounds': (4, 15), 'valu_select_precompute_diffs': True, 'fuse_stages': False, 'hash_variant': 'direct', 'hash_xor_style': 'baseline', 'hash_xor_style_by_stage': {}, 'hash_bitwise_style': 'inplace', 'hash_bitwise_style_by_stage': {}, 'hash_prog': None, 'node_ptr_incremental': False, 'idx_shifted': True, 'assume_zero_indices': False, 'ptr_setup_engine': 'flow', 'setup_style': 'inline', 'include_setup': True, 'proof_assume_shifted_input': False, 'proof_reset_single_op': False, 'proof_skip_const_zero': False, 'valu_pad_cycles': 0, 'emit_order': 'auto', 'vector_block': 0, 'extra_vecs': 3, 'cached_nodes': 15, 'base_cached_rounds': (0, 1, 2, 3, 11, 12, 13, 14), 'depth4_cached_rounds': (4, 15), 'cached_round_aliases': {}, 'cached_round_depth': {11: 0, 12: 1, 13: 2, 14: 3}, 'cached_round_x': {11: 32, 12: 32, 13: 32, 14: 32}, 'valu_cap': 6, 'alu_cap': 12, 'flow_cap': 1, 'load_cap': 2, 'store_cap': 2, 'total_cycles': 1312, 'sched_seed': 9, 'sched_jitter': 0.1, 'sched_restarts': 2, 'sched_compact': False, 'sched_policy': 'baseline', 'sched_target_cycles': None, 'use_temp_deps': True, 'use_temp_deps_extras': True}
BEST step=16 t=6.5s energy=10702.0 cycles=1702 lb=1145 penalty=0.0 skipped=False policy=None
  spec={'rounds': 16, 'vectors': 32, 'vlen': 8, 'depth4_rounds': 2, 'x4': 0, 'x5': 0, 'flow_setup': 64, 'reset_on_valu': False, 'shifts_on_valu': True, 'offload_op1': 400, 'offload_mode': 'budgeted', 'offload_alu_vec': False, 'offload_budget_hash_shift': 192, 'offload_budget_hash_op1': 0, 'offload_budget_hash_op2': 12, 'offload_budget_parity': 416, 'offload_budget_node_xor': 384, 'offload_budget_swaps': {}, 'offload_hash_op1': False, 'offload_hash_shift': True, 'offload_hash_op2': True, 'offload_parity': True, 'offload_node_xor': True, 'use_bitmask_selection': False, 'selection_mode': 'eq', 'binsearch_select': False, 'selection_mode_by_round': {11: 'eq', 12: 'eq', 13: 'eq', 14: 'eq'}, 'valu_select': False, 'valu_select_leaf_pairs': False, 'valu_select_rounds': (4, 15), 'valu_select_precompute_diffs': True, 'fuse_stages': False, 'hash_variant': 'direct', 'hash_xor_style': 'baseline', 'hash_xor_style_by_stage': {}, 'hash_bitwise_style': 'inplace', 'hash_bitwise_style_by_stage': {}, 'hash_prog': None, 'node_ptr_incremental': False, 'idx_shifted': True, 'assume_zero_indices': True, 'ptr_setup_engine': 'flow', 'setup_style': 'inline', 'include_setup': True, 'proof_assume_shifted_input': False, 'proof_reset_single_op': False, 'proof_skip_const_zero': False, 'valu_pad_cycles': 0, 'emit_order': 'auto', 'vector_block': 0, 'extra_vecs': 0, 'cached_nodes': 15, 'base_cached_rounds': (0, 1, 2, 3, 11, 12, 13, 14), 'depth4_cached_rounds': (4, 15), 'cached_round_aliases': {}, 'cached_round_depth': {11: 0, 12: 1, 13: 2, 14: 3}, 'cached_round_x': {11: 32, 12: 32, 13: 32, 14: 32}, 'valu_cap': 6, 'alu_cap': 12, 'flow_cap': 1, 'load_cap': 2, 'store_cap': 2, 'total_cycles': 1312, 'sched_seed': 9, 'sched_jitter': 0.1, 'sched_restarts': 1, 'sched_compact': False, 'sched_policy': 'baseline', 'sched_target_cycles': None, 'use_temp_deps': True, 'use_temp_deps_extras': True}
BEST step=35 t=14.8s energy=10624.0 cycles=1624 lb=1145 penalty=0.0 skipped=False policy=None
  spec={'rounds': 16, 'vectors': 32, 'vlen': 8, 'depth4_rounds': 2, 'x4': 0, 'x5': 0, 'flow_setup': 64, 'reset_on_valu': False, 'shifts_on_valu': True, 'offload_op1': 400, 'offload_mode': 'budgeted', 'offload_alu_vec': False, 'offload_budget_hash_shift': 192, 'offload_budget_hash_op1': 768, 'offload_budget_hash_op2': 12, 'offload_budget_parity': 416, 'offload_budget_node_xor': 384, 'offload_budget_swaps': {}, 'offload_hash_op1': False, 'offload_hash_shift': True, 'offload_hash_op2': True, 'offload_parity': True, 'offload_node_xor': True, 'use_bitmask_selection': False, 'selection_mode': 'eq', 'binsearch_select': False, 'selection_mode_by_round': {11: 'eq', 12: 'eq', 13: 'eq', 14: 'eq'}, 'valu_select': False, 'valu_select_leaf_pairs': False, 'valu_select_rounds': (4, 15), 'valu_select_precompute_diffs': False, 'fuse_stages': False, 'hash_variant': 'direct', 'hash_xor_style': 'baseline', 'hash_xor_style_by_stage': {}, 'hash_bitwise_style': 'inplace', 'hash_bitwise_style_by_stage': {}, 'hash_prog': None, 'node_ptr_incremental': False, 'idx_shifted': True, 'assume_zero_indices': True, 'ptr_setup_engine': 'flow', 'setup_style': 'inline', 'include_setup': True, 'proof_assume_shifted_input': False, 'proof_reset_single_op': False, 'proof_skip_const_zero': False, 'valu_pad_cycles': 0, 'emit_order': 'vector_major', 'vector_block': 0, 'extra_vecs': 1, 'cached_nodes': 15, 'base_cached_rounds': (0, 1, 2, 3, 11, 12, 13, 14), 'depth4_cached_rounds': (4, 15), 'cached_round_aliases': {}, 'cached_round_depth': {11: 0, 12: 1, 13: 2, 14: 3}, 'cached_round_x': {11: 32, 12: 32, 13: 32, 14: 32}, 'valu_cap': 6, 'alu_cap': 12, 'flow_cap': 1, 'load_cap': 2, 'store_cap': 2, 'total_cycles': 1312, 'sched_seed': 9, 'sched_jitter': 0.0, 'sched_restarts': 1, 'sched_compact': True, 'sched_policy': 'baseline', 'sched_target_cycles': None, 'use_temp_deps': True, 'use_temp_deps_extras': False}
BEST step=42 t=17.9s energy=10577.0 cycles=1577 lb=1145 penalty=0.0 skipped=False policy=None
  spec={'rounds': 16, 'vectors': 32, 'vlen': 8, 'depth4_rounds': 2, 'x4': 0, 'x5': 0, 'flow_setup': 64, 'reset_on_valu': False, 'shifts_on_valu': True, 'offload_op1': 400, 'offload_mode': 'budgeted', 'offload_alu_vec': False, 'offload_budget_hash_shift': 192, 'offload_budget_hash_op1': 768, 'offload_budget_hash_op2': 12, 'offload_budget_parity': 416, 'offload_budget_node_xor': 384, 'offload_budget_swaps': {}, 'offload_hash_op1': False, 'offload_hash_shift': True, 'offload_hash_op2': True, 'offload_parity': True, 'offload_node_xor': True, 'use_bitmask_selection': False, 'selection_mode': 'eq', 'binsearch_select': False, 'selection_mode_by_round': {11: 'eq', 12: 'eq', 13: 'eq', 14: 'eq'}, 'valu_select': False, 'valu_select_leaf_pairs': False, 'valu_select_rounds': (4, 15), 'valu_select_precompute_diffs': False, 'fuse_stages': False, 'hash_variant': 'direct', 'hash_xor_style': 'baseline', 'hash_xor_style_by_stage': {}, 'hash_bitwise_style': 'inplace', 'hash_bitwise_style_by_stage': {}, 'hash_prog': None, 'node_ptr_incremental': False, 'idx_shifted': True, 'assume_zero_indices': True, 'ptr_setup_engine': 'alu', 'setup_style': 'inline', 'include_setup': True, 'proof_assume_shifted_input': False, 'proof_reset_single_op': False, 'proof_skip_const_zero': False, 'valu_pad_cycles': 0, 'emit_order': 'vector_major', 'vector_block': 0, 'extra_vecs': 1, 'cached_nodes': 15, 'base_cached_rounds': (0, 1, 2, 3, 11, 12, 13, 14), 'depth4_cached_rounds': (4, 15), 'cached_round_aliases': {}, 'cached_round_depth': {11: 0, 12: 1, 13: 2, 14: 3}, 'cached_round_x': {11: 32, 12: 32, 13: 32, 14: 32}, 'valu_cap': 6, 'alu_cap': 12, 'flow_cap': 1, 'load_cap': 2, 'store_cap': 2, 'total_cycles': 1312, 'sched_seed': 9, 'sched_jitter': 0.0, 'sched_restarts': 1, 'sched_compact': True, 'sched_policy': 'baseline', 'sched_target_cycles': None, 'use_temp_deps': True, 'use_temp_deps_extras': False}
[   50] t=21.7s energy=10577.0 cycles=1577 lb=1145 best=10577.0
BEST step=57 t=29.1s energy=10569.0 cycles=1569 lb=1145 penalty=0.0 skipped=False policy=None
  spec={'rounds': 16, 'vectors': 32, 'vlen': 8, 'depth4_rounds': 2, 'x4': 0, 'x5': 0, 'flow_setup': 64, 'reset_on_valu': False, 'shifts_on_valu': True, 'offload_op1': 0, 'offload_mode': 'budgeted', 'offload_alu_vec': False, 'offload_budget_hash_shift': 192, 'offload_budget_hash_op1': 768, 'offload_budget_hash_op2': 12, 'offload_budget_parity': 416, 'offload_budget_node_xor': 384, 'offload_budget_swaps': {}, 'offload_hash_op1': False, 'offload_hash_shift': True, 'offload_hash_op2': True, 'offload_parity': True, 'offload_node_xor': True, 'use_bitmask_selection': False, 'selection_mode': 'eq', 'binsearch_select': False, 'selection_mode_by_round': {11: 'eq', 12: 'eq', 13: 'eq', 14: 'eq'}, 'valu_select': False, 'valu_select_leaf_pairs': False, 'valu_select_rounds': None, 'valu_select_precompute_diffs': False, 'fuse_stages': False, 'hash_variant': 'direct', 'hash_xor_style': 'baseline', 'hash_xor_style_by_stage': {}, 'hash_bitwise_style': 'tmp_op1', 'hash_bitwise_style_by_stage': {}, 'hash_prog': None, 'node_ptr_incremental': False, 'idx_shifted': True, 'assume_zero_indices': True, 'ptr_setup_engine': 'alu', 'setup_style': 'inline', 'include_setup': True, 'proof_assume_shifted_input': False, 'proof_reset_single_op': False, 'proof_skip_const_zero': False, 'valu_pad_cycles': 0, 'emit_order': 'vector_major', 'vector_block': 0, 'extra_vecs': 1, 'cached_nodes': 15, 'base_cached_rounds': (0, 1, 2, 3, 11, 12, 13, 14), 'depth4_cached_rounds': (4, 15), 'cached_round_aliases': {}, 'cached_round_depth': {11: 0, 12: 1, 13: 2, 14: 3}, 'cached_round_x': {11: 32, 12: 32, 13: 32, 14: 32}, 'valu_cap': 6, 'alu_cap': 12, 'flow_cap': 1, 'load_cap': 2, 'store_cap': 2, 'total_cycles': 1312, 'sched_seed': 28, 'sched_jitter': 0.0, 'sched_restarts': 8, 'sched_compact': True, 'sched_policy': 'baseline', 'sched_target_cycles': None, 'use_temp_deps': True, 'use_temp_deps_extras': False}
[  100] t=96.4s energy=10598.0 cycles=1598 lb=1145 best=10569.0
[  150] t=115.2s energy=10609.0 cycles=1609 lb=1145 best=10569.0
[  200] t=135.0s energy=10578.0 cycles=1578 lb=1145 best=10569.0
BEST step=204 t=136.9s energy=10563.0 cycles=1563 lb=1145 penalty=0.0 skipped=False policy=None
  spec={'rounds': 16, 'vectors': 32, 'vlen': 8, 'depth4_rounds': 1, 'x4': 0, 'x5': 0, 'flow_setup': 64, 'reset_on_valu': False, 'shifts_on_valu': False, 'offload_op1': 1600, 'offload_mode': 'budgeted', 'offload_alu_vec': False, 'offload_budget_hash_shift': 192, 'offload_budget_hash_op1': 384, 'offload_budget_hash_op2': 12, 'offload_budget_parity': 416, 'offload_budget_node_xor': 384, 'offload_budget_swaps': {}, 'offload_hash_op1': False, 'offload_hash_shift': True, 'offload_hash_op2': True, 'offload_parity': True, 'offload_node_xor': True, 'use_bitmask_selection': False, 'selection_mode': 'mask_precompute', 'binsearch_select': False, 'selection_mode_by_round': {}, 'valu_select': True, 'valu_select_leaf_pairs': False, 'valu_select_rounds': (15,), 'valu_select_precompute_diffs': False, 'fuse_stages': False, 'hash_variant': 'ir', 'hash_xor_style': 'baseline', 'hash_xor_style_by_stage': {}, 'hash_bitwise_style': 'tmp_op1', 'hash_bitwise_style_by_stage': {}, 'hash_prog': None, 'node_ptr_incremental': False, 'idx_shifted': True, 'assume_zero_indices': True, 'ptr_setup_engine': 'alu', 'setup_style': 'inline', 'include_setup': True, 'proof_assume_shifted_input': False, 'proof_reset_single_op': False, 'proof_skip_const_zero': False, 'valu_pad_cycles': 0, 'emit_order': 'vector_major', 'vector_block': 0, 'extra_vecs': 0, 'cached_nodes': 15, 'base_cached_rounds': (0, 1, 2, 3, 11, 12, 13, 14), 'depth4_cached_rounds': (15,), 'cached_round_aliases': {}, 'cached_round_depth': {}, 'cached_round_x': {}, 'valu_cap': 6, 'alu_cap': 12, 'flow_cap': 1, 'load_cap': 2, 'store_cap': 2, 'total_cycles': 1312, 'sched_seed': 5, 'sched_jitter': 0.1, 'sched_restarts': 1, 'sched_compact': False, 'sched_policy': 'bottleneck_valu', 'sched_target_cycles': None, 'use_temp_deps': False, 'use_temp_deps_extras': False}
[  250] t=164.2s energy=10592.0 cycles=1592 lb=1145 best=10563.0
[  300] t=193.6s energy=10605.0 cycles=1605 lb=1145 best=10563.0
[  350] t=227.5s energy=10607.0 cycles=1607 lb=1145 best=10563.0
[  400] t=285.1s energy=10594.0 cycles=1593 lb=1145 best=10563.0
[  450] t=314.3s energy=10594.0 cycles=1593 lb=1145 best=10563.0
[  500] t=394.4s energy=10589.0 cycles=1588 lb=1145 best=10563.0
[  550] t=474.7s energy=10583.0 cycles=1582 lb=1145 best=10563.0
[  600] t=588.2s energy=10566.0 cycles=1564 lb=1145 best=10563.0
best_score: {"constraint_penalty": 0.0, "constraint_violations": [], "counts": {"alu": 13712, "flow": 736, "load": 2124, "store": 32, "valu": 6866}, "cycles": 1563, "energy": 10563.0, "gap": 45, "lb": 1145, "policy": null}
best_spec: {"alu_cap": 12, "assume_zero_indices": true, "base_cached_rounds": [0, 1, 2, 3, 11, 12, 13, 14], "binsearch_select": false, "cached_nodes": 15, "cached_round_aliases": {}, "cached_round_depth": {}, "cached_round_x": {}, "depth4_cached_rounds": [15], "depth4_rounds": 1, "emit_order": "vector_major", "extra_vecs": 0, "flow_cap": 1, "flow_setup": 64, "fuse_stages": false, "hash_bitwise_style": "tmp_op1", "hash_bitwise_style_by_stage": {}, "hash_prog": null, "hash_variant": "ir", "hash_xor_style": "baseline", "hash_xor_style_by_stage": {}, "idx_shifted": true, "include_setup": true, "load_cap": 2, "node_ptr_incremental": false, "offload_alu_vec": false, "offload_budget_hash_op1": 384, "offload_budget_hash_op2": 12, "offload_budget_hash_shift": 192, "offload_budget_node_xor": 384, "offload_budget_parity": 416, "offload_budget_swaps": {}, "offload_hash_op1": false, "offload_hash_op2": true, "offload_hash_shift": true, "offload_mode": "budgeted", "offload_node_xor": true, "offload_op1": 1600, "offload_parity": true, "proof_assume_shifted_input": false, "proof_reset_single_op": false, "proof_skip_const_zero": false, "ptr_setup_engine": "alu", "reset_on_valu": false, "rounds": 16, "sched_compact": false, "sched_jitter": 0.1, "sched_policy": "bottleneck_valu", "sched_restarts": 1, "sched_seed": 5, "sched_target_cycles": null, "selection_mode": "mask_precompute", "selection_mode_by_round": {}, "setup_style": "inline", "shifts_on_valu": false, "store_cap": 2, "total_cycles": 1312, "use_bitmask_selection": false, "use_temp_deps": false, "use_temp_deps_extras": false, "valu_cap": 6, "valu_pad_cycles": 0, "valu_select": true, "valu_select_leaf_pairs": false, "valu_select_precompute_diffs": false, "valu_select_rounds": [15], "vector_block": 0, "vectors": 32, "vlen": 8, "x4": 0, "x5": 0}
summary:
  mode: parity
  score_mode: bundle
  schedule_every: 1 (unscheduled_score=skip)
  mutate_count: 3 mutate_sched: True
  sched_policies: ['mix'] (tie-break: earliest policy)
  engine_order: ['alu', 'valu', 'load', 'store', 'flow']
  caps_source: SLOT_LIMITS
  hazards: ['raw', 'temp', 'war', 'waw']
  latency: raw=1 waw=1 war=0 temp=1 default=1
  gate: 10.0
  lambda: 1.0
  fallback_cycles: 10000
  best_cycles: 1563
  best_energy: 10563.0
  best_penalty: 0.0
  best_gap: 45
  elapsed_s: 589.0
  dag_hash: 4d3d0141b1f65fe0586058747eef03fcde927a8d2c83b61acef953c129f7b79e
  bundle_count: 1563
  baseline_cycles: 1563
  dependency_model: {'includes_raw': True, 'includes_waw': True, 'includes_war': True, 'temp_hazard_tags': False, 'read_after_read': False, 'latency': {'raw': 1, 'waw': 1, 'war': 0, 'temp': 1, 'default': 1}}
