energy_search: 2026-02-10 07:58:15
  mode=parity score_mode=bundle steps=800 seed=3
  schedule_every=0 unscheduled_score=skip
  mutate_count=3 mutate_sched=True
  mutate_keys=['base_cached_rounds', 'cached_nodes', 'depth4_rounds', 'extra_vecs', 'hash_bitwise_style', 'hash_variant', 'hash_xor_style', 'idx_shifted', 'node_ptr_incremental', 'offload_budget_hash_op1', 'offload_budget_hash_op2', 'offload_budget_hash_shift', 'offload_budget_node_xor', 'offload_budget_parity', 'offload_hash_op1', 'offload_hash_op2', 'offload_hash_shift', 'offload_mode', 'offload_node_xor', 'offload_op1', 'offload_parity', 'partial_cache', 'ptr_setup_engine', 'reset_on_valu', 'sched_jitter', 'sched_restarts', 'sched_seed', 'selection_by_round', 'selection_mode', 'setup_style', 'shifts_on_valu', 'use_temp_deps', 'valu_select', 'valu_select_precompute_diffs', 'valu_select_rounds', 'vector_block', 'x4']
  sched_seed_domain=[0, 1, 2, 3, 4, 5, 6, 7, 8, 9, 10, 11, 12, 13, 14, 15, 16, 17, 18, 19, 20, 21, 22, 23, 24, 25, 26, 27, 28, 29, 30, 31, 32, 33, 34, 35, 36, 37, 38, 39, 40, 41, 42, 43, 44, 45, 46, 47, 48, 49, 50, 51, 52, 53, 54, 55, 56, 57, 58, 59, 60, 61, 62, 63]
  sched_jitter_domain=[0.0, 0.05, 0.1]
  sched_restarts_domain=[1, 2, 4, 8]
  sched_policies=['mix'] sched_restarts=10 sched_jitter=0.4
  hazards=['raw', 'temp', 'war', 'waw'] latency_raw=1 latency_waw=1 latency_war=0 latency_temp=1 latency_default=1
  gate=10.0 lambda=1.0 target=0 penalty=100.0
  log_file=tmp/search_bundle3.log
[   50] t=21.8s energy=1363.0 cycles=1362 lb=1243 best=1291.0
[  100] t=36.9s energy=1400.0 cycles=1399 lb=1289 best=1291.0
[  150] t=76.7s energy=1386.0 cycles=1386 lb=1315 best=1291.0
[  200] t=101.9s energy=1370.0 cycles=1370 lb=1310 best=1291.0
[  250] t=109.6s energy=1334.0 cycles=1333 lb=1211 best=1291.0
[  300] t=117.9s energy=1355.0 cycles=1354 lb=1229 best=1291.0
[  350] t=139.7s energy=1312.0 cycles=1311 lb=1171 best=1291.0
[  400] t=157.2s energy=1298.0 cycles=1298 lb=1184 best=1291.0
[  450] t=183.9s energy=1299.0 cycles=1299 lb=1195 best=1291.0
[  500] t=200.5s energy=1300.0 cycles=1299 lb=1184 best=1291.0
[  550] t=236.8s energy=1302.0 cycles=1301 lb=1189 best=1291.0
[  600] t=249.1s energy=1301.0 cycles=1301 lb=1189 best=1291.0
[  650] t=268.1s energy=1298.0 cycles=1297 lb=1179 best=1291.0
[  700] t=280.1s energy=1298.0 cycles=1297 lb=1179 best=1291.0
[  750] t=287.9s energy=1299.0 cycles=1298 lb=1179 best=1291.0
[  800] t=298.1s energy=1295.0 cycles=1294 lb=1179 best=1291.0
best_score: {"constraint_penalty": 0.0, "constraint_violations": [], "counts": {"alu": 11472, "flow": 800, "load": 2157, "store": 32, "valu": 7045}, "cycles": 1291, "energy": 1291.0, "gap": 0, "lb": 1175, "policy": null}
best_spec: {"alu_cap": 12, "base_cached_rounds": [0, 1, 2, 3, 11, 12, 13, 14], "binsearch_select": false, "cached_nodes": 15, "cached_round_aliases": {}, "cached_round_depth": {}, "cached_round_x": {}, "depth4_cached_rounds": [], "depth4_rounds": 0, "extra_vecs": 3, "flow_cap": 1, "flow_setup": 64, "fuse_stages": false, "hash_bitwise_style": "inplace", "hash_prog": null, "hash_variant": "direct", "hash_xor_style": "baseline", "idx_shifted": true, "include_setup": true, "load_cap": 2, "node_ptr_incremental": false, "offload_budget_hash_op1": 0, "offload_budget_hash_op2": 12, "offload_budget_hash_shift": 12, "offload_budget_node_xor": 384, "offload_budget_parity": 416, "offload_hash_op1": false, "offload_hash_op2": true, "offload_hash_shift": true, "offload_mode": "budgeted", "offload_node_xor": true, "offload_op1": 800, "offload_parity": true, "proof_assume_shifted_input": false, "proof_reset_single_op": false, "proof_skip_const_zero": false, "ptr_setup_engine": "flow", "reset_on_valu": false, "rounds": 16, "sched_jitter": 0.1, "sched_restarts": 2, "sched_seed": 9, "selection_mode": "bitmask", "selection_mode_by_round": {"11": "eq", "12": "eq", "13": "eq", "14": "eq"}, "setup_style": "inline", "shifts_on_valu": true, "store_cap": 2, "total_cycles": 1312, "use_bitmask_selection": true, "use_temp_deps": true, "valu_cap": 6, "valu_pad_cycles": 0, "valu_select": false, "valu_select_precompute_diffs": true, "valu_select_rounds": null, "vector_block": 0, "vectors": 32, "vlen": 8, "x4": 0, "x5": 0}
summary:
  mode: parity
  score_mode: bundle
  schedule_every: 0 (unscheduled_score=skip)
  mutate_count: 3 mutate_sched: True
  sched_policies: ['mix'] (tie-break: earliest policy)
  engine_order: ['alu', 'valu', 'load', 'store', 'flow']
  caps_source: SLOT_LIMITS
  hazards: ['raw', 'temp', 'war', 'waw']
  latency: raw=1 waw=1 war=0 temp=1 default=1
  gate: 10.0
  lambda: 1.0
  fallback_cycles: 10000
  best_cycles: 1291
  best_energy: 1291.0
  best_penalty: 0.0
  best_gap: 0
  elapsed_s: 298.5
  dag_hash: dc908a49fa70a9115958eab7b4defe55255a038ff5437810fa958291c0360301
  bundle_count: 1291
  baseline_cycles: 1291
  dependency_model: {'includes_raw': True, 'includes_waw': True, 'includes_war': True, 'temp_hazard_tags': True, 'read_after_read': False, 'latency': {'raw': 1, 'waw': 1, 'war': 0, 'temp': 1, 'default': 1}}
