energy_search: 2026-02-10 22:08:19
  mode=parity score_mode=bundle steps=8 seed=7
  schedule_every=1 unscheduled_score=skip
  mutate_count=2 mutate_sched=False
  mutate_keys=['base_cached_rounds', 'cached_nodes', 'depth4_rounds', 'extra_vecs', 'hash_bitwise_style', 'hash_variant', 'hash_xor_style', 'idx_shifted', 'node_ptr_incremental', 'offload_budget_hash_op1', 'offload_budget_hash_op2', 'offload_budget_hash_shift', 'offload_budget_node_xor', 'offload_budget_parity', 'offload_budget_swaps', 'offload_hash_op1', 'offload_hash_op2', 'offload_hash_shift', 'offload_mode', 'offload_node_xor', 'offload_op1', 'offload_parity', 'partial_cache', 'ptr_setup_engine', 'reset_on_valu', 'selection_by_round', 'selection_mode', 'setup_style', 'shifts_on_valu', 'use_temp_deps', 'valu_select', 'valu_select_precompute_diffs', 'valu_select_rounds', 'vector_block', 'x4']
  offload_swap_cfg=cats=('parity', 'node_xor', 'hash_op2') span=128 max_per_cat=2
  sched_policies=['mix'] sched_restarts=10 sched_jitter=0.4
  hazards=['raw', 'temp', 'war', 'waw'] latency_raw=1 latency_waw=1 latency_war=0 latency_temp=1 latency_default=1
  gate=10.0 lambda=1.0 target=0 penalty=100.0
  log_file=tmp/search_swap_smoke.log
[    1] t=2.6s energy=1291.0 cycles=1291 lb=1175 best=1291.0
[    2] t=4.0s energy=1293.0 cycles=1293 lb=1175 best=1291.0
[    3] t=5.3s energy=1293.0 cycles=1293 lb=1175 best=1291.0
[    4] t=6.4s energy=1304.0 cycles=1303 lb=1175 best=1291.0
[    5] t=7.5s energy=1304.0 cycles=1303 lb=1175 best=1291.0
[    6] t=8.7s energy=1304.0 cycles=1303 lb=1175 best=1291.0
[    7] t=10.4s energy=1304.0 cycles=1303 lb=1175 best=1291.0
[    8] t=11.7s energy=1304.0 cycles=1303 lb=1175 best=1291.0
best_score: {"constraint_penalty": 0.0, "constraint_violations": [], "counts": {"alu": 11472, "flow": 800, "load": 2157, "store": 32, "valu": 7045}, "cycles": 1291, "energy": 1291.0, "gap": 0, "lb": 1175, "policy": null}
best_spec: {"alu_cap": 12, "assume_zero_indices": false, "base_cached_rounds": [0, 1, 2, 3, 11, 12, 13, 14], "binsearch_select": false, "cached_nodes": 15, "cached_round_aliases": {}, "cached_round_depth": {}, "cached_round_x": {}, "depth4_cached_rounds": [], "depth4_rounds": 0, "emit_order": "auto", "extra_vecs": 3, "flow_cap": 1, "flow_setup": 64, "fuse_stages": false, "hash_bitwise_style": "inplace", "hash_bitwise_style_by_stage": {}, "hash_prog": null, "hash_variant": "direct", "hash_xor_style": "baseline", "hash_xor_style_by_stage": {}, "idx_shifted": true, "include_setup": true, "load_cap": 2, "node_ptr_incremental": false, "offload_alu_vec": false, "offload_budget_hash_op1": 0, "offload_budget_hash_op2": 12, "offload_budget_hash_shift": 12, "offload_budget_node_xor": 384, "offload_budget_parity": 416, "offload_budget_swaps": {}, "offload_hash_op1": false, "offload_hash_op2": true, "offload_hash_shift": true, "offload_mode": "budgeted", "offload_node_xor": true, "offload_op1": 800, "offload_parity": true, "proof_assume_shifted_input": false, "proof_reset_single_op": false, "proof_skip_const_zero": false, "ptr_setup_engine": "flow", "reset_on_valu": false, "rounds": 16, "sched_compact": false, "sched_jitter": 0.1, "sched_policy": "baseline", "sched_restarts": 2, "sched_seed": 9, "sched_target_cycles": null, "selection_mode": "bitmask", "selection_mode_by_round": {"11": "eq", "12": "eq", "13": "eq", "14": "eq"}, "setup_style": "inline", "shifts_on_valu": true, "store_cap": 2, "total_cycles": 1312, "use_bitmask_selection": true, "use_temp_deps": true, "use_temp_deps_extras": true, "valu_cap": 6, "valu_pad_cycles": 0, "valu_select": false, "valu_select_leaf_pairs": false, "valu_select_precompute_diffs": true, "valu_select_rounds": null, "vector_block": 0, "vectors": 32, "vlen": 8, "x4": 0, "x5": 0}
summary:
  mode: parity
  score_mode: bundle
  schedule_every: 1 (unscheduled_score=skip)
  mutate_count: 2 mutate_sched: False
  sched_policies: ['mix'] (tie-break: earliest policy)
  engine_order: ['alu', 'valu', 'load', 'store', 'flow']
  caps_source: SLOT_LIMITS
  hazards: ['raw', 'temp', 'war', 'waw']
  latency: raw=1 waw=1 war=0 temp=1 default=1
  gate: 10.0
  lambda: 1.0
  fallback_cycles: 10000
  best_cycles: 1291
  best_energy: 1291.0
  best_penalty: 0.0
  best_gap: 0
  elapsed_s: 15.1
  dag_hash: 042447586cde25f794f8fed0e657bbc48704c5cd06eceb75b5951349381919bf
  bundle_count: 1291
  baseline_cycles: 1291
  dependency_model: {'includes_raw': True, 'includes_waw': True, 'includes_war': True, 'temp_hazard_tags': True, 'read_after_read': False, 'latency': {'raw': 1, 'waw': 1, 'war': 0, 'temp': 1, 'default': 1}}
