energy_search: 2026-02-05 20:12:15
  mode=parity score_mode=bundle steps=800 seed=11
  schedule_every=0 unscheduled_score=skip
  mutate_count=4 mutate_sched=True
  sched_seed_domain=[0, 1, 2, 3, 4, 5, 6, 7, 8, 9, 10, 11, 12, 13, 14, 15, 16, 17, 18, 19, 20, 21, 22, 23, 24, 25, 26, 27, 28, 29, 30, 31, 32, 33, 34, 35, 36, 37, 38, 39, 40, 41, 42, 43, 44, 45, 46, 47, 48, 49, 50, 51, 52, 53, 54, 55, 56, 57, 58, 59, 60, 61, 62, 63]
  sched_jitter_domain=[0.0, 0.05, 0.1]
  sched_restarts_domain=[1, 2, 4, 8, 16, 32]
  sched_policies=['mix'] sched_restarts=10 sched_jitter=0.4
  hazards=['raw', 'temp', 'war', 'waw'] latency_raw=1 latency_waw=1 latency_war=0 latency_temp=1 latency_default=1
  gate=10.0 lambda=1.0 target=0 penalty=0.0
BEST step=1 t=5.4s energy=1341.0 cycles=1340 lb=1212 penalty=1.0 skipped=False policy=None
  spec={'rounds': 16, 'vectors': 32, 'vlen': 8, 'depth4_rounds': 0, 'x4': 0, 'x5': 0, 'flow_setup': 64, 'reset_on_valu': False, 'shifts_on_valu': True, 'offload_op1': 1200, 'offload_hash_op1': False, 'offload_hash_shift': True, 'offload_hash_op2': False, 'offload_parity': False, 'offload_node_xor': False, 'use_bitmask_selection': True, 'selection_mode': 'bitmask', 'selection_mode_by_round': {11: 'mask_precompute', 12: 'mask_precompute', 13: 'mask_precompute', 14: 'mask_precompute'}, 'valu_select': False, 'node_ptr_incremental': False, 'idx_shifted': True, 'ptr_setup_engine': 'alu', 'setup_style': 'inline', 'include_setup': True, 'proof_assume_shifted_input': False, 'proof_reset_single_op': False, 'proof_skip_const_zero': False, 'valu_pad_cycles': 0, 'vector_block': 4, 'extra_vecs': 3, 'cached_nodes': None, 'base_cached_rounds': (0, 1, 2, 3, 11, 12, 13, 14), 'depth4_cached_rounds': (), 'cached_round_aliases': {}, 'cached_round_depth': {}, 'cached_round_x': {}, 'valu_cap': 6, 'alu_cap': 12, 'flow_cap': 1, 'load_cap': 2, 'store_cap': 2, 'total_cycles': 1312, 'sched_seed': 23, 'sched_jitter': 0.1, 'sched_restarts': 32, 'use_temp_deps': True}
[   10] t=23.1s energy=1402.0 cycles=1401 lb=1296 best=1341.0
[   20] t=25.1s energy=1424.0 cycles=1423 lb=1315 best=1341.0
[   30] t=26.9s energy=1468.0 cycles=1467 lb=1325 best=1341.0
[   40] t=28.5s energy=1442.0 cycles=1441 lb=1292 best=1341.0
[   50] t=33.2s energy=1437.0 cycles=1436 lb=1351 best=1341.0
[   60] t=34.8s energy=1446.0 cycles=1444 lb=1356 best=1341.0
[   70] t=49.3s energy=1436.0 cycles=1435 lb=1356 best=1341.0
[   80] t=71.6s energy=1446.0 cycles=1445 lb=1353 best=1341.0
[   90] t=91.2s energy=1422.0 cycles=1421 lb=1320 best=1341.0
[  100] t=108.7s energy=1413.0 cycles=1412 lb=1320 best=1341.0
[  110] t=117.9s energy=1417.0 cycles=1416 lb=1315 best=1341.0
[  120] t=130.9s energy=1420.0 cycles=1418 lb=1315 best=1341.0
[  130] t=138.6s energy=1431.0 cycles=1429 lb=1317 best=1341.0
[  140] t=145.4s energy=1433.0 cycles=1431 lb=1317 best=1341.0
[  150] t=148.5s energy=1414.0 cycles=1412 lb=1323 best=1341.0
[  160] t=150.6s energy=1433.0 cycles=1431 lb=1356 best=1341.0
[  170] t=151.9s energy=1405.0 cycles=1403 lb=1221 best=1341.0
[  180] t=156.1s energy=1425.0 cycles=1423 lb=1221 best=1341.0
[  190] t=158.0s energy=1411.0 cycles=1409 lb=1189 best=1341.0
[  200] t=159.6s energy=1411.0 cycles=1409 lb=1189 best=1341.0
[  210] t=164.2s energy=1411.0 cycles=1409 lb=1189 best=1341.0
[  220] t=166.1s energy=1405.0 cycles=1403 lb=1207 best=1341.0
[  230] t=167.1s energy=1407.0 cycles=1405 lb=1207 best=1341.0
[  240] t=168.8s energy=1391.0 cycles=1389 lb=1179 best=1341.0
[  250] t=170.4s energy=1391.0 cycles=1389 lb=1179 best=1341.0
[  260] t=171.9s energy=1404.0 cycles=1402 lb=1181 best=1341.0
[  270] t=180.0s energy=1399.0 cycles=1397 lb=1181 best=1341.0
[  280] t=188.4s energy=1405.0 cycles=1403 lb=1192 best=1341.0
[  290] t=201.6s energy=1372.0 cycles=1370 lb=1192 best=1341.0
[  300] t=211.9s energy=1362.0 cycles=1360 lb=1179 best=1341.0
[  310] t=222.2s energy=1362.0 cycles=1360 lb=1179 best=1341.0
[  320] t=231.9s energy=1372.0 cycles=1370 lb=1229 best=1341.0
[  330] t=234.7s energy=1367.0 cycles=1365 lb=1237 best=1341.0
[  340] t=236.0s energy=1354.0 cycles=1352 lb=1237 best=1341.0
[  350] t=236.4s energy=1354.0 cycles=1352 lb=1237 best=1341.0
BEST step=353 t=237.0s energy=1332.0 cycles=1330 lb=1237 penalty=2.0 skipped=False policy=None
  spec={'rounds': 16, 'vectors': 32, 'vlen': 8, 'depth4_rounds': 1, 'x4': 0, 'x5': 0, 'flow_setup': 64, 'reset_on_valu': False, 'shifts_on_valu': True, 'offload_op1': 800, 'offload_hash_op1': False, 'offload_hash_shift': False, 'offload_hash_op2': False, 'offload_parity': True, 'offload_node_xor': False, 'use_bitmask_selection': True, 'selection_mode': 'bitmask', 'selection_mode_by_round': {11: 'mask_precompute', 12: 'mask_precompute', 13: 'mask_precompute', 14: 'mask_precompute'}, 'valu_select': False, 'node_ptr_incremental': False, 'idx_shifted': True, 'ptr_setup_engine': 'flow', 'setup_style': 'inline', 'include_setup': True, 'proof_assume_shifted_input': False, 'proof_reset_single_op': False, 'proof_skip_const_zero': False, 'valu_pad_cycles': 0, 'vector_block': 0, 'extra_vecs': 2, 'cached_nodes': 15, 'base_cached_rounds': (0, 1, 2, 3, 11, 12, 13, 14), 'depth4_cached_rounds': (4,), 'cached_round_aliases': {}, 'cached_round_depth': {}, 'cached_round_x': {}, 'valu_cap': 6, 'alu_cap': 12, 'flow_cap': 1, 'load_cap': 2, 'store_cap': 2, 'total_cycles': 1312, 'sched_seed': 33, 'sched_jitter': 0.1, 'sched_restarts': 2, 'use_temp_deps': True}
BEST step=355 t=237.8s energy=1302.0 cycles=1300 lb=1179 penalty=2.0 skipped=False policy=None
  spec={'rounds': 16, 'vectors': 32, 'vlen': 8, 'depth4_rounds': 1, 'x4': 0, 'x5': 0, 'flow_setup': 64, 'reset_on_valu': False, 'shifts_on_valu': True, 'offload_op1': 800, 'offload_hash_op1': False, 'offload_hash_shift': False, 'offload_hash_op2': False, 'offload_parity': True, 'offload_node_xor': True, 'use_bitmask_selection': True, 'selection_mode': 'bitmask', 'selection_mode_by_round': {11: 'mask_precompute', 12: 'mask_precompute', 13: 'mask_precompute', 14: 'mask_precompute'}, 'valu_select': False, 'node_ptr_incremental': False, 'idx_shifted': True, 'ptr_setup_engine': 'flow', 'setup_style': 'inline', 'include_setup': True, 'proof_assume_shifted_input': False, 'proof_reset_single_op': False, 'proof_skip_const_zero': False, 'valu_pad_cycles': 0, 'vector_block': 0, 'extra_vecs': 2, 'cached_nodes': 15, 'base_cached_rounds': (0, 1, 2, 3, 11, 12, 13, 14), 'depth4_cached_rounds': (4,), 'cached_round_aliases': {}, 'cached_round_depth': {}, 'cached_round_x': {}, 'valu_cap': 6, 'alu_cap': 12, 'flow_cap': 1, 'load_cap': 2, 'store_cap': 2, 'total_cycles': 1312, 'sched_seed': 40, 'sched_jitter': 0.1, 'sched_restarts': 2, 'use_temp_deps': True}
[  360] t=239.0s energy=1302.0 cycles=1300 lb=1179 best=1302.0
[  370] t=242.2s energy=1302.0 cycles=1300 lb=1179 best=1302.0
[  380] t=245.4s energy=1302.0 cycles=1300 lb=1179 best=1302.0
BEST step=387 t=249.1s energy=1301.0 cycles=1299 lb=1179 penalty=2.0 skipped=False policy=None
  spec={'rounds': 16, 'vectors': 32, 'vlen': 8, 'depth4_rounds': 1, 'x4': 0, 'x5': 0, 'flow_setup': 64, 'reset_on_valu': False, 'shifts_on_valu': True, 'offload_op1': 800, 'offload_hash_op1': False, 'offload_hash_shift': False, 'offload_hash_op2': False, 'offload_parity': True, 'offload_node_xor': True, 'use_bitmask_selection': True, 'selection_mode': 'bitmask', 'selection_mode_by_round': {11: 'mask_precompute', 12: 'mask_precompute', 13: 'mask_precompute', 14: 'mask_precompute'}, 'valu_select': False, 'node_ptr_incremental': False, 'idx_shifted': True, 'ptr_setup_engine': 'flow', 'setup_style': 'inline', 'include_setup': True, 'proof_assume_shifted_input': False, 'proof_reset_single_op': False, 'proof_skip_const_zero': False, 'valu_pad_cycles': 0, 'vector_block': 0, 'extra_vecs': 2, 'cached_nodes': 15, 'base_cached_rounds': (0, 1, 2, 3, 11, 12, 13, 14), 'depth4_cached_rounds': (4,), 'cached_round_aliases': {}, 'cached_round_depth': {11: 0, 12: 1, 13: 2, 14: 3}, 'cached_round_x': {11: 32, 12: 32, 13: 32, 14: 32}, 'valu_cap': 6, 'alu_cap': 12, 'flow_cap': 1, 'load_cap': 2, 'store_cap': 2, 'total_cycles': 1312, 'sched_seed': 40, 'sched_jitter': 0.1, 'sched_restarts': 16, 'use_temp_deps': True}
[  390] t=249.7s energy=1301.0 cycles=1299 lb=1179 best=1301.0
[  400] t=271.2s energy=1301.0 cycles=1299 lb=1179 best=1301.0
[  410] t=305.1s energy=1301.0 cycles=1299 lb=1179 best=1301.0
[  420] t=327.0s energy=1301.0 cycles=1299 lb=1179 best=1301.0
[  430] t=349.5s energy=1302.0 cycles=1300 lb=1189 best=1301.0
[  440] t=380.9s energy=1302.0 cycles=1300 lb=1189 best=1301.0
[  450] t=398.9s energy=1302.0 cycles=1300 lb=1189 best=1301.0
[  460] t=426.6s energy=1302.0 cycles=1300 lb=1189 best=1301.0
[  470] t=442.9s energy=1302.0 cycles=1300 lb=1189 best=1301.0
[  480] t=480.3s energy=1306.0 cycles=1304 lb=1163 best=1301.0
[  490] t=486.1s energy=1305.0 cycles=1304 lb=1163 best=1301.0
[  500] t=504.6s energy=1301.0 cycles=1300 lb=1189 best=1301.0
[  510] t=524.0s energy=1302.0 cycles=1300 lb=1189 best=1301.0
[  520] t=531.7s energy=1302.0 cycles=1300 lb=1189 best=1301.0
[  530] t=539.3s energy=1302.0 cycles=1300 lb=1189 best=1301.0
[  540] t=543.9s energy=1302.0 cycles=1300 lb=1189 best=1301.0
[  550] t=559.7s energy=1301.0 cycles=1299 lb=1179 best=1301.0
[  560] t=564.8s energy=1301.0 cycles=1299 lb=1179 best=1301.0
[  570] t=573.3s energy=1301.0 cycles=1299 lb=1179 best=1301.0
[  580] t=579.3s energy=1301.0 cycles=1299 lb=1179 best=1301.0
[  590] t=587.6s energy=1305.0 cycles=1303 lb=1152 best=1301.0
[  600] t=599.2s energy=1305.0 cycles=1303 lb=1152 best=1301.0
[  610] t=612.0s energy=1305.0 cycles=1303 lb=1152 best=1301.0
[  620] t=628.0s energy=1305.0 cycles=1303 lb=1152 best=1301.0
[  630] t=1795.0s energy=1305.0 cycles=1303 lb=1152 best=1301.0
[  640] t=1818.0s energy=1306.0 cycles=1304 lb=1163 best=1301.0
[  650] t=1846.9s energy=1306.0 cycles=1304 lb=1163 best=1301.0
[  660] t=1863.1s energy=1306.0 cycles=1304 lb=1163 best=1301.0
[  670] t=1875.0s energy=1306.0 cycles=1304 lb=1163 best=1301.0
[  680] t=1904.2s energy=1305.0 cycles=1303 lb=1152 best=1301.0
[  690] t=1926.2s energy=1305.0 cycles=1303 lb=1152 best=1301.0
[  700] t=1941.5s energy=1305.0 cycles=1303 lb=1152 best=1301.0
[  710] t=1958.9s energy=1305.0 cycles=1303 lb=1152 best=1301.0
[  720] t=1979.9s energy=1305.0 cycles=1303 lb=1152 best=1301.0
[  730] t=2005.6s energy=1305.0 cycles=1303 lb=1152 best=1301.0
[  740] t=2018.7s energy=1305.0 cycles=1303 lb=1152 best=1301.0
[  750] t=2020.7s energy=1305.0 cycles=1303 lb=1152 best=1301.0
[  760] t=2022.8s energy=1305.0 cycles=1303 lb=1152 best=1301.0
[  770] t=2024.1s energy=1305.0 cycles=1303 lb=1152 best=1301.0
[  780] t=2025.7s energy=1305.0 cycles=1303 lb=1152 best=1301.0
[  790] t=2029.7s energy=1305.0 cycles=1303 lb=1152 best=1301.0
[  800] t=2031.3s energy=1305.0 cycles=1303 lb=1152 best=1301.0
best_score: {"constraint_penalty": 2.0, "constraint_violations": ["soft: bitmask with extra_vecs < 3", "soft: selection_mode_by_round mask_precompute with extra_vecs < 4"], "counts": {"alu": 11280, "flow": 800, "load": 2157, "store": 32, "valu": 7069}, "cycles": 1299, "energy": 1301.0, "gap": 0, "lb": 1179, "policy": null}
best_spec: {"alu_cap": 12, "base_cached_rounds": [0, 1, 2, 3, 11, 12, 13, 14], "cached_nodes": 15, "cached_round_aliases": {}, "cached_round_depth": {"11": 0, "12": 1, "13": 2, "14": 3}, "cached_round_x": {"11": 32, "12": 32, "13": 32, "14": 32}, "depth4_cached_rounds": [4], "depth4_rounds": 1, "extra_vecs": 2, "flow_cap": 1, "flow_setup": 64, "idx_shifted": true, "include_setup": true, "load_cap": 2, "node_ptr_incremental": false, "offload_hash_op1": false, "offload_hash_op2": false, "offload_hash_shift": false, "offload_node_xor": true, "offload_op1": 800, "offload_parity": true, "proof_assume_shifted_input": false, "proof_reset_single_op": false, "proof_skip_const_zero": false, "ptr_setup_engine": "flow", "reset_on_valu": false, "rounds": 16, "sched_jitter": 0.1, "sched_restarts": 16, "sched_seed": 40, "selection_mode": "bitmask", "selection_mode_by_round": {"11": "mask_precompute", "12": "mask_precompute", "13": "mask_precompute", "14": "mask_precompute"}, "setup_style": "inline", "shifts_on_valu": true, "store_cap": 2, "total_cycles": 1312, "use_bitmask_selection": true, "use_temp_deps": true, "valu_cap": 6, "valu_pad_cycles": 0, "valu_select": false, "vector_block": 0, "vectors": 32, "vlen": 8, "x4": 0, "x5": 0}
summary:
  mode: parity
  score_mode: bundle
  schedule_every: 0 (unscheduled_score=skip)
  mutate_count: 4 mutate_sched: True
  sched_policies: ['mix'] (tie-break: earliest policy)
  engine_order: ['alu', 'valu', 'load', 'store', 'flow']
  caps_source: SLOT_LIMITS
  hazards: ['raw', 'temp', 'war', 'waw']
  latency: raw=1 waw=1 war=0 temp=1 default=1
  gate: 10.0
  lambda: 1.0
  fallback_cycles: 10000
  best_cycles: 1299
  best_energy: 1301.0
  best_penalty: 2.0
  best_gap: 0
  elapsed_s: 2034.2
  dag_hash: a0d218a3adec66da6350ba580829dc20e4b9500daf4c7f7ef5c35f35ffeca8ec
  bundle_count: 1299
  baseline_cycles: 1299
  dependency_model: {'includes_raw': True, 'includes_waw': True, 'includes_war': True, 'temp_hazard_tags': True, 'read_after_read': False, 'latency': {'raw': 1, 'waw': 1, 'war': 0, 'temp': 1, 'default': 1}}
