energy_search: 2026-02-11 09:32:22
  mode=parity score_mode=lb steps=3000 seed=2027
  schedule_every=10 unscheduled_score=lb
  mutate_count=4 mutate_sched=False
  mutate_keys=['assume_zero_indices', 'base_cached_rounds', 'cached_nodes', 'depth4_rounds', 'emit_order', 'extra_vecs', 'hash_bitwise_style', 'hash_variant', 'hash_xor_style', 'idx_shifted', 'node_ptr_incremental', 'offload_budget_hash_op1', 'offload_budget_hash_op2', 'offload_budget_hash_shift', 'offload_budget_node_xor', 'offload_budget_parity', 'offload_budget_swaps', 'offload_hash_op1', 'offload_hash_op2', 'offload_hash_shift', 'offload_mode', 'offload_node_xor', 'offload_op1', 'offload_parity', 'partial_cache', 'ptr_setup_engine', 'reset_on_valu', 'selection_by_round', 'selection_mode', 'setup_style', 'shifts_on_valu', 'use_temp_deps', 'use_temp_deps_extras', 'valu_select', 'valu_select_precompute_diffs', 'valu_select_rounds', 'vector_block', 'x4']
  offload_swap_cfg=cats=('parity', 'node_xor', 'hash_op2', 'hash_shift') span=1024 max_per_cat=3
  sched_policies=['mix'] sched_restarts=10 sched_jitter=0.4
  hazards=['raw', 'temp', 'war', 'waw'] latency_raw=1 latency_waw=1 latency_war=0 latency_temp=1 latency_default=1
  gate=10.0 lambda=1.0 target=1100 penalty=200.0
  log_file=tmp/search_lb_3000.log
BEST step=19 t=0.4s energy=15371.0 cycles=1171 lb=1171 penalty=0.0 skipped=False policy=None
  spec={'rounds': 16, 'vectors': 32, 'vlen': 8, 'depth4_rounds': 0, 'x4': 0, 'x5': 0, 'flow_setup': 64, 'reset_on_valu': False, 'shifts_on_valu': False, 'offload_op1': 200, 'offload_mode': 'budgeted', 'offload_alu_vec': False, 'offload_budget_hash_shift': 12, 'offload_budget_hash_op1': 192, 'offload_budget_hash_op2': 48, 'offload_budget_parity': 416, 'offload_budget_node_xor': 384, 'offload_budget_swaps': {}, 'offload_hash_op1': False, 'offload_hash_shift': False, 'offload_hash_op2': True, 'offload_parity': True, 'offload_node_xor': True, 'use_bitmask_selection': False, 'selection_mode': 'bitmask_valu', 'binsearch_select': False, 'selection_mode_by_round': {}, 'valu_select': False, 'valu_select_leaf_pairs': False, 'valu_select_rounds': None, 'valu_select_precompute_diffs': True, 'fuse_stages': False, 'hash_variant': 'ir', 'hash_xor_style': 'baseline', 'hash_xor_style_by_stage': {}, 'hash_bitwise_style': 'inplace', 'hash_bitwise_style_by_stage': {}, 'hash_prog': None, 'node_ptr_incremental': True, 'idx_shifted': True, 'assume_zero_indices': False, 'ptr_setup_engine': 'flow', 'setup_style': 'packed', 'include_setup': True, 'proof_assume_shifted_input': False, 'proof_reset_single_op': False, 'proof_skip_const_zero': False, 'valu_pad_cycles': 0, 'emit_order': 'auto', 'vector_block': 32, 'extra_vecs': 3, 'cached_nodes': 15, 'base_cached_rounds': (0, 1, 2, 3, 11, 12, 13, 14), 'depth4_cached_rounds': (), 'cached_round_aliases': {}, 'cached_round_depth': {}, 'cached_round_x': {}, 'valu_cap': 6, 'alu_cap': 12, 'flow_cap': 1, 'load_cap': 2, 'store_cap': 2, 'total_cycles': 1312, 'sched_seed': 9, 'sched_jitter': 0.1, 'sched_restarts': 2, 'sched_compact': False, 'sched_policy': 'baseline', 'sched_target_cycles': None, 'use_temp_deps': False, 'use_temp_deps_extras': True}
BEST step=40 t=0.7s energy=8939.0 cycles=1139 lb=1139 penalty=0.0 skipped=False policy=None
  spec={'rounds': 16, 'vectors': 32, 'vlen': 8, 'depth4_rounds': 0, 'x4': 0, 'x5': 0, 'flow_setup': 64, 'reset_on_valu': False, 'shifts_on_valu': False, 'offload_op1': 400, 'offload_mode': 'budgeted', 'offload_alu_vec': False, 'offload_budget_hash_shift': 96, 'offload_budget_hash_op1': 192, 'offload_budget_hash_op2': 48, 'offload_budget_parity': 416, 'offload_budget_node_xor': 384, 'offload_budget_swaps': {}, 'offload_hash_op1': True, 'offload_hash_shift': False, 'offload_hash_op2': True, 'offload_parity': True, 'offload_node_xor': True, 'use_bitmask_selection': False, 'selection_mode': 'bitmask_valu', 'binsearch_select': False, 'selection_mode_by_round': {}, 'valu_select': False, 'valu_select_leaf_pairs': False, 'valu_select_rounds': None, 'valu_select_precompute_diffs': True, 'fuse_stages': False, 'hash_variant': 'ir', 'hash_xor_style': 'tmp_xor_const', 'hash_xor_style_by_stage': {}, 'hash_bitwise_style': 'inplace', 'hash_bitwise_style_by_stage': {}, 'hash_prog': None, 'node_ptr_incremental': False, 'idx_shifted': True, 'assume_zero_indices': False, 'ptr_setup_engine': 'flow', 'setup_style': 'inline', 'include_setup': True, 'proof_assume_shifted_input': False, 'proof_reset_single_op': False, 'proof_skip_const_zero': False, 'valu_pad_cycles': 0, 'emit_order': 'vector_major', 'vector_block': 4, 'extra_vecs': 3, 'cached_nodes': None, 'base_cached_rounds': (0, 1, 2, 3, 11, 12, 13, 14), 'depth4_cached_rounds': (), 'cached_round_aliases': {}, 'cached_round_depth': {11: 0, 12: 1, 13: 2, 14: 3}, 'cached_round_x': {11: 32, 12: 32, 13: 32, 14: 32}, 'valu_cap': 6, 'alu_cap': 12, 'flow_cap': 1, 'load_cap': 2, 'store_cap': 2, 'total_cycles': 1312, 'sched_seed': 9, 'sched_jitter': 0.1, 'sched_restarts': 2, 'sched_compact': False, 'sched_policy': 'baseline', 'sched_target_cycles': None, 'use_temp_deps': False, 'use_temp_deps_extras': False}
[  100] t=1.9s energy=8939.0 cycles=1139 lb=1139 best=8939.0
BEST step=108 t=2.0s energy=7733.0 cycles=1133 lb=1133 penalty=0.0 skipped=False policy=None
  spec={'rounds': 16, 'vectors': 32, 'vlen': 8, 'depth4_rounds': 0, 'x4': 0, 'x5': 0, 'flow_setup': 64, 'reset_on_valu': False, 'shifts_on_valu': False, 'offload_op1': 1600, 'offload_mode': 'budgeted', 'offload_alu_vec': False, 'offload_budget_hash_shift': 384, 'offload_budget_hash_op1': 192, 'offload_budget_hash_op2': 48, 'offload_budget_parity': 448, 'offload_budget_node_xor': 384, 'offload_budget_swaps': {}, 'offload_hash_op1': True, 'offload_hash_shift': False, 'offload_hash_op2': True, 'offload_parity': True, 'offload_node_xor': True, 'use_bitmask_selection': True, 'selection_mode': 'bitmask', 'binsearch_select': False, 'selection_mode_by_round': {}, 'valu_select': False, 'valu_select_leaf_pairs': False, 'valu_select_rounds': None, 'valu_select_precompute_diffs': True, 'fuse_stages': False, 'hash_variant': 'direct', 'hash_xor_style': 'tmp_xor_const', 'hash_xor_style_by_stage': {}, 'hash_bitwise_style': 'tmp_op1', 'hash_bitwise_style_by_stage': {}, 'hash_prog': None, 'node_ptr_incremental': False, 'idx_shifted': True, 'assume_zero_indices': False, 'ptr_setup_engine': 'alu', 'setup_style': 'packed', 'include_setup': True, 'proof_assume_shifted_input': False, 'proof_reset_single_op': False, 'proof_skip_const_zero': False, 'valu_pad_cycles': 0, 'emit_order': 'round_major', 'vector_block': 4, 'extra_vecs': 3, 'cached_nodes': None, 'base_cached_rounds': (0, 1, 2, 3, 11, 12, 13, 14), 'depth4_cached_rounds': (), 'cached_round_aliases': {}, 'cached_round_depth': {}, 'cached_round_x': {}, 'valu_cap': 6, 'alu_cap': 12, 'flow_cap': 1, 'load_cap': 2, 'store_cap': 2, 'total_cycles': 1312, 'sched_seed': 9, 'sched_jitter': 0.1, 'sched_restarts': 2, 'sched_compact': False, 'sched_policy': 'baseline', 'sched_target_cycles': None, 'use_temp_deps': True, 'use_temp_deps_extras': False}
[  200] t=3.9s energy=7734.0 cycles=1133 lb=1133 best=7733.0
BEST step=250 t=4.8s energy=6125.0 cycles=1125 lb=1125 penalty=0.0 skipped=False policy=None
  spec={'rounds': 16, 'vectors': 32, 'vlen': 8, 'depth4_rounds': 2, 'x4': 0, 'x5': 0, 'flow_setup': 64, 'reset_on_valu': False, 'shifts_on_valu': True, 'offload_op1': 400, 'offload_mode': 'budgeted', 'offload_alu_vec': False, 'offload_budget_hash_shift': 192, 'offload_budget_hash_op1': 192, 'offload_budget_hash_op2': 96, 'offload_budget_parity': 448, 'offload_budget_node_xor': 384, 'offload_budget_swaps': {}, 'offload_hash_op1': True, 'offload_hash_shift': False, 'offload_hash_op2': True, 'offload_parity': True, 'offload_node_xor': True, 'use_bitmask_selection': False, 'selection_mode': 'bitmask_valu', 'binsearch_select': False, 'selection_mode_by_round': {11: 'bitmask', 12: 'bitmask', 13: 'bitmask', 14: 'bitmask'}, 'valu_select': False, 'valu_select_leaf_pairs': False, 'valu_select_rounds': None, 'valu_select_precompute_diffs': True, 'fuse_stages': False, 'hash_variant': 'ir', 'hash_xor_style': 'tmp_xor_const', 'hash_xor_style_by_stage': {}, 'hash_bitwise_style': 'inplace', 'hash_bitwise_style_by_stage': {}, 'hash_prog': None, 'node_ptr_incremental': True, 'idx_shifted': True, 'assume_zero_indices': True, 'ptr_setup_engine': 'alu', 'setup_style': 'packed', 'include_setup': True, 'proof_assume_shifted_input': False, 'proof_reset_single_op': False, 'proof_skip_const_zero': False, 'valu_pad_cycles': 0, 'emit_order': 'auto', 'vector_block': 32, 'extra_vecs': 3, 'cached_nodes': 15, 'base_cached_rounds': (0, 1, 2, 3, 11, 12, 13, 14), 'depth4_cached_rounds': (4, 15), 'cached_round_aliases': {}, 'cached_round_depth': {}, 'cached_round_x': {}, 'valu_cap': 6, 'alu_cap': 12, 'flow_cap': 1, 'load_cap': 2, 'store_cap': 2, 'total_cycles': 1312, 'sched_seed': 9, 'sched_jitter': 0.1, 'sched_restarts': 2, 'sched_compact': False, 'sched_policy': 'baseline', 'sched_target_cycles': None, 'use_temp_deps': True, 'use_temp_deps_extras': True}
[  300] t=5.6s energy=6125.0 cycles=1125 lb=1125 best=6125.0
[  400] t=7.1s energy=6126.0 cycles=1125 lb=1125 best=6125.0
BEST step=480 t=8.3s energy=5522.0 cycles=1122 lb=1122 penalty=0.0 skipped=False policy=None
  spec={'rounds': 16, 'vectors': 32, 'vlen': 8, 'depth4_rounds': 1, 'x4': 0, 'x5': 0, 'flow_setup': 64, 'reset_on_valu': False, 'shifts_on_valu': True, 'offload_op1': 0, 'offload_mode': 'budgeted', 'offload_alu_vec': False, 'offload_budget_hash_shift': 48, 'offload_budget_hash_op1': 192, 'offload_budget_hash_op2': 96, 'offload_budget_parity': 448, 'offload_budget_node_xor': 384, 'offload_budget_swaps': {}, 'offload_hash_op1': True, 'offload_hash_shift': True, 'offload_hash_op2': True, 'offload_parity': True, 'offload_node_xor': True, 'use_bitmask_selection': True, 'selection_mode': 'bitmask', 'binsearch_select': False, 'selection_mode_by_round': {}, 'valu_select': True, 'valu_select_leaf_pairs': False, 'valu_select_rounds': (15,), 'valu_select_precompute_diffs': True, 'fuse_stages': False, 'hash_variant': 'ir', 'hash_xor_style': 'swap', 'hash_xor_style_by_stage': {}, 'hash_bitwise_style': 'tmp_op1', 'hash_bitwise_style_by_stage': {}, 'hash_prog': None, 'node_ptr_incremental': True, 'idx_shifted': True, 'assume_zero_indices': True, 'ptr_setup_engine': 'flow', 'setup_style': 'packed', 'include_setup': True, 'proof_assume_shifted_input': False, 'proof_reset_single_op': False, 'proof_skip_const_zero': False, 'valu_pad_cycles': 0, 'emit_order': 'block', 'vector_block': 4, 'extra_vecs': 3, 'cached_nodes': 15, 'base_cached_rounds': (0, 1, 2, 3, 11, 12, 13, 14), 'depth4_cached_rounds': (15,), 'cached_round_aliases': {}, 'cached_round_depth': {11: 0, 12: 1, 13: 2, 14: 3}, 'cached_round_x': {11: 32, 12: 32, 13: 32, 14: 32}, 'valu_cap': 6, 'alu_cap': 12, 'flow_cap': 1, 'load_cap': 2, 'store_cap': 2, 'total_cycles': 1312, 'sched_seed': 9, 'sched_jitter': 0.1, 'sched_restarts': 2, 'sched_compact': False, 'sched_policy': 'baseline', 'sched_target_cycles': None, 'use_temp_deps': False, 'use_temp_deps_extras': False}
[  500] t=8.6s energy=5522.0 cycles=1122 lb=1122 best=5522.0
[  600] t=10.7s energy=5523.0 cycles=1122 lb=1122 best=5522.0
[  700] t=12.6s energy=5524.0 cycles=1122 lb=1122 best=5522.0
[  800] t=14.7s energy=5522.0 cycles=1122 lb=1122 best=5522.0
[  900] t=16.7s energy=5522.0 cycles=1122 lb=1122 best=5522.0
[ 1000] t=18.7s energy=5523.0 cycles=1122 lb=1122 best=5522.0
[ 1100] t=20.7s energy=5522.0 cycles=1122 lb=1122 best=5522.0
[ 1200] t=22.6s energy=5522.0 cycles=1122 lb=1122 best=5522.0
[ 1300] t=24.3s energy=5522.0 cycles=1122 lb=1122 best=5522.0
[ 1400] t=26.3s energy=5522.0 cycles=1122 lb=1122 best=5522.0
[ 1500] t=28.7s energy=5522.0 cycles=1122 lb=1122 best=5522.0
[ 1600] t=31.0s energy=5522.0 cycles=1122 lb=1122 best=5522.0
[ 1700] t=33.0s energy=5522.0 cycles=1122 lb=1122 best=5522.0
[ 1800] t=35.1s energy=5522.0 cycles=1122 lb=1122 best=5522.0
[ 1900] t=37.3s energy=5522.0 cycles=1122 lb=1122 best=5522.0
BEST step=1956 t=38.4s energy=5120.0 cycles=1120 lb=1120 penalty=0.0 skipped=False policy=None
  spec={'rounds': 16, 'vectors': 32, 'vlen': 8, 'depth4_rounds': 1, 'x4': 0, 'x5': 0, 'flow_setup': 64, 'reset_on_valu': False, 'shifts_on_valu': True, 'offload_op1': 400, 'offload_mode': 'budgeted', 'offload_alu_vec': False, 'offload_budget_hash_shift': 384, 'offload_budget_hash_op1': 192, 'offload_budget_hash_op2': 96, 'offload_budget_parity': 448, 'offload_budget_node_xor': 32, 'offload_budget_swaps': {}, 'offload_hash_op1': True, 'offload_hash_shift': True, 'offload_hash_op2': True, 'offload_parity': True, 'offload_node_xor': True, 'use_bitmask_selection': False, 'selection_mode': 'bitmask_valu', 'binsearch_select': False, 'selection_mode_by_round': {11: 'bitmask', 12: 'bitmask', 13: 'bitmask', 14: 'bitmask'}, 'valu_select': False, 'valu_select_leaf_pairs': False, 'valu_select_rounds': (4,), 'valu_select_precompute_diffs': True, 'fuse_stages': False, 'hash_variant': 'direct', 'hash_xor_style': 'swap', 'hash_xor_style_by_stage': {}, 'hash_bitwise_style': 'inplace', 'hash_bitwise_style_by_stage': {}, 'hash_prog': None, 'node_ptr_incremental': True, 'idx_shifted': True, 'assume_zero_indices': False, 'ptr_setup_engine': 'flow', 'setup_style': 'packed', 'include_setup': True, 'proof_assume_shifted_input': False, 'proof_reset_single_op': False, 'proof_skip_const_zero': False, 'valu_pad_cycles': 0, 'emit_order': 'vector_major', 'vector_block': 0, 'extra_vecs': 3, 'cached_nodes': 15, 'base_cached_rounds': (0, 1, 2, 3, 11, 12, 13, 14), 'depth4_cached_rounds': (15,), 'cached_round_aliases': {}, 'cached_round_depth': {}, 'cached_round_x': {}, 'valu_cap': 6, 'alu_cap': 12, 'flow_cap': 1, 'load_cap': 2, 'store_cap': 2, 'total_cycles': 1312, 'sched_seed': 9, 'sched_jitter': 0.1, 'sched_restarts': 2, 'sched_compact': False, 'sched_policy': 'baseline', 'sched_target_cycles': None, 'use_temp_deps': True, 'use_temp_deps_extras': False}
[ 2000] t=39.3s energy=5120.0 cycles=1120 lb=1120 best=5120.0
[ 2100] t=41.1s energy=5120.0 cycles=1120 lb=1120 best=5120.0
[ 2200] t=43.0s energy=5120.0 cycles=1120 lb=1120 best=5120.0
[ 2300] t=45.0s energy=5120.0 cycles=1120 lb=1120 best=5120.0
[ 2400] t=47.2s energy=5120.0 cycles=1120 lb=1120 best=5120.0
[ 2500] t=49.3s energy=5120.0 cycles=1120 lb=1120 best=5120.0
[ 2600] t=51.4s energy=5120.0 cycles=1120 lb=1120 best=5120.0
[ 2700] t=53.6s energy=5120.0 cycles=1120 lb=1120 best=5120.0
[ 2800] t=55.7s energy=5120.0 cycles=1120 lb=1120 best=5120.0
[ 2900] t=58.0s energy=5120.0 cycles=1120 lb=1120 best=5120.0
[ 3000] t=60.0s energy=5120.0 cycles=1120 lb=1120 best=5120.0
best_score: {"constraint_penalty": 0.0, "constraint_violations": [], "counts": {"alu": 13328, "flow": 800, "load": 2153, "store": 32, "valu": 6718}, "cycles": 1120, "energy": 5120.0, "gap": 20, "lb": 1120, "policy": null}
best_spec: {"alu_cap": 12, "assume_zero_indices": false, "base_cached_rounds": [0, 1, 2, 3, 11, 12, 13, 14], "binsearch_select": false, "cached_nodes": 15, "cached_round_aliases": {}, "cached_round_depth": {}, "cached_round_x": {}, "depth4_cached_rounds": [15], "depth4_rounds": 1, "emit_order": "vector_major", "extra_vecs": 3, "flow_cap": 1, "flow_setup": 64, "fuse_stages": false, "hash_bitwise_style": "inplace", "hash_bitwise_style_by_stage": {}, "hash_prog": null, "hash_variant": "direct", "hash_xor_style": "swap", "hash_xor_style_by_stage": {}, "idx_shifted": true, "include_setup": true, "load_cap": 2, "node_ptr_incremental": true, "offload_alu_vec": false, "offload_budget_hash_op1": 192, "offload_budget_hash_op2": 96, "offload_budget_hash_shift": 384, "offload_budget_node_xor": 32, "offload_budget_parity": 448, "offload_budget_swaps": {}, "offload_hash_op1": true, "offload_hash_op2": true, "offload_hash_shift": true, "offload_mode": "budgeted", "offload_node_xor": true, "offload_op1": 400, "offload_parity": true, "proof_assume_shifted_input": false, "proof_reset_single_op": false, "proof_skip_const_zero": false, "ptr_setup_engine": "flow", "reset_on_valu": false, "rounds": 16, "sched_compact": false, "sched_jitter": 0.1, "sched_policy": "baseline", "sched_restarts": 2, "sched_seed": 9, "sched_target_cycles": null, "selection_mode": "bitmask_valu", "selection_mode_by_round": {"11": "bitmask", "12": "bitmask", "13": "bitmask", "14": "bitmask"}, "setup_style": "packed", "shifts_on_valu": true, "store_cap": 2, "total_cycles": 1312, "use_bitmask_selection": false, "use_temp_deps": true, "use_temp_deps_extras": false, "valu_cap": 6, "valu_pad_cycles": 0, "valu_select": false, "valu_select_leaf_pairs": false, "valu_select_precompute_diffs": true, "valu_select_rounds": [4], "vector_block": 0, "vectors": 32, "vlen": 8, "x4": 0, "x5": 0}
summary:
  mode: parity
  score_mode: lb
  schedule_every: 10 (unscheduled_score=lb)
  mutate_count: 4 mutate_sched: False
  sched_policies: ['mix'] (tie-break: earliest policy)
  engine_order: ['alu', 'valu', 'load', 'store', 'flow']
  caps_source: SLOT_LIMITS
  hazards: ['raw', 'temp', 'war', 'waw']
  latency: raw=1 waw=1 war=0 temp=1 default=1
  gate: 10.0
  lambda: 1.0
  fallback_cycles: 10000
  best_cycles: 1120
  best_energy: 5120.0
  best_penalty: 0.0
  best_gap: 20
  elapsed_s: 60.6
  dag_hash: 30f3c4c0b114b6bac813a3d184273a0eb4484de8f9c32e8e3abd67e677fd06c6
  bundle_count: 7595
  baseline_cycles: 7595
  dependency_model: {'includes_raw': True, 'includes_waw': True, 'includes_war': True, 'temp_hazard_tags': True, 'read_after_read': False, 'latency': {'raw': 1, 'waw': 1, 'war': 0, 'temp': 1, 'default': 1}}
