energy_search: 2026-02-05 20:12:15
  mode=parity score_mode=bundle steps=800 seed=10
  schedule_every=0 unscheduled_score=skip
  mutate_count=4 mutate_sched=True
  sched_seed_domain=[0, 1, 2, 3, 4, 5, 6, 7, 8, 9, 10, 11, 12, 13, 14, 15, 16, 17, 18, 19, 20, 21, 22, 23, 24, 25, 26, 27, 28, 29, 30, 31, 32, 33, 34, 35, 36, 37, 38, 39, 40, 41, 42, 43, 44, 45, 46, 47, 48, 49, 50, 51, 52, 53, 54, 55, 56, 57, 58, 59, 60, 61, 62, 63]
  sched_jitter_domain=[0.0, 0.05, 0.1]
  sched_restarts_domain=[1, 2, 4, 8, 16, 32]
  sched_policies=['mix'] sched_restarts=10 sched_jitter=0.4
  hazards=['raw', 'temp', 'war', 'waw'] latency_raw=1 latency_waw=1 latency_war=0 latency_temp=1 latency_default=1
  gate=10.0 lambda=1.0 target=0 penalty=0.0
BEST step=5 t=26.1s energy=1339.0 cycles=1338 lb=1212 penalty=1.0 skipped=False policy=None
  spec={'rounds': 16, 'vectors': 32, 'vlen': 8, 'depth4_rounds': 0, 'x4': 0, 'x5': 0, 'flow_setup': 64, 'reset_on_valu': False, 'shifts_on_valu': True, 'offload_op1': 1200, 'offload_hash_op1': False, 'offload_hash_shift': False, 'offload_hash_op2': True, 'offload_parity': False, 'offload_node_xor': False, 'use_bitmask_selection': True, 'selection_mode': 'bitmask', 'selection_mode_by_round': {11: 'mask_precompute', 12: 'mask_precompute', 13: 'mask_precompute', 14: 'mask_precompute'}, 'valu_select': False, 'node_ptr_incremental': False, 'idx_shifted': True, 'ptr_setup_engine': 'alu', 'setup_style': 'inline', 'include_setup': True, 'proof_assume_shifted_input': False, 'proof_reset_single_op': False, 'proof_skip_const_zero': False, 'valu_pad_cycles': 0, 'vector_block': 4, 'extra_vecs': 3, 'cached_nodes': None, 'base_cached_rounds': (0, 1, 2, 3, 11, 12, 13, 14), 'depth4_cached_rounds': (), 'cached_round_aliases': {}, 'cached_round_depth': {}, 'cached_round_x': {}, 'valu_cap': 6, 'alu_cap': 12, 'flow_cap': 1, 'load_cap': 2, 'store_cap': 2, 'total_cycles': 1312, 'sched_seed': 53, 'sched_jitter': 0.1, 'sched_restarts': 32, 'use_temp_deps': True}
[   10] t=42.5s energy=1339.0 cycles=1338 lb=1212 best=1339.0
[   20] t=84.6s energy=1358.0 cycles=1357 lb=1179 best=1339.0
[   30] t=126.9s energy=1364.0 cycles=1363 lb=1181 best=1339.0
[   40] t=141.9s energy=1410.0 cycles=1408 lb=1325 best=1339.0
[   50] t=154.3s energy=1360.0 cycles=1358 lb=1208 best=1339.0
[   60] t=168.8s energy=1364.0 cycles=1362 lb=1208 best=1339.0
[   70] t=178.3s energy=1375.0 cycles=1373 lb=1256 best=1339.0
[   80] t=188.0s energy=1367.0 cycles=1365 lb=1256 best=1339.0
[   90] t=191.9s energy=1374.0 cycles=1372 lb=1253 best=1339.0
[  100] t=194.6s energy=1364.0 cycles=1362 lb=1253 best=1339.0
[  110] t=196.6s energy=1359.0 cycles=1357 lb=1181 best=1339.0
[  120] t=198.3s energy=1385.0 cycles=1383 lb=1248 best=1339.0
[  130] t=199.9s energy=1474.0 cycles=1472 lb=1189 best=1339.0
[  140] t=201.6s energy=1474.0 cycles=1472 lb=1189 best=1339.0
[  150] t=232.9s energy=1391.0 cycles=1389 lb=1279 best=1339.0
[  160] t=234.6s energy=1382.0 cycles=1381 lb=1279 best=1339.0
[  170] t=239.2s energy=1420.0 cycles=1419 lb=1292 best=1339.0
[  180] t=262.6s energy=1446.0 cycles=1445 lb=1292 best=1339.0
[  190] t=274.5s energy=1427.0 cycles=1426 lb=1292 best=1339.0
[  200] t=290.8s energy=1392.0 cycles=1391 lb=1251 best=1339.0
[  210] t=302.6s energy=1376.0 cycles=1375 lb=1181 best=1339.0
[  220] t=311.8s energy=1374.0 cycles=1373 lb=1229 best=1339.0
[  230] t=320.1s energy=1374.0 cycles=1373 lb=1229 best=1339.0
[  240] t=322.3s energy=1374.0 cycles=1373 lb=1229 best=1339.0
[  250] t=326.9s energy=1374.0 cycles=1373 lb=1229 best=1339.0
BEST step=260 t=329.5s energy=1331.0 cycles=1330 lb=1227 penalty=1.0 skipped=False policy=None
  spec={'rounds': 16, 'vectors': 32, 'vlen': 8, 'depth4_rounds': 1, 'x4': 0, 'x5': 0, 'flow_setup': 64, 'reset_on_valu': False, 'shifts_on_valu': False, 'offload_op1': 1200, 'offload_hash_op1': False, 'offload_hash_shift': False, 'offload_hash_op2': False, 'offload_parity': False, 'offload_node_xor': True, 'use_bitmask_selection': True, 'selection_mode': 'bitmask', 'selection_mode_by_round': {11: 'mask_precompute', 12: 'mask_precompute', 13: 'mask_precompute', 14: 'mask_precompute'}, 'valu_select': False, 'node_ptr_incremental': False, 'idx_shifted': True, 'ptr_setup_engine': 'flow', 'setup_style': 'inline', 'include_setup': True, 'proof_assume_shifted_input': False, 'proof_reset_single_op': False, 'proof_skip_const_zero': False, 'valu_pad_cycles': 0, 'vector_block': 0, 'extra_vecs': 3, 'cached_nodes': 15, 'base_cached_rounds': (0, 1, 2, 3, 11, 12, 13, 14), 'depth4_cached_rounds': (4,), 'cached_round_aliases': {}, 'cached_round_depth': {}, 'cached_round_x': {}, 'valu_cap': 6, 'alu_cap': 12, 'flow_cap': 1, 'load_cap': 2, 'store_cap': 2, 'total_cycles': 1312, 'sched_seed': 5, 'sched_jitter': 0.05, 'sched_restarts': 1, 'use_temp_deps': True}
[  260] t=329.5s energy=1331.0 cycles=1330 lb=1227 best=1331.0
BEST step=263 t=331.5s energy=1329.0 cycles=1328 lb=1227 penalty=1.0 skipped=False policy=None
  spec={'rounds': 16, 'vectors': 32, 'vlen': 8, 'depth4_rounds': 1, 'x4': 0, 'x5': 0, 'flow_setup': 64, 'reset_on_valu': False, 'shifts_on_valu': False, 'offload_op1': 1200, 'offload_hash_op1': False, 'offload_hash_shift': False, 'offload_hash_op2': False, 'offload_parity': False, 'offload_node_xor': True, 'use_bitmask_selection': True, 'selection_mode': 'bitmask', 'selection_mode_by_round': {11: 'mask_precompute', 12: 'mask_precompute', 13: 'mask_precompute', 14: 'mask_precompute'}, 'valu_select': False, 'node_ptr_incremental': False, 'idx_shifted': True, 'ptr_setup_engine': 'flow', 'setup_style': 'inline', 'include_setup': True, 'proof_assume_shifted_input': False, 'proof_reset_single_op': False, 'proof_skip_const_zero': False, 'valu_pad_cycles': 0, 'vector_block': 0, 'extra_vecs': 3, 'cached_nodes': 15, 'base_cached_rounds': (0, 1, 2, 3, 11, 12, 13, 14), 'depth4_cached_rounds': (4,), 'cached_round_aliases': {}, 'cached_round_depth': {}, 'cached_round_x': {}, 'valu_cap': 6, 'alu_cap': 12, 'flow_cap': 1, 'load_cap': 2, 'store_cap': 2, 'total_cycles': 1312, 'sched_seed': 5, 'sched_jitter': 0.0, 'sched_restarts': 2, 'use_temp_deps': True}
[  270] t=332.9s energy=1359.0 cycles=1357 lb=1237 best=1329.0
[  280] t=334.8s energy=1332.0 cycles=1331 lb=1163 best=1329.0
BEST step=285 t=335.9s energy=1327.0 cycles=1326 lb=1152 penalty=1.0 skipped=False policy=None
  spec={'rounds': 16, 'vectors': 32, 'vlen': 8, 'depth4_rounds': 0, 'x4': 0, 'x5': 0, 'flow_setup': 64, 'reset_on_valu': False, 'shifts_on_valu': True, 'offload_op1': 1200, 'offload_hash_op1': False, 'offload_hash_shift': False, 'offload_hash_op2': False, 'offload_parity': True, 'offload_node_xor': True, 'use_bitmask_selection': True, 'selection_mode': 'bitmask', 'selection_mode_by_round': {11: 'mask_precompute', 12: 'mask_precompute', 13: 'mask_precompute', 14: 'mask_precompute'}, 'valu_select': False, 'node_ptr_incremental': False, 'idx_shifted': True, 'ptr_setup_engine': 'alu', 'setup_style': 'inline', 'include_setup': True, 'proof_assume_shifted_input': False, 'proof_reset_single_op': False, 'proof_skip_const_zero': False, 'valu_pad_cycles': 0, 'vector_block': 0, 'extra_vecs': 3, 'cached_nodes': 15, 'base_cached_rounds': (0, 1, 2, 3, 11, 12, 13, 14), 'depth4_cached_rounds': (), 'cached_round_aliases': {}, 'cached_round_depth': {}, 'cached_round_x': {}, 'valu_cap': 6, 'alu_cap': 12, 'flow_cap': 1, 'load_cap': 2, 'store_cap': 2, 'total_cycles': 1312, 'sched_seed': 1, 'sched_jitter': 0.0, 'sched_restarts': 1, 'use_temp_deps': True}
[  290] t=336.6s energy=1327.0 cycles=1326 lb=1152 best=1327.0
[  300] t=338.8s energy=1327.0 cycles=1326 lb=1152 best=1327.0
[  310] t=344.1s energy=1328.0 cycles=1326 lb=1152 best=1327.0
BEST step=317 t=348.4s energy=1315.0 cycles=1313 lb=1189 penalty=2.0 skipped=False policy=None
  spec={'rounds': 16, 'vectors': 32, 'vlen': 8, 'depth4_rounds': 1, 'x4': 0, 'x5': 0, 'flow_setup': 64, 'reset_on_valu': True, 'shifts_on_valu': False, 'offload_op1': 800, 'offload_hash_op1': False, 'offload_hash_shift': False, 'offload_hash_op2': False, 'offload_parity': True, 'offload_node_xor': True, 'use_bitmask_selection': True, 'selection_mode': 'bitmask', 'selection_mode_by_round': {11: 'mask_precompute', 12: 'mask_precompute', 13: 'mask_precompute', 14: 'mask_precompute'}, 'valu_select': False, 'node_ptr_incremental': False, 'idx_shifted': True, 'ptr_setup_engine': 'alu', 'setup_style': 'inline', 'include_setup': True, 'proof_assume_shifted_input': False, 'proof_reset_single_op': False, 'proof_skip_const_zero': False, 'valu_pad_cycles': 0, 'vector_block': 0, 'extra_vecs': 2, 'cached_nodes': 15, 'base_cached_rounds': (0, 1, 2, 3, 11, 12, 13, 14), 'depth4_cached_rounds': (4,), 'cached_round_aliases': {}, 'cached_round_depth': {11: 0, 12: 1, 13: 2, 14: 3}, 'cached_round_x': {}, 'valu_cap': 6, 'alu_cap': 12, 'flow_cap': 1, 'load_cap': 2, 'store_cap': 2, 'total_cycles': 1312, 'sched_seed': 8, 'sched_jitter': 0.1, 'sched_restarts': 4, 'use_temp_deps': True}
[  320] t=350.0s energy=1315.0 cycles=1313 lb=1189 best=1315.0
BEST step=326 t=354.7s energy=1313.0 cycles=1311 lb=1179 penalty=2.0 skipped=False policy=None
  spec={'rounds': 16, 'vectors': 32, 'vlen': 8, 'depth4_rounds': 1, 'x4': 0, 'x5': 0, 'flow_setup': 64, 'reset_on_valu': False, 'shifts_on_valu': True, 'offload_op1': 800, 'offload_hash_op1': False, 'offload_hash_shift': False, 'offload_hash_op2': False, 'offload_parity': True, 'offload_node_xor': True, 'use_bitmask_selection': True, 'selection_mode': 'bitmask', 'selection_mode_by_round': {11: 'mask_precompute', 12: 'mask_precompute', 13: 'mask_precompute', 14: 'mask_precompute'}, 'valu_select': False, 'node_ptr_incremental': False, 'idx_shifted': True, 'ptr_setup_engine': 'alu', 'setup_style': 'inline', 'include_setup': True, 'proof_assume_shifted_input': False, 'proof_reset_single_op': False, 'proof_skip_const_zero': False, 'valu_pad_cycles': 0, 'vector_block': 0, 'extra_vecs': 2, 'cached_nodes': 15, 'base_cached_rounds': (0, 1, 2, 3, 11, 12, 13, 14), 'depth4_cached_rounds': (4,), 'cached_round_aliases': {}, 'cached_round_depth': {11: 0, 12: 1, 13: 2, 14: 3}, 'cached_round_x': {}, 'valu_cap': 6, 'alu_cap': 12, 'flow_cap': 1, 'load_cap': 2, 'store_cap': 2, 'total_cycles': 1312, 'sched_seed': 42, 'sched_jitter': 0.1, 'sched_restarts': 4, 'use_temp_deps': True}
[  330] t=361.8s energy=1313.0 cycles=1311 lb=1179 best=1313.0
[  340] t=368.4s energy=1313.0 cycles=1311 lb=1179 best=1313.0
[  350] t=374.0s energy=1313.0 cycles=1311 lb=1179 best=1313.0
BEST step=355 t=375.6s energy=1312.0 cycles=1311 lb=1179 penalty=1.0 skipped=False policy=None
  spec={'rounds': 16, 'vectors': 32, 'vlen': 8, 'depth4_rounds': 1, 'x4': 0, 'x5': 0, 'flow_setup': 64, 'reset_on_valu': False, 'shifts_on_valu': True, 'offload_op1': 800, 'offload_hash_op1': False, 'offload_hash_shift': False, 'offload_hash_op2': False, 'offload_parity': True, 'offload_node_xor': True, 'use_bitmask_selection': True, 'selection_mode': 'bitmask', 'selection_mode_by_round': {11: 'mask_precompute', 12: 'mask_precompute', 13: 'mask_precompute', 14: 'mask_precompute'}, 'valu_select': False, 'node_ptr_incremental': False, 'idx_shifted': True, 'ptr_setup_engine': 'alu', 'setup_style': 'inline', 'include_setup': True, 'proof_assume_shifted_input': False, 'proof_reset_single_op': False, 'proof_skip_const_zero': False, 'valu_pad_cycles': 0, 'vector_block': 0, 'extra_vecs': 3, 'cached_nodes': 15, 'base_cached_rounds': (0, 1, 2, 3, 11, 12, 13, 14), 'depth4_cached_rounds': (4,), 'cached_round_aliases': {}, 'cached_round_depth': {}, 'cached_round_x': {}, 'valu_cap': 6, 'alu_cap': 12, 'flow_cap': 1, 'load_cap': 2, 'store_cap': 2, 'total_cycles': 1312, 'sched_seed': 42, 'sched_jitter': 0.1, 'sched_restarts': 2, 'use_temp_deps': True}
[  360] t=376.6s energy=1312.0 cycles=1311 lb=1179 best=1312.0
[  370] t=379.6s energy=1312.0 cycles=1311 lb=1179 best=1312.0
[  380] t=382.0s energy=1312.0 cycles=1311 lb=1179 best=1312.0
[  390] t=389.4s energy=1312.0 cycles=1311 lb=1179 best=1312.0
[  400] t=392.0s energy=1312.0 cycles=1311 lb=1179 best=1312.0
BEST step=403 t=393.3s energy=1300.0 cycles=1299 lb=1179 penalty=1.0 skipped=False policy=None
  spec={'rounds': 16, 'vectors': 32, 'vlen': 8, 'depth4_rounds': 0, 'x4': 0, 'x5': 0, 'flow_setup': 64, 'reset_on_valu': False, 'shifts_on_valu': True, 'offload_op1': 800, 'offload_hash_op1': False, 'offload_hash_shift': False, 'offload_hash_op2': False, 'offload_parity': True, 'offload_node_xor': True, 'use_bitmask_selection': True, 'selection_mode': 'bitmask', 'selection_mode_by_round': {11: 'mask_precompute', 12: 'mask_precompute', 13: 'mask_precompute', 14: 'mask_precompute'}, 'valu_select': False, 'node_ptr_incremental': False, 'idx_shifted': True, 'ptr_setup_engine': 'flow', 'setup_style': 'inline', 'include_setup': True, 'proof_assume_shifted_input': False, 'proof_reset_single_op': False, 'proof_skip_const_zero': False, 'valu_pad_cycles': 0, 'vector_block': 0, 'extra_vecs': 3, 'cached_nodes': 15, 'base_cached_rounds': (0, 1, 2, 3, 11, 12, 13, 14), 'depth4_cached_rounds': (), 'cached_round_aliases': {}, 'cached_round_depth': {}, 'cached_round_x': {}, 'valu_cap': 6, 'alu_cap': 12, 'flow_cap': 1, 'load_cap': 2, 'store_cap': 2, 'total_cycles': 1312, 'sched_seed': 9, 'sched_jitter': 0.1, 'sched_restarts': 2, 'use_temp_deps': True}
[  410] t=403.8s energy=1300.0 cycles=1299 lb=1179 best=1300.0
[  420] t=446.5s energy=1300.0 cycles=1299 lb=1179 best=1300.0
[  430] t=497.4s energy=1310.0 cycles=1309 lb=1181 best=1300.0
[  440] t=522.8s energy=1310.0 cycles=1309 lb=1181 best=1300.0
[  450] t=527.5s energy=1305.0 cycles=1304 lb=1163 best=1300.0
[  460] t=529.2s energy=1320.0 cycles=1319 lb=1165 best=1300.0
[  470] t=532.5s energy=1305.0 cycles=1304 lb=1163 best=1300.0
[  480] t=534.4s energy=1305.0 cycles=1304 lb=1163 best=1300.0
[  490] t=538.2s energy=1304.0 cycles=1303 lb=1152 best=1300.0
[  500] t=540.9s energy=1304.0 cycles=1303 lb=1152 best=1300.0
[  510] t=544.8s energy=1304.0 cycles=1303 lb=1152 best=1300.0
[  520] t=550.1s energy=1300.0 cycles=1299 lb=1179 best=1300.0
[  530] t=559.2s energy=1300.0 cycles=1299 lb=1179 best=1300.0
[  540] t=565.6s energy=1300.0 cycles=1299 lb=1179 best=1300.0
[  550] t=576.8s energy=1300.0 cycles=1299 lb=1179 best=1300.0
[  560] t=585.9s energy=1300.0 cycles=1299 lb=1179 best=1300.0
[  570] t=596.5s energy=1300.0 cycles=1299 lb=1179 best=1300.0
[  580] t=614.2s energy=1300.0 cycles=1299 lb=1179 best=1300.0
[  590] t=631.6s energy=1300.0 cycles=1299 lb=1179 best=1300.0
[  600] t=669.1s energy=1300.0 cycles=1299 lb=1179 best=1300.0
[  610] t=1793.8s energy=1300.0 cycles=1299 lb=1179 best=1300.0
[  620] t=1808.7s energy=1300.0 cycles=1299 lb=1179 best=1300.0
[  630] t=1824.6s energy=1300.0 cycles=1299 lb=1179 best=1300.0
[  640] t=1834.2s energy=1300.0 cycles=1299 lb=1179 best=1300.0
[  650] t=1843.7s energy=1300.0 cycles=1299 lb=1179 best=1300.0
[  660] t=1861.6s energy=1300.0 cycles=1299 lb=1179 best=1300.0
[  670] t=1871.4s energy=1300.0 cycles=1299 lb=1179 best=1300.0
[  680] t=1886.0s energy=1300.0 cycles=1299 lb=1179 best=1300.0
[  690] t=1896.5s energy=1300.0 cycles=1299 lb=1179 best=1300.0
[  700] t=1903.0s energy=1300.0 cycles=1299 lb=1179 best=1300.0
[  710] t=1914.3s energy=1300.0 cycles=1299 lb=1179 best=1300.0
[  720] t=1927.6s energy=1301.0 cycles=1300 lb=1189 best=1300.0
[  730] t=1946.9s energy=1301.0 cycles=1300 lb=1189 best=1300.0
[  740] t=1957.2s energy=1302.0 cycles=1301 lb=1189 best=1300.0
[  750] t=1969.4s energy=1301.0 cycles=1300 lb=1189 best=1300.0
[  760] t=1980.7s energy=1301.0 cycles=1300 lb=1189 best=1300.0
[  770] t=1989.5s energy=1302.0 cycles=1301 lb=1189 best=1300.0
[  780] t=1998.6s energy=1300.0 cycles=1299 lb=1179 best=1300.0
[  790] t=2007.1s energy=1300.0 cycles=1299 lb=1179 best=1300.0
[  800] t=2014.4s energy=1300.0 cycles=1299 lb=1179 best=1300.0
best_score: {"constraint_penalty": 1.0, "constraint_violations": ["soft: selection_mode_by_round mask_precompute with extra_vecs < 4"], "counts": {"alu": 11280, "flow": 800, "load": 2157, "store": 32, "valu": 7069}, "cycles": 1299, "energy": 1300.0, "gap": 0, "lb": 1179, "policy": null}
best_spec: {"alu_cap": 12, "base_cached_rounds": [0, 1, 2, 3, 11, 12, 13, 14], "cached_nodes": 15, "cached_round_aliases": {}, "cached_round_depth": {}, "cached_round_x": {}, "depth4_cached_rounds": [], "depth4_rounds": 0, "extra_vecs": 3, "flow_cap": 1, "flow_setup": 64, "idx_shifted": true, "include_setup": true, "load_cap": 2, "node_ptr_incremental": false, "offload_hash_op1": false, "offload_hash_op2": false, "offload_hash_shift": false, "offload_node_xor": true, "offload_op1": 800, "offload_parity": true, "proof_assume_shifted_input": false, "proof_reset_single_op": false, "proof_skip_const_zero": false, "ptr_setup_engine": "flow", "reset_on_valu": false, "rounds": 16, "sched_jitter": 0.1, "sched_restarts": 2, "sched_seed": 9, "selection_mode": "bitmask", "selection_mode_by_round": {"11": "mask_precompute", "12": "mask_precompute", "13": "mask_precompute", "14": "mask_precompute"}, "setup_style": "inline", "shifts_on_valu": true, "store_cap": 2, "total_cycles": 1312, "use_bitmask_selection": true, "use_temp_deps": true, "valu_cap": 6, "valu_pad_cycles": 0, "valu_select": false, "vector_block": 0, "vectors": 32, "vlen": 8, "x4": 0, "x5": 0}
summary:
  mode: parity
  score_mode: bundle
  schedule_every: 0 (unscheduled_score=skip)
  mutate_count: 4 mutate_sched: True
  sched_policies: ['mix'] (tie-break: earliest policy)
  engine_order: ['alu', 'valu', 'load', 'store', 'flow']
  caps_source: SLOT_LIMITS
  hazards: ['raw', 'temp', 'war', 'waw']
  latency: raw=1 waw=1 war=0 temp=1 default=1
  gate: 10.0
  lambda: 1.0
  fallback_cycles: 10000
  best_cycles: 1299
  best_energy: 1300.0
  best_penalty: 1.0
  best_gap: 0
  elapsed_s: 2014.9
  dag_hash: 7a186ff3dd39ae597af22c4e2e65aa2268aabbe030045fba91ead9cd841edea0
  bundle_count: 1299
  baseline_cycles: 1299
  dependency_model: {'includes_raw': True, 'includes_waw': True, 'includes_war': True, 'temp_hazard_tags': True, 'read_after_read': False, 'latency': {'raw': 1, 'waw': 1, 'war': 0, 'temp': 1, 'default': 1}}
