energy_search: 2026-02-11 09:46:19
  mode=parity score_mode=lb steps=4000 seed=9090
  schedule_every=0 unscheduled_score=lb
  mutate_count=4 mutate_sched=False
  mutate_keys=['assume_zero_indices', 'base_cached_rounds', 'cached_nodes', 'depth4_rounds', 'emit_order', 'extra_vecs', 'hash_bitwise_style', 'hash_variant', 'hash_xor_style', 'idx_shifted', 'node_ptr_incremental', 'offload_budget_hash_op1', 'offload_budget_hash_op2', 'offload_budget_hash_shift', 'offload_budget_node_xor', 'offload_budget_parity', 'offload_budget_swaps', 'offload_hash_op1', 'offload_hash_op2', 'offload_hash_shift', 'offload_mode', 'offload_node_xor', 'offload_op1', 'offload_parity', 'partial_cache', 'ptr_setup_engine', 'reset_on_valu', 'selection_by_round', 'selection_mode', 'setup_style', 'shifts_on_valu', 'use_temp_deps', 'use_temp_deps_extras', 'valu_select', 'valu_select_precompute_diffs', 'valu_select_rounds', 'vector_block', 'x4']
  offload_swap_cfg=cats=('parity', 'node_xor', 'hash_op2', 'hash_shift', 'hash_op1') span=768 max_per_cat=3
  sched_policies=['mix'] sched_restarts=10 sched_jitter=0.4
  hazards=['raw', 'temp', 'war', 'waw'] latency_raw=1 latency_waw=1 latency_war=0 latency_temp=1 latency_default=1
  gate=10.0 lambda=1.0 target=1100 penalty=250.0
  log_file=tmp/search_lb_4000_s9090.log
BEST step=3 t=0.1s energy=12395.0 cycles=1145 lb=1145 penalty=0.0 skipped=False policy=None
  spec={'rounds': 16, 'vectors': 32, 'vlen': 8, 'depth4_rounds': 0, 'x4': 0, 'x5': 0, 'flow_setup': 64, 'reset_on_valu': False, 'shifts_on_valu': True, 'offload_op1': 800, 'offload_mode': 'budgeted', 'offload_alu_vec': False, 'offload_budget_hash_shift': 192, 'offload_budget_hash_op1': 0, 'offload_budget_hash_op2': 12, 'offload_budget_parity': 416, 'offload_budget_node_xor': 384, 'offload_budget_swaps': {'parity': ((272, 425),)}, 'offload_hash_op1': True, 'offload_hash_shift': True, 'offload_hash_op2': True, 'offload_parity': True, 'offload_node_xor': True, 'use_bitmask_selection': True, 'selection_mode': 'bitmask', 'binsearch_select': False, 'selection_mode_by_round': {11: 'eq', 12: 'eq', 13: 'eq', 14: 'eq'}, 'valu_select': False, 'valu_select_leaf_pairs': False, 'valu_select_rounds': None, 'valu_select_precompute_diffs': True, 'fuse_stages': False, 'hash_variant': 'direct', 'hash_xor_style': 'swap', 'hash_xor_style_by_stage': {}, 'hash_bitwise_style': 'inplace', 'hash_bitwise_style_by_stage': {}, 'hash_prog': None, 'node_ptr_incremental': False, 'idx_shifted': True, 'assume_zero_indices': False, 'ptr_setup_engine': 'flow', 'setup_style': 'inline', 'include_setup': True, 'proof_assume_shifted_input': False, 'proof_reset_single_op': False, 'proof_skip_const_zero': False, 'valu_pad_cycles': 0, 'emit_order': 'auto', 'vector_block': 0, 'extra_vecs': 3, 'cached_nodes': 15, 'base_cached_rounds': (0, 1, 2, 3, 11, 12, 13, 14), 'depth4_cached_rounds': (), 'cached_round_aliases': {}, 'cached_round_depth': {}, 'cached_round_x': {}, 'valu_cap': 6, 'alu_cap': 12, 'flow_cap': 1, 'load_cap': 2, 'store_cap': 2, 'total_cycles': 1312, 'sched_seed': 9, 'sched_jitter': 0.1, 'sched_restarts': 2, 'sched_compact': False, 'sched_policy': 'baseline', 'sched_target_cycles': None, 'use_temp_deps': True, 'use_temp_deps_extras': True}
BEST step=58 t=1.9s energy=11893.0 cycles=1143 lb=1143 penalty=0.0 skipped=False policy=None
  spec={'rounds': 16, 'vectors': 32, 'vlen': 8, 'depth4_rounds': 0, 'x4': 0, 'x5': 0, 'flow_setup': 64, 'reset_on_valu': False, 'shifts_on_valu': False, 'offload_op1': 1200, 'offload_mode': 'prefix', 'offload_alu_vec': False, 'offload_budget_hash_shift': 192, 'offload_budget_hash_op1': 0, 'offload_budget_hash_op2': 12, 'offload_budget_parity': 416, 'offload_budget_node_xor': 384, 'offload_budget_swaps': {'parity': ((272, 425),), 'node_xor': ((28, 885),)}, 'offload_hash_op1': False, 'offload_hash_shift': True, 'offload_hash_op2': True, 'offload_parity': True, 'offload_node_xor': True, 'use_bitmask_selection': True, 'selection_mode': 'bitmask', 'binsearch_select': False, 'selection_mode_by_round': {}, 'valu_select': False, 'valu_select_leaf_pairs': False, 'valu_select_rounds': None, 'valu_select_precompute_diffs': True, 'fuse_stages': False, 'hash_variant': 'ir', 'hash_xor_style': 'tmp_xor_const', 'hash_xor_style_by_stage': {}, 'hash_bitwise_style': 'inplace', 'hash_bitwise_style_by_stage': {}, 'hash_prog': None, 'node_ptr_incremental': False, 'idx_shifted': True, 'assume_zero_indices': True, 'ptr_setup_engine': 'flow', 'setup_style': 'inline', 'include_setup': True, 'proof_assume_shifted_input': False, 'proof_reset_single_op': False, 'proof_skip_const_zero': False, 'valu_pad_cycles': 0, 'emit_order': 'block', 'vector_block': 0, 'extra_vecs': 3, 'cached_nodes': 15, 'base_cached_rounds': (0, 1, 2, 3, 11, 12, 13, 14), 'depth4_cached_rounds': (), 'cached_round_aliases': {}, 'cached_round_depth': {}, 'cached_round_x': {}, 'valu_cap': 6, 'alu_cap': 12, 'flow_cap': 1, 'load_cap': 2, 'store_cap': 2, 'total_cycles': 1312, 'sched_seed': 9, 'sched_jitter': 0.1, 'sched_restarts': 2, 'sched_compact': False, 'sched_policy': 'baseline', 'sched_target_cycles': None, 'use_temp_deps': False, 'use_temp_deps_extras': False}
BEST step=105 t=3.2s energy=5870.0 cycles=1119 lb=1119 penalty=1.0 skipped=False policy=None
  spec={'rounds': 16, 'vectors': 32, 'vlen': 8, 'depth4_rounds': 0, 'x4': 0, 'x5': 0, 'flow_setup': 64, 'reset_on_valu': False, 'shifts_on_valu': True, 'offload_op1': 1200, 'offload_mode': 'budgeted', 'offload_alu_vec': False, 'offload_budget_hash_shift': 768, 'offload_budget_hash_op1': 0, 'offload_budget_hash_op2': 12, 'offload_budget_parity': 0, 'offload_budget_node_xor': 384, 'offload_budget_swaps': {'parity': ((272, 425), (89, 938)), 'node_xor': ((28, 885),), 'hash_op2': ((9, 91),), 'hash_shift': ((60, 490),)}, 'offload_hash_op1': False, 'offload_hash_shift': True, 'offload_hash_op2': True, 'offload_parity': True, 'offload_node_xor': True, 'use_bitmask_selection': True, 'selection_mode': 'bitmask', 'binsearch_select': False, 'selection_mode_by_round': {}, 'valu_select': False, 'valu_select_leaf_pairs': False, 'valu_select_rounds': (4, 15), 'valu_select_precompute_diffs': False, 'fuse_stages': False, 'hash_variant': 'direct', 'hash_xor_style': 'tmp_xor_const', 'hash_xor_style_by_stage': {}, 'hash_bitwise_style': 'tmp_op1', 'hash_bitwise_style_by_stage': {}, 'hash_prog': None, 'node_ptr_incremental': True, 'idx_shifted': True, 'assume_zero_indices': False, 'ptr_setup_engine': 'flow', 'setup_style': 'inline', 'include_setup': True, 'proof_assume_shifted_input': False, 'proof_reset_single_op': False, 'proof_skip_const_zero': False, 'valu_pad_cycles': 0, 'emit_order': 'block', 'vector_block': 32, 'extra_vecs': 1, 'cached_nodes': 15, 'base_cached_rounds': (0, 1, 2, 3, 11, 12, 13, 14), 'depth4_cached_rounds': (), 'cached_round_aliases': {}, 'cached_round_depth': {11: 0, 12: 1, 13: 2, 14: 3}, 'cached_round_x': {11: 32, 12: 32, 13: 32, 14: 32}, 'valu_cap': 6, 'alu_cap': 12, 'flow_cap': 1, 'load_cap': 2, 'store_cap': 2, 'total_cycles': 1312, 'sched_seed': 9, 'sched_jitter': 0.1, 'sched_restarts': 2, 'sched_compact': False, 'sched_policy': 'baseline', 'sched_target_cycles': None, 'use_temp_deps': False, 'use_temp_deps_extras': False}
BEST step=171 t=5.1s energy=5869.0 cycles=1119 lb=1119 penalty=0.0 skipped=False policy=None
  spec={'rounds': 16, 'vectors': 32, 'vlen': 8, 'depth4_rounds': 1, 'x4': 0, 'x5': 0, 'flow_setup': 64, 'reset_on_valu': False, 'shifts_on_valu': False, 'offload_op1': 1200, 'offload_mode': 'budgeted', 'offload_alu_vec': False, 'offload_budget_hash_shift': 768, 'offload_budget_hash_op1': 48, 'offload_budget_hash_op2': 12, 'offload_budget_parity': 0, 'offload_budget_node_xor': 384, 'offload_budget_swaps': {'parity': ((272, 425), (89, 938)), 'node_xor': ((28, 885), (297, 598)), 'hash_shift': ((60, 490),), 'hash_op2': ((1, 603),)}, 'offload_hash_op1': False, 'offload_hash_shift': True, 'offload_hash_op2': True, 'offload_parity': False, 'offload_node_xor': True, 'use_bitmask_selection': True, 'selection_mode': 'bitmask', 'binsearch_select': False, 'selection_mode_by_round': {}, 'valu_select': False, 'valu_select_leaf_pairs': False, 'valu_select_rounds': (4,), 'valu_select_precompute_diffs': True, 'fuse_stages': False, 'hash_variant': 'direct', 'hash_xor_style': 'baseline', 'hash_xor_style_by_stage': {}, 'hash_bitwise_style': 'inplace', 'hash_bitwise_style_by_stage': {}, 'hash_prog': None, 'node_ptr_incremental': True, 'idx_shifted': True, 'assume_zero_indices': True, 'ptr_setup_engine': 'flow', 'setup_style': 'inline', 'include_setup': True, 'proof_assume_shifted_input': False, 'proof_reset_single_op': False, 'proof_skip_const_zero': False, 'valu_pad_cycles': 0, 'emit_order': 'auto', 'vector_block': 32, 'extra_vecs': 4, 'cached_nodes': 15, 'base_cached_rounds': (0, 1, 2, 3, 11, 12, 13, 14), 'depth4_cached_rounds': (15,), 'cached_round_aliases': {}, 'cached_round_depth': {}, 'cached_round_x': {}, 'valu_cap': 6, 'alu_cap': 12, 'flow_cap': 1, 'load_cap': 2, 'store_cap': 2, 'total_cycles': 1312, 'sched_seed': 9, 'sched_jitter': 0.1, 'sched_restarts': 2, 'sched_compact': False, 'sched_policy': 'baseline', 'sched_target_cycles': None, 'use_temp_deps': False, 'use_temp_deps_extras': False}
[  200] t=5.9s energy=5870.0 cycles=1119 lb=1119 best=5869.0
[  400] t=11.7s energy=5869.0 cycles=1119 lb=1119 best=5869.0
[  600] t=17.3s energy=5871.0 cycles=1119 lb=1119 best=5869.0
[  800] t=23.0s energy=5869.0 cycles=1119 lb=1119 best=5869.0
[ 1000] t=28.7s energy=5869.0 cycles=1119 lb=1119 best=5869.0
[ 1200] t=34.9s energy=5869.0 cycles=1119 lb=1119 best=5869.0
[ 1400] t=41.2s energy=5869.0 cycles=1119 lb=1119 best=5869.0
[ 1600] t=47.1s energy=5869.0 cycles=1119 lb=1119 best=5869.0
[ 1800] t=53.4s energy=5869.0 cycles=1119 lb=1119 best=5869.0
[ 2000] t=59.0s energy=5869.0 cycles=1119 lb=1119 best=5869.0
[ 2200] t=65.8s energy=5869.0 cycles=1119 lb=1119 best=5869.0
[ 2400] t=73.8s energy=5869.0 cycles=1119 lb=1119 best=5869.0
[ 2600] t=81.5s energy=5869.0 cycles=1119 lb=1119 best=5869.0
[ 2800] t=88.8s energy=5869.0 cycles=1119 lb=1119 best=5869.0
[ 3000] t=97.9s energy=5869.0 cycles=1119 lb=1119 best=5869.0
[ 3200] t=105.9s energy=5869.0 cycles=1119 lb=1119 best=5869.0
[ 3400] t=113.7s energy=5869.0 cycles=1119 lb=1119 best=5869.0
[ 3600] t=120.7s energy=5869.0 cycles=1119 lb=1119 best=5869.0
[ 3800] t=128.0s energy=5869.0 cycles=1119 lb=1119 best=5869.0
[ 4000] t=135.8s energy=5869.0 cycles=1119 lb=1119 best=5869.0
best_score: {"constraint_penalty": 0.0, "constraint_violations": [], "counts": {"alu": 13424, "flow": 768, "load": 2121, "store": 32, "valu": 6705}, "cycles": 1119, "energy": 5869.0, "gap": 19, "lb": 1119, "policy": null}
best_spec: {"alu_cap": 12, "assume_zero_indices": true, "base_cached_rounds": [0, 1, 2, 3, 11, 12, 13, 14], "binsearch_select": false, "cached_nodes": 15, "cached_round_aliases": {}, "cached_round_depth": {}, "cached_round_x": {}, "depth4_cached_rounds": [15], "depth4_rounds": 1, "emit_order": "auto", "extra_vecs": 4, "flow_cap": 1, "flow_setup": 64, "fuse_stages": false, "hash_bitwise_style": "inplace", "hash_bitwise_style_by_stage": {}, "hash_prog": null, "hash_variant": "direct", "hash_xor_style": "baseline", "hash_xor_style_by_stage": {}, "idx_shifted": true, "include_setup": true, "load_cap": 2, "node_ptr_incremental": true, "offload_alu_vec": false, "offload_budget_hash_op1": 48, "offload_budget_hash_op2": 12, "offload_budget_hash_shift": 768, "offload_budget_node_xor": 384, "offload_budget_parity": 0, "offload_budget_swaps": {"hash_op2": [[1, 603]], "hash_shift": [[60, 490]], "node_xor": [[28, 885], [297, 598]], "parity": [[272, 425], [89, 938]]}, "offload_hash_op1": false, "offload_hash_op2": true, "offload_hash_shift": true, "offload_mode": "budgeted", "offload_node_xor": true, "offload_op1": 1200, "offload_parity": false, "proof_assume_shifted_input": false, "proof_reset_single_op": false, "proof_skip_const_zero": false, "ptr_setup_engine": "flow", "reset_on_valu": false, "rounds": 16, "sched_compact": false, "sched_jitter": 0.1, "sched_policy": "baseline", "sched_restarts": 2, "sched_seed": 9, "sched_target_cycles": null, "selection_mode": "bitmask", "selection_mode_by_round": {}, "setup_style": "inline", "shifts_on_valu": false, "store_cap": 2, "total_cycles": 1312, "use_bitmask_selection": true, "use_temp_deps": false, "use_temp_deps_extras": false, "valu_cap": 6, "valu_pad_cycles": 0, "valu_select": false, "valu_select_leaf_pairs": false, "valu_select_precompute_diffs": true, "valu_select_rounds": [4], "vector_block": 32, "vectors": 32, "vlen": 8, "x4": 0, "x5": 0}
summary:
  mode: parity
  score_mode: lb
  schedule_every: 0 (unscheduled_score=lb)
  mutate_count: 4 mutate_sched: False
  sched_policies: ['mix'] (tie-break: earliest policy)
  engine_order: ['alu', 'valu', 'load', 'store', 'flow']
  caps_source: SLOT_LIMITS
  hazards: ['raw', 'temp', 'war', 'waw']
  latency: raw=1 waw=1 war=0 temp=1 default=1
  gate: 10.0
  lambda: 1.0
  fallback_cycles: 10000
  best_cycles: 1119
  best_energy: 5869.0
  best_penalty: 0.0
  best_gap: 19
  elapsed_s: 137.3
  dag_hash: 1a49399165496f8c7fc3f532e7e1848362d89e1fbb9e6d306aa9d1e15698639e
  bundle_count: 3673
  baseline_cycles: 3673
  dependency_model: {'includes_raw': True, 'includes_waw': True, 'includes_war': True, 'temp_hazard_tags': False, 'read_after_read': False, 'latency': {'raw': 1, 'waw': 1, 'war': 0, 'temp': 1, 'default': 1}}
