energy_search: 2026-02-10 22:09:11
  mode=parity score_mode=bundle steps=1 seed=1
  schedule_every=1 unscheduled_score=skip
  mutate_count=1 mutate_sched=False
  mutate_keys=['offload_budget_swaps', 'valu_select_precompute_diffs', 'valu_select_rounds']
  offload_swap_cfg=cats=('parity', 'node_xor', 'hash_op2') span=512 max_per_cat=2
  sched_policies=['mix'] sched_restarts=10 sched_jitter=0.4
  hazards=['raw', 'temp', 'war', 'waw'] latency_raw=1 latency_waw=1 latency_war=0 latency_temp=1 latency_default=1
  gate=10.0 lambda=1.0 target=0 penalty=100.0
  log_file=tmp/search_swap_seed_smoke.log
[    1] t=2.2s energy=1290.0 cycles=1290 lb=1175 best=1290.0
best_score: {"constraint_penalty": 0.0, "constraint_violations": [], "counts": {"alu": 11472, "flow": 800, "load": 2157, "store": 32, "valu": 7045}, "cycles": 1290, "energy": 1290.0, "gap": 0, "lb": 1175, "policy": null}
best_spec: {"alu_cap": 12, "assume_zero_indices": false, "base_cached_rounds": [0, 1, 2, 3, 11, 12, 13, 14], "binsearch_select": false, "cached_nodes": 15, "cached_round_aliases": {}, "cached_round_depth": {}, "cached_round_x": {}, "depth4_cached_rounds": [], "depth4_rounds": 0, "emit_order": "auto", "extra_vecs": 3, "flow_cap": 1, "flow_setup": 64, "fuse_stages": false, "hash_bitwise_style": "inplace", "hash_bitwise_style_by_stage": {}, "hash_prog": null, "hash_variant": "direct", "hash_xor_style": "baseline", "hash_xor_style_by_stage": {}, "idx_shifted": true, "include_setup": true, "load_cap": 2, "node_ptr_incremental": false, "offload_alu_vec": false, "offload_budget_hash_op1": 0, "offload_budget_hash_op2": 12, "offload_budget_hash_shift": 12, "offload_budget_node_xor": 384, "offload_budget_parity": 416, "offload_budget_swaps": {"parity": [[272, 425]]}, "offload_hash_op1": false, "offload_hash_op2": true, "offload_hash_shift": true, "offload_mode": "budgeted", "offload_node_xor": true, "offload_op1": 800, "offload_parity": true, "proof_assume_shifted_input": false, "proof_reset_single_op": false, "proof_skip_const_zero": false, "ptr_setup_engine": "flow", "reset_on_valu": false, "rounds": 16, "sched_compact": false, "sched_jitter": 0.1, "sched_policy": "baseline", "sched_restarts": 2, "sched_seed": 9, "sched_target_cycles": null, "selection_mode": "bitmask", "selection_mode_by_round": {"11": "eq", "12": "eq", "13": "eq", "14": "eq"}, "setup_style": "inline", "shifts_on_valu": true, "store_cap": 2, "total_cycles": 1312, "use_bitmask_selection": true, "use_temp_deps": true, "use_temp_deps_extras": true, "valu_cap": 6, "valu_pad_cycles": 0, "valu_select": false, "valu_select_leaf_pairs": false, "valu_select_precompute_diffs": true, "valu_select_rounds": null, "vector_block": 0, "vectors": 32, "vlen": 8, "x4": 0, "x5": 0}
summary:
  mode: parity
  score_mode: bundle
  schedule_every: 1 (unscheduled_score=skip)
  mutate_count: 1 mutate_sched: False
  sched_policies: ['mix'] (tie-break: earliest policy)
  engine_order: ['alu', 'valu', 'load', 'store', 'flow']
  caps_source: SLOT_LIMITS
  hazards: ['raw', 'temp', 'war', 'waw']
  latency: raw=1 waw=1 war=0 temp=1 default=1
  gate: 10.0
  lambda: 1.0
  fallback_cycles: 10000
  best_cycles: 1290
  best_energy: 1290.0
  best_penalty: 0.0
  best_gap: 0
  elapsed_s: 4.0
  dag_hash: 29308d7bb219eadae0655f266c2f8a680f756483fbdd63422c3dac3e5cb0e590
  bundle_count: 1290
  baseline_cycles: 1290
  dependency_model: {'includes_raw': True, 'includes_waw': True, 'includes_war': True, 'temp_hazard_tags': True, 'read_after_read': False, 'latency': {'raw': 1, 'waw': 1, 'war': 0, 'temp': 1, 'default': 1}}
