energy_search: 2026-02-09 14:28:58
  mode=parity score_mode=lb steps=4000 seed=2
  schedule_every=999999 unscheduled_score=lb
  mutate_count=6 mutate_sched=False
  mutate_keys=['base_cached_rounds', 'cached_nodes', 'depth4_rounds', 'extra_vecs', 'hash_bitwise_style', 'hash_variant', 'idx_shifted', 'node_ptr_incremental', 'offload_hash_op1', 'offload_hash_op2', 'offload_hash_shift', 'offload_node_xor', 'offload_op1', 'offload_parity', 'partial_cache', 'ptr_setup_engine', 'reset_on_valu', 'selection_by_round', 'selection_mode', 'setup_style', 'shifts_on_valu', 'valu_select', 'vector_block', 'x4']
  sched_policies=['mix'] sched_restarts=10 sched_jitter=0.4
  hazards=['raw', 'temp', 'war', 'waw'] latency_raw=1 latency_waw=1 latency_war=0 latency_temp=1 latency_default=1
  gate=999999.0 lambda=1.0 target=1000 penalty=1000.0
  log_file=tmp/lb_search/s2.log
BEST step=1 t=0.0s energy=322321.0 cycles=1321 lb=1321 penalty=0.0 skipped=False policy=None
  spec={'rounds': 16, 'vectors': 32, 'vlen': 8, 'depth4_rounds': 1, 'x4': 24, 'x5': 0, 'flow_setup': 64, 'reset_on_valu': True, 'shifts_on_valu': False, 'offload_op1': 0, 'offload_mode': 'prefix', 'offload_budget_hash_shift': 0, 'offload_budget_hash_op1': 0, 'offload_budget_hash_op2': 0, 'offload_budget_parity': 0, 'offload_budget_node_xor': 0, 'offload_hash_op1': True, 'offload_hash_shift': False, 'offload_hash_op2': False, 'offload_parity': False, 'offload_node_xor': False, 'use_bitmask_selection': False, 'selection_mode': 'eq', 'binsearch_select': False, 'selection_mode_by_round': {}, 'valu_select': False, 'valu_select_precompute_diffs': True, 'fuse_stages': False, 'hash_variant': 'direct', 'hash_xor_style': 'baseline', 'hash_bitwise_style': 'inplace', 'hash_prog': None, 'node_ptr_incremental': False, 'idx_shifted': True, 'ptr_setup_engine': 'flow', 'setup_style': 'inline', 'include_setup': True, 'proof_assume_shifted_input': False, 'proof_reset_single_op': False, 'proof_skip_const_zero': False, 'valu_pad_cycles': 0, 'vector_block': 32, 'extra_vecs': 2, 'cached_nodes': None, 'base_cached_rounds': (0, 1, 2, 3, 11, 12, 13, 14), 'depth4_cached_rounds': (4,), 'cached_round_aliases': {}, 'cached_round_depth': {11: 0, 12: 1, 13: 2, 14: 3}, 'cached_round_x': {11: 32, 12: 32, 13: 32, 14: 32}, 'valu_cap': 6, 'alu_cap': 12, 'flow_cap': 1, 'load_cap': 2, 'store_cap': 2, 'total_cycles': 1312, 'sched_seed': 0, 'sched_jitter': 0.0, 'sched_restarts': 1, 'use_temp_deps': True}
BEST step=4 t=0.1s energy=289288.0 cycles=1288 lb=1288 penalty=0.0 skipped=False policy=None
  spec={'rounds': 16, 'vectors': 32, 'vlen': 8, 'depth4_rounds': 1, 'x4': 24, 'x5': 0, 'flow_setup': 64, 'reset_on_valu': True, 'shifts_on_valu': False, 'offload_op1': 200, 'offload_mode': 'prefix', 'offload_budget_hash_shift': 0, 'offload_budget_hash_op1': 0, 'offload_budget_hash_op2': 0, 'offload_budget_parity': 0, 'offload_budget_node_xor': 0, 'offload_hash_op1': False, 'offload_hash_shift': False, 'offload_hash_op2': False, 'offload_parity': True, 'offload_node_xor': False, 'use_bitmask_selection': False, 'selection_mode': 'eq', 'binsearch_select': False, 'selection_mode_by_round': {}, 'valu_select': False, 'valu_select_precompute_diffs': True, 'fuse_stages': False, 'hash_variant': 'direct', 'hash_xor_style': 'baseline', 'hash_bitwise_style': 'inplace', 'hash_prog': None, 'node_ptr_incremental': False, 'idx_shifted': True, 'ptr_setup_engine': 'alu', 'setup_style': 'inline', 'include_setup': True, 'proof_assume_shifted_input': False, 'proof_reset_single_op': False, 'proof_skip_const_zero': False, 'valu_pad_cycles': 0, 'vector_block': 32, 'extra_vecs': 2, 'cached_nodes': None, 'base_cached_rounds': (0, 1, 2, 3, 11, 12, 13, 14), 'depth4_cached_rounds': (4,), 'cached_round_aliases': {}, 'cached_round_depth': {11: 0, 12: 1, 13: 2, 14: 3}, 'cached_round_x': {11: 32, 12: 32, 13: 32, 14: 32}, 'valu_cap': 6, 'alu_cap': 12, 'flow_cap': 1, 'load_cap': 2, 'store_cap': 2, 'total_cycles': 1312, 'sched_seed': 0, 'sched_jitter': 0.0, 'sched_restarts': 1, 'use_temp_deps': True}
BEST step=13 t=0.1s energy=256255.0 cycles=1255 lb=1255 penalty=0.0 skipped=False policy=None
  spec={'rounds': 16, 'vectors': 32, 'vlen': 8, 'depth4_rounds': 1, 'x4': 24, 'x5': 0, 'flow_setup': 64, 'reset_on_valu': True, 'shifts_on_valu': False, 'offload_op1': 400, 'offload_mode': 'prefix', 'offload_budget_hash_shift': 0, 'offload_budget_hash_op1': 0, 'offload_budget_hash_op2': 0, 'offload_budget_parity': 0, 'offload_budget_node_xor': 0, 'offload_hash_op1': False, 'offload_hash_shift': False, 'offload_hash_op2': True, 'offload_parity': False, 'offload_node_xor': False, 'use_bitmask_selection': False, 'selection_mode': 'eq', 'binsearch_select': False, 'selection_mode_by_round': {}, 'valu_select': False, 'valu_select_precompute_diffs': True, 'fuse_stages': False, 'hash_variant': 'ir', 'hash_xor_style': 'baseline', 'hash_bitwise_style': 'tmp_op1', 'hash_prog': None, 'node_ptr_incremental': True, 'idx_shifted': True, 'ptr_setup_engine': 'alu', 'setup_style': 'inline', 'include_setup': True, 'proof_assume_shifted_input': False, 'proof_reset_single_op': False, 'proof_skip_const_zero': False, 'valu_pad_cycles': 0, 'vector_block': 32, 'extra_vecs': 2, 'cached_nodes': None, 'base_cached_rounds': (0, 1, 2, 3, 11, 12, 13, 14), 'depth4_cached_rounds': (4,), 'cached_round_aliases': {}, 'cached_round_depth': {11: 0, 12: 1, 13: 2, 14: 3}, 'cached_round_x': {11: 32, 12: 32, 13: 32, 14: 32}, 'valu_cap': 6, 'alu_cap': 12, 'flow_cap': 1, 'load_cap': 2, 'store_cap': 2, 'total_cycles': 1312, 'sched_seed': 0, 'sched_jitter': 0.0, 'sched_restarts': 1, 'use_temp_deps': True}
BEST step=26 t=0.2s energy=247246.0 cycles=1246 lb=1246 penalty=0.0 skipped=False policy=None
  spec={'rounds': 16, 'vectors': 32, 'vlen': 8, 'depth4_rounds': 1, 'x4': 12, 'x5': 0, 'flow_setup': 64, 'reset_on_valu': False, 'shifts_on_valu': True, 'offload_op1': 400, 'offload_mode': 'prefix', 'offload_budget_hash_shift': 0, 'offload_budget_hash_op1': 0, 'offload_budget_hash_op2': 0, 'offload_budget_parity': 0, 'offload_budget_node_xor': 0, 'offload_hash_op1': True, 'offload_hash_shift': False, 'offload_hash_op2': True, 'offload_parity': False, 'offload_node_xor': True, 'use_bitmask_selection': False, 'selection_mode': 'eq', 'binsearch_select': False, 'selection_mode_by_round': {}, 'valu_select': False, 'valu_select_precompute_diffs': True, 'fuse_stages': False, 'hash_variant': 'ir', 'hash_xor_style': 'baseline', 'hash_bitwise_style': 'tmp_op1', 'hash_prog': None, 'node_ptr_incremental': True, 'idx_shifted': True, 'ptr_setup_engine': 'alu', 'setup_style': 'inline', 'include_setup': True, 'proof_assume_shifted_input': False, 'proof_reset_single_op': False, 'proof_skip_const_zero': False, 'valu_pad_cycles': 0, 'vector_block': 4, 'extra_vecs': 4, 'cached_nodes': None, 'base_cached_rounds': (0, 1, 2, 3, 11, 12, 13, 14), 'depth4_cached_rounds': (4,), 'cached_round_aliases': {}, 'cached_round_depth': {11: 0, 12: 1, 13: 2, 14: 3}, 'cached_round_x': {11: 32, 12: 32, 13: 32, 14: 32}, 'valu_cap': 6, 'alu_cap': 12, 'flow_cap': 1, 'load_cap': 2, 'store_cap': 2, 'total_cycles': 1312, 'sched_seed': 0, 'sched_jitter': 0.0, 'sched_restarts': 1, 'use_temp_deps': True}
BEST step=37 t=0.3s energy=245244.0 cycles=1244 lb=1244 penalty=0.0 skipped=False policy=None
  spec={'rounds': 16, 'vectors': 32, 'vlen': 8, 'depth4_rounds': 1, 'x4': 24, 'x5': 0, 'flow_setup': 64, 'reset_on_valu': False, 'shifts_on_valu': True, 'offload_op1': 400, 'offload_mode': 'prefix', 'offload_budget_hash_shift': 0, 'offload_budget_hash_op1': 0, 'offload_budget_hash_op2': 0, 'offload_budget_parity': 0, 'offload_budget_node_xor': 0, 'offload_hash_op1': True, 'offload_hash_shift': False, 'offload_hash_op2': True, 'offload_parity': False, 'offload_node_xor': False, 'use_bitmask_selection': False, 'selection_mode': 'mask_precompute', 'binsearch_select': False, 'selection_mode_by_round': {}, 'valu_select': False, 'valu_select_precompute_diffs': True, 'fuse_stages': False, 'hash_variant': 'ir', 'hash_xor_style': 'baseline', 'hash_bitwise_style': 'tmp_op1', 'hash_prog': None, 'node_ptr_incremental': True, 'idx_shifted': True, 'ptr_setup_engine': 'alu', 'setup_style': 'inline', 'include_setup': True, 'proof_assume_shifted_input': False, 'proof_reset_single_op': False, 'proof_skip_const_zero': False, 'valu_pad_cycles': 0, 'vector_block': 4, 'extra_vecs': 4, 'cached_nodes': None, 'base_cached_rounds': (0, 1, 2, 3, 11, 12, 13, 14), 'depth4_cached_rounds': (4,), 'cached_round_aliases': {}, 'cached_round_depth': {11: 0, 12: 1, 13: 2, 14: 3}, 'cached_round_x': {11: 32, 12: 32, 13: 32, 14: 32}, 'valu_cap': 6, 'alu_cap': 12, 'flow_cap': 1, 'load_cap': 2, 'store_cap': 2, 'total_cycles': 1312, 'sched_seed': 0, 'sched_jitter': 0.0, 'sched_restarts': 1, 'use_temp_deps': True}
[   50] t=0.5s energy=245244.0 cycles=1244 lb=1244 best=245244.0
BEST step=63 t=0.5s energy=188187.0 cycles=1187 lb=1187 penalty=0.0 skipped=False policy=None
  spec={'rounds': 16, 'vectors': 32, 'vlen': 8, 'depth4_rounds': 1, 'x4': 24, 'x5': 0, 'flow_setup': 64, 'reset_on_valu': False, 'shifts_on_valu': True, 'offload_op1': 800, 'offload_mode': 'prefix', 'offload_budget_hash_shift': 0, 'offload_budget_hash_op1': 0, 'offload_budget_hash_op2': 0, 'offload_budget_parity': 0, 'offload_budget_node_xor': 0, 'offload_hash_op1': False, 'offload_hash_shift': False, 'offload_hash_op2': True, 'offload_parity': False, 'offload_node_xor': False, 'use_bitmask_selection': False, 'selection_mode': 'mask_precompute', 'binsearch_select': False, 'selection_mode_by_round': {11: 'bitmask', 12: 'bitmask', 13: 'bitmask', 14: 'bitmask'}, 'valu_select': False, 'valu_select_precompute_diffs': True, 'fuse_stages': False, 'hash_variant': 'ir', 'hash_xor_style': 'baseline', 'hash_bitwise_style': 'tmp_op1', 'hash_prog': None, 'node_ptr_incremental': False, 'idx_shifted': True, 'ptr_setup_engine': 'alu', 'setup_style': 'packed', 'include_setup': True, 'proof_assume_shifted_input': False, 'proof_reset_single_op': False, 'proof_skip_const_zero': False, 'valu_pad_cycles': 0, 'vector_block': 16, 'extra_vecs': 4, 'cached_nodes': None, 'base_cached_rounds': (0, 1, 2, 3, 11, 12, 13, 14), 'depth4_cached_rounds': (4,), 'cached_round_aliases': {}, 'cached_round_depth': {11: 0, 12: 1, 13: 2, 14: 3}, 'cached_round_x': {11: 32, 12: 32, 13: 32, 14: 32}, 'valu_cap': 6, 'alu_cap': 12, 'flow_cap': 1, 'load_cap': 2, 'store_cap': 2, 'total_cycles': 1312, 'sched_seed': 0, 'sched_jitter': 0.0, 'sched_restarts': 1, 'use_temp_deps': True}
BEST step=73 t=0.6s energy=184187.0 cycles=1183 lb=1183 penalty=4.0 skipped=False policy=None
  spec={'rounds': 16, 'vectors': 32, 'vlen': 8, 'depth4_rounds': 1, 'x4': 24, 'x5': 0, 'flow_setup': 64, 'reset_on_valu': False, 'shifts_on_valu': True, 'offload_op1': 800, 'offload_mode': 'prefix', 'offload_budget_hash_shift': 0, 'offload_budget_hash_op1': 0, 'offload_budget_hash_op2': 0, 'offload_budget_parity': 0, 'offload_budget_node_xor': 0, 'offload_hash_op1': False, 'offload_hash_shift': False, 'offload_hash_op2': True, 'offload_parity': True, 'offload_node_xor': True, 'use_bitmask_selection': False, 'selection_mode': 'mask_precompute', 'binsearch_select': False, 'selection_mode_by_round': {11: 'bitmask', 12: 'bitmask', 13: 'bitmask', 14: 'bitmask'}, 'valu_select': False, 'valu_select_precompute_diffs': True, 'fuse_stages': False, 'hash_variant': 'ir', 'hash_xor_style': 'baseline', 'hash_bitwise_style': 'inplace', 'hash_prog': None, 'node_ptr_incremental': False, 'idx_shifted': True, 'ptr_setup_engine': 'alu', 'setup_style': 'packed', 'include_setup': True, 'proof_assume_shifted_input': False, 'proof_reset_single_op': False, 'proof_skip_const_zero': False, 'valu_pad_cycles': 0, 'vector_block': 0, 'extra_vecs': 1, 'cached_nodes': None, 'base_cached_rounds': (0, 1, 2, 11, 12, 13), 'depth4_cached_rounds': (4,), 'cached_round_aliases': {}, 'cached_round_depth': {11: 0, 12: 1, 13: 2, 14: 3}, 'cached_round_x': {11: 32, 12: 32, 13: 32, 14: 32}, 'valu_cap': 6, 'alu_cap': 12, 'flow_cap': 1, 'load_cap': 2, 'store_cap': 2, 'total_cycles': 1312, 'sched_seed': 0, 'sched_jitter': 0.0, 'sched_restarts': 1, 'use_temp_deps': True}
[  100] t=0.9s energy=184187.0 cycles=1183 lb=1183 best=184187.0
BEST step=113 t=1.0s energy=184185.0 cycles=1183 lb=1183 penalty=2.0 skipped=False policy=None
  spec={'rounds': 16, 'vectors': 32, 'vlen': 8, 'depth4_rounds': 1, 'x4': 24, 'x5': 0, 'flow_setup': 64, 'reset_on_valu': False, 'shifts_on_valu': True, 'offload_op1': 800, 'offload_mode': 'prefix', 'offload_budget_hash_shift': 0, 'offload_budget_hash_op1': 0, 'offload_budget_hash_op2': 0, 'offload_budget_parity': 0, 'offload_budget_node_xor': 0, 'offload_hash_op1': True, 'offload_hash_shift': False, 'offload_hash_op2': False, 'offload_parity': True, 'offload_node_xor': True, 'use_bitmask_selection': False, 'selection_mode': 'bitmask_valu', 'binsearch_select': False, 'selection_mode_by_round': {11: 'mask_precompute', 12: 'mask_precompute', 13: 'mask_precompute', 14: 'mask_precompute'}, 'valu_select': False, 'valu_select_precompute_diffs': True, 'fuse_stages': False, 'hash_variant': 'direct', 'hash_xor_style': 'baseline', 'hash_bitwise_style': 'tmp_op1', 'hash_prog': None, 'node_ptr_incremental': False, 'idx_shifted': True, 'ptr_setup_engine': 'flow', 'setup_style': 'packed', 'include_setup': True, 'proof_assume_shifted_input': False, 'proof_reset_single_op': False, 'proof_skip_const_zero': False, 'valu_pad_cycles': 0, 'vector_block': 4, 'extra_vecs': 1, 'cached_nodes': None, 'base_cached_rounds': (0, 1, 2, 11, 12, 13), 'depth4_cached_rounds': (4,), 'cached_round_aliases': {}, 'cached_round_depth': {11: 0, 12: 1, 13: 2, 14: 3}, 'cached_round_x': {11: 32, 12: 32, 13: 32, 14: 32}, 'valu_cap': 6, 'alu_cap': 12, 'flow_cap': 1, 'load_cap': 2, 'store_cap': 2, 'total_cycles': 1312, 'sched_seed': 0, 'sched_jitter': 0.0, 'sched_restarts': 1, 'use_temp_deps': True}
BEST step=125 t=1.1s energy=184184.0 cycles=1183 lb=1183 penalty=1.0 skipped=False policy=None
  spec={'rounds': 16, 'vectors': 32, 'vlen': 8, 'depth4_rounds': 1, 'x4': 24, 'x5': 0, 'flow_setup': 64, 'reset_on_valu': False, 'shifts_on_valu': True, 'offload_op1': 800, 'offload_mode': 'prefix', 'offload_budget_hash_shift': 0, 'offload_budget_hash_op1': 0, 'offload_budget_hash_op2': 0, 'offload_budget_parity': 0, 'offload_budget_node_xor': 0, 'offload_hash_op1': True, 'offload_hash_shift': False, 'offload_hash_op2': False, 'offload_parity': True, 'offload_node_xor': True, 'use_bitmask_selection': False, 'selection_mode': 'eq', 'binsearch_select': False, 'selection_mode_by_round': {11: 'mask_precompute', 12: 'mask_precompute', 13: 'mask_precompute', 14: 'mask_precompute'}, 'valu_select': False, 'valu_select_precompute_diffs': True, 'fuse_stages': False, 'hash_variant': 'direct', 'hash_xor_style': 'baseline', 'hash_bitwise_style': 'inplace', 'hash_prog': None, 'node_ptr_incremental': False, 'idx_shifted': True, 'ptr_setup_engine': 'flow', 'setup_style': 'packed', 'include_setup': True, 'proof_assume_shifted_input': False, 'proof_reset_single_op': False, 'proof_skip_const_zero': False, 'valu_pad_cycles': 0, 'vector_block': 4, 'extra_vecs': 2, 'cached_nodes': None, 'base_cached_rounds': (0, 1, 2, 11, 12, 13), 'depth4_cached_rounds': (4,), 'cached_round_aliases': {}, 'cached_round_depth': {11: 0, 12: 1, 13: 2, 14: 3}, 'cached_round_x': {11: 32, 12: 32, 13: 32, 14: 32}, 'valu_cap': 6, 'alu_cap': 12, 'flow_cap': 1, 'load_cap': 2, 'store_cap': 2, 'total_cycles': 1312, 'sched_seed': 0, 'sched_jitter': 0.0, 'sched_restarts': 1, 'use_temp_deps': True}
[  150] t=1.3s energy=184184.0 cycles=1183 lb=1183 best=184184.0
BEST step=166 t=1.5s energy=184183.0 cycles=1183 lb=1183 penalty=0.0 skipped=False policy=None
  spec={'rounds': 16, 'vectors': 32, 'vlen': 8, 'depth4_rounds': 1, 'x4': 24, 'x5': 0, 'flow_setup': 64, 'reset_on_valu': False, 'shifts_on_valu': True, 'offload_op1': 800, 'offload_mode': 'prefix', 'offload_budget_hash_shift': 0, 'offload_budget_hash_op1': 0, 'offload_budget_hash_op2': 0, 'offload_budget_parity': 0, 'offload_budget_node_xor': 0, 'offload_hash_op1': False, 'offload_hash_shift': True, 'offload_hash_op2': True, 'offload_parity': False, 'offload_node_xor': False, 'use_bitmask_selection': False, 'selection_mode': 'eq', 'binsearch_select': False, 'selection_mode_by_round': {}, 'valu_select': False, 'valu_select_precompute_diffs': True, 'fuse_stages': False, 'hash_variant': 'ir', 'hash_xor_style': 'baseline', 'hash_bitwise_style': 'inplace', 'hash_prog': None, 'node_ptr_incremental': False, 'idx_shifted': True, 'ptr_setup_engine': 'alu', 'setup_style': 'packed', 'include_setup': True, 'proof_assume_shifted_input': False, 'proof_reset_single_op': False, 'proof_skip_const_zero': False, 'valu_pad_cycles': 0, 'vector_block': 8, 'extra_vecs': 4, 'cached_nodes': None, 'base_cached_rounds': (0, 1, 2, 11, 12, 14), 'depth4_cached_rounds': (4,), 'cached_round_aliases': {}, 'cached_round_depth': {11: 0, 12: 1, 13: 2, 14: 3}, 'cached_round_x': {11: 32, 12: 32, 13: 32, 14: 32}, 'valu_cap': 6, 'alu_cap': 12, 'flow_cap': 1, 'load_cap': 2, 'store_cap': 2, 'total_cycles': 1312, 'sched_seed': 0, 'sched_jitter': 0.0, 'sched_restarts': 1, 'use_temp_deps': True}
BEST step=175 t=1.6s energy=182182.0 cycles=1181 lb=1181 penalty=1.0 skipped=False policy=None
  spec={'rounds': 16, 'vectors': 32, 'vlen': 8, 'depth4_rounds': 1, 'x4': 32, 'x5': 0, 'flow_setup': 64, 'reset_on_valu': False, 'shifts_on_valu': True, 'offload_op1': 800, 'offload_mode': 'prefix', 'offload_budget_hash_shift': 0, 'offload_budget_hash_op1': 0, 'offload_budget_hash_op2': 0, 'offload_budget_parity': 0, 'offload_budget_node_xor': 0, 'offload_hash_op1': False, 'offload_hash_shift': True, 'offload_hash_op2': True, 'offload_parity': True, 'offload_node_xor': True, 'use_bitmask_selection': False, 'selection_mode': 'bitmask_valu', 'binsearch_select': False, 'selection_mode_by_round': {}, 'valu_select': False, 'valu_select_precompute_diffs': True, 'fuse_stages': False, 'hash_variant': 'ir', 'hash_xor_style': 'baseline', 'hash_bitwise_style': 'tmp_op1', 'hash_prog': None, 'node_ptr_incremental': False, 'idx_shifted': True, 'ptr_setup_engine': 'flow', 'setup_style': 'inline', 'include_setup': True, 'proof_assume_shifted_input': False, 'proof_reset_single_op': False, 'proof_skip_const_zero': False, 'valu_pad_cycles': 0, 'vector_block': 32, 'extra_vecs': 2, 'cached_nodes': None, 'base_cached_rounds': (0, 1, 2, 11, 12, 13), 'depth4_cached_rounds': (4,), 'cached_round_aliases': {}, 'cached_round_depth': {11: 0, 12: 1, 13: 2, 14: 3}, 'cached_round_x': {11: 32, 12: 32, 13: 32, 14: 32}, 'valu_cap': 6, 'alu_cap': 12, 'flow_cap': 1, 'load_cap': 2, 'store_cap': 2, 'total_cycles': 1312, 'sched_seed': 0, 'sched_jitter': 0.0, 'sched_restarts': 1, 'use_temp_deps': True}
[  200] t=1.8s energy=182182.0 cycles=1181 lb=1181 best=182182.0
[  250] t=2.3s energy=182182.0 cycles=1181 lb=1181 best=182182.0
[  300] t=2.7s energy=182185.0 cycles=1181 lb=1181 best=182182.0
[  350] t=3.2s energy=182183.0 cycles=1181 lb=1181 best=182182.0
BEST step=390 t=3.5s energy=180180.0 cycles=1179 lb=1179 penalty=1.0 skipped=False policy=None
  spec={'rounds': 16, 'vectors': 32, 'vlen': 8, 'depth4_rounds': 1, 'x4': 12, 'x5': 0, 'flow_setup': 64, 'reset_on_valu': False, 'shifts_on_valu': False, 'offload_op1': 800, 'offload_mode': 'prefix', 'offload_budget_hash_shift': 0, 'offload_budget_hash_op1': 0, 'offload_budget_hash_op2': 0, 'offload_budget_parity': 0, 'offload_budget_node_xor': 0, 'offload_hash_op1': True, 'offload_hash_shift': False, 'offload_hash_op2': False, 'offload_parity': True, 'offload_node_xor': True, 'use_bitmask_selection': False, 'selection_mode': 'bitmask_valu', 'binsearch_select': False, 'selection_mode_by_round': {}, 'valu_select': False, 'valu_select_precompute_diffs': True, 'fuse_stages': False, 'hash_variant': 'direct', 'hash_xor_style': 'baseline', 'hash_bitwise_style': 'inplace', 'hash_prog': None, 'node_ptr_incremental': True, 'idx_shifted': True, 'ptr_setup_engine': 'flow', 'setup_style': 'packed', 'include_setup': True, 'proof_assume_shifted_input': False, 'proof_reset_single_op': False, 'proof_skip_const_zero': False, 'valu_pad_cycles': 0, 'vector_block': 4, 'extra_vecs': 2, 'cached_nodes': None, 'base_cached_rounds': (0, 1, 2, 3, 11, 12, 13, 14), 'depth4_cached_rounds': (4,), 'cached_round_aliases': {}, 'cached_round_depth': {11: 0, 12: 1, 13: 2, 14: 3}, 'cached_round_x': {11: 32, 12: 32, 13: 32, 14: 32}, 'valu_cap': 6, 'alu_cap': 12, 'flow_cap': 1, 'load_cap': 2, 'store_cap': 2, 'total_cycles': 1312, 'sched_seed': 0, 'sched_jitter': 0.0, 'sched_restarts': 1, 'use_temp_deps': True}
[  400] t=3.6s energy=180180.0 cycles=1179 lb=1179 best=180180.0
[  450] t=4.0s energy=180182.0 cycles=1179 lb=1179 best=180180.0
[  500] t=4.5s energy=180182.0 cycles=1179 lb=1179 best=180180.0
[  550] t=4.9s energy=180182.0 cycles=1179 lb=1179 best=180180.0
BEST step=554 t=4.9s energy=180179.0 cycles=1179 lb=1179 penalty=0.0 skipped=False policy=None
  spec={'rounds': 16, 'vectors': 32, 'vlen': 8, 'depth4_rounds': 1, 'x4': 0, 'x5': 0, 'flow_setup': 64, 'reset_on_valu': False, 'shifts_on_valu': True, 'offload_op1': 800, 'offload_mode': 'prefix', 'offload_budget_hash_shift': 0, 'offload_budget_hash_op1': 0, 'offload_budget_hash_op2': 0, 'offload_budget_parity': 0, 'offload_budget_node_xor': 0, 'offload_hash_op1': False, 'offload_hash_shift': False, 'offload_hash_op2': True, 'offload_parity': False, 'offload_node_xor': True, 'use_bitmask_selection': False, 'selection_mode': 'bitmask_valu', 'binsearch_select': False, 'selection_mode_by_round': {}, 'valu_select': False, 'valu_select_precompute_diffs': True, 'fuse_stages': False, 'hash_variant': 'ir', 'hash_xor_style': 'baseline', 'hash_bitwise_style': 'tmp_op1', 'hash_prog': None, 'node_ptr_incremental': False, 'idx_shifted': True, 'ptr_setup_engine': 'alu', 'setup_style': 'inline', 'include_setup': True, 'proof_assume_shifted_input': False, 'proof_reset_single_op': False, 'proof_skip_const_zero': False, 'valu_pad_cycles': 0, 'vector_block': 16, 'extra_vecs': 3, 'cached_nodes': 15, 'base_cached_rounds': (0, 1, 2, 3, 11, 12, 13, 14), 'depth4_cached_rounds': (4,), 'cached_round_aliases': {}, 'cached_round_depth': {11: 0, 12: 1, 13: 2, 14: 3}, 'cached_round_x': {11: 32, 12: 32, 13: 32, 14: 32}, 'valu_cap': 6, 'alu_cap': 12, 'flow_cap': 1, 'load_cap': 2, 'store_cap': 2, 'total_cycles': 1312, 'sched_seed': 0, 'sched_jitter': 0.0, 'sched_restarts': 1, 'use_temp_deps': True}
[  600] t=5.4s energy=180179.0 cycles=1179 lb=1179 best=180179.0
[  650] t=5.8s energy=180179.0 cycles=1179 lb=1179 best=180179.0
[  700] t=6.3s energy=180181.0 cycles=1179 lb=1179 best=180179.0
[  750] t=6.6s energy=180180.0 cycles=1179 lb=1179 best=180179.0
BEST step=798 t=7.0s energy=144143.0 cycles=1143 lb=1143 penalty=0.0 skipped=False policy=None
  spec={'rounds': 16, 'vectors': 32, 'vlen': 8, 'depth4_rounds': 1, 'x4': 0, 'x5': 0, 'flow_setup': 64, 'reset_on_valu': False, 'shifts_on_valu': False, 'offload_op1': 1200, 'offload_mode': 'prefix', 'offload_budget_hash_shift': 0, 'offload_budget_hash_op1': 0, 'offload_budget_hash_op2': 0, 'offload_budget_parity': 0, 'offload_budget_node_xor': 0, 'offload_hash_op1': True, 'offload_hash_shift': True, 'offload_hash_op2': False, 'offload_parity': False, 'offload_node_xor': True, 'use_bitmask_selection': False, 'selection_mode': 'bitmask_valu', 'binsearch_select': False, 'selection_mode_by_round': {11: 'bitmask', 12: 'bitmask', 13: 'bitmask', 14: 'bitmask'}, 'valu_select': False, 'valu_select_precompute_diffs': True, 'fuse_stages': False, 'hash_variant': 'ir', 'hash_xor_style': 'baseline', 'hash_bitwise_style': 'inplace', 'hash_prog': None, 'node_ptr_incremental': False, 'idx_shifted': True, 'ptr_setup_engine': 'flow', 'setup_style': 'inline', 'include_setup': True, 'proof_assume_shifted_input': False, 'proof_reset_single_op': False, 'proof_skip_const_zero': False, 'valu_pad_cycles': 0, 'vector_block': 4, 'extra_vecs': 3, 'cached_nodes': 15, 'base_cached_rounds': (0, 1, 2, 3, 11, 12, 13, 14), 'depth4_cached_rounds': (4,), 'cached_round_aliases': {}, 'cached_round_depth': {}, 'cached_round_x': {}, 'valu_cap': 6, 'alu_cap': 12, 'flow_cap': 1, 'load_cap': 2, 'store_cap': 2, 'total_cycles': 1312, 'sched_seed': 0, 'sched_jitter': 0.0, 'sched_restarts': 1, 'use_temp_deps': True}
[  800] t=7.1s energy=144143.0 cycles=1143 lb=1143 best=144143.0
[  850] t=7.6s energy=144143.0 cycles=1143 lb=1143 best=144143.0
[  900] t=8.1s energy=144143.0 cycles=1143 lb=1143 best=144143.0
[  950] t=8.6s energy=144143.0 cycles=1143 lb=1143 best=144143.0
[ 1000] t=9.0s energy=144143.0 cycles=1143 lb=1143 best=144143.0
[ 1050] t=9.4s energy=144143.0 cycles=1143 lb=1143 best=144143.0
[ 1100] t=9.8s energy=144143.0 cycles=1143 lb=1143 best=144143.0
[ 1150] t=10.2s energy=144143.0 cycles=1143 lb=1143 best=144143.0
[ 1200] t=10.6s energy=144143.0 cycles=1143 lb=1143 best=144143.0
[ 1250] t=11.1s energy=144143.0 cycles=1143 lb=1143 best=144143.0
[ 1300] t=11.6s energy=144143.0 cycles=1143 lb=1143 best=144143.0
[ 1350] t=12.2s energy=144143.0 cycles=1143 lb=1143 best=144143.0
[ 1400] t=12.7s energy=144143.0 cycles=1143 lb=1143 best=144143.0
[ 1450] t=13.2s energy=144143.0 cycles=1143 lb=1143 best=144143.0
[ 1500] t=13.6s energy=144143.0 cycles=1143 lb=1143 best=144143.0
[ 1550] t=14.1s energy=144143.0 cycles=1143 lb=1143 best=144143.0
[ 1600] t=14.7s energy=144143.0 cycles=1143 lb=1143 best=144143.0
[ 1650] t=15.1s energy=144143.0 cycles=1143 lb=1143 best=144143.0
[ 1700] t=15.5s energy=144143.0 cycles=1143 lb=1143 best=144143.0
[ 1750] t=16.0s energy=144143.0 cycles=1143 lb=1143 best=144143.0
[ 1800] t=16.6s energy=144143.0 cycles=1143 lb=1143 best=144143.0
[ 1850] t=17.0s energy=144143.0 cycles=1143 lb=1143 best=144143.0
[ 1900] t=17.6s energy=144143.0 cycles=1143 lb=1143 best=144143.0
[ 1950] t=18.1s energy=144143.0 cycles=1143 lb=1143 best=144143.0
[ 2000] t=18.5s energy=144143.0 cycles=1143 lb=1143 best=144143.0
[ 2050] t=19.0s energy=144143.0 cycles=1143 lb=1143 best=144143.0
[ 2100] t=19.4s energy=144143.0 cycles=1143 lb=1143 best=144143.0
[ 2150] t=19.8s energy=144143.0 cycles=1143 lb=1143 best=144143.0
[ 2200] t=20.2s energy=144143.0 cycles=1143 lb=1143 best=144143.0
[ 2250] t=20.7s energy=144143.0 cycles=1143 lb=1143 best=144143.0
[ 2300] t=21.2s energy=144143.0 cycles=1143 lb=1143 best=144143.0
[ 2350] t=21.7s energy=144143.0 cycles=1143 lb=1143 best=144143.0
[ 2400] t=22.2s energy=144143.0 cycles=1143 lb=1143 best=144143.0
[ 2450] t=22.7s energy=144143.0 cycles=1143 lb=1143 best=144143.0
[ 2500] t=23.1s energy=144143.0 cycles=1143 lb=1143 best=144143.0
[ 2550] t=23.5s energy=144143.0 cycles=1143 lb=1143 best=144143.0
[ 2600] t=24.0s energy=144143.0 cycles=1143 lb=1143 best=144143.0
[ 2650] t=24.4s energy=144143.0 cycles=1143 lb=1143 best=144143.0
[ 2700] t=24.8s energy=144143.0 cycles=1143 lb=1143 best=144143.0
[ 2750] t=25.2s energy=144143.0 cycles=1143 lb=1143 best=144143.0
[ 2800] t=25.7s energy=144143.0 cycles=1143 lb=1143 best=144143.0
[ 2850] t=26.2s energy=144143.0 cycles=1143 lb=1143 best=144143.0
[ 2900] t=26.8s energy=144143.0 cycles=1143 lb=1143 best=144143.0
[ 2950] t=27.3s energy=144143.0 cycles=1143 lb=1143 best=144143.0
[ 3000] t=27.7s energy=144143.0 cycles=1143 lb=1143 best=144143.0
[ 3050] t=28.2s energy=144143.0 cycles=1143 lb=1143 best=144143.0
[ 3100] t=28.7s energy=144143.0 cycles=1143 lb=1143 best=144143.0
[ 3150] t=29.2s energy=144143.0 cycles=1143 lb=1143 best=144143.0
[ 3200] t=29.6s energy=144143.0 cycles=1143 lb=1143 best=144143.0
[ 3250] t=30.0s energy=144143.0 cycles=1143 lb=1143 best=144143.0
[ 3300] t=30.4s energy=144143.0 cycles=1143 lb=1143 best=144143.0
[ 3350] t=30.9s energy=144143.0 cycles=1143 lb=1143 best=144143.0
[ 3400] t=31.3s energy=144143.0 cycles=1143 lb=1143 best=144143.0
[ 3450] t=31.8s energy=144143.0 cycles=1143 lb=1143 best=144143.0
[ 3500] t=32.3s energy=144143.0 cycles=1143 lb=1143 best=144143.0
[ 3550] t=32.8s energy=144143.0 cycles=1143 lb=1143 best=144143.0
[ 3600] t=33.2s energy=144143.0 cycles=1143 lb=1143 best=144143.0
[ 3650] t=33.7s energy=144143.0 cycles=1143 lb=1143 best=144143.0
[ 3700] t=34.2s energy=144143.0 cycles=1143 lb=1143 best=144143.0
[ 3750] t=34.7s energy=144143.0 cycles=1143 lb=1143 best=144143.0
[ 3800] t=35.2s energy=144143.0 cycles=1143 lb=1143 best=144143.0
[ 3850] t=35.7s energy=144143.0 cycles=1143 lb=1143 best=144143.0
[ 3900] t=36.2s energy=144143.0 cycles=1143 lb=1143 best=144143.0
[ 3950] t=36.7s energy=144143.0 cycles=1143 lb=1143 best=144143.0
[ 4000] t=37.2s energy=144143.0 cycles=1143 lb=1143 best=144143.0
best_score: {"constraint_penalty": 0.0, "constraint_violations": [], "counts": {"alu": 13712, "flow": 800, "load": 2157, "store": 32, "valu": 6670}, "cycles": 1143, "energy": 144143.0, "gap": 143, "lb": 1143, "policy": null}
best_spec: {"alu_cap": 12, "base_cached_rounds": [0, 1, 2, 3, 11, 12, 13, 14], "binsearch_select": false, "cached_nodes": 15, "cached_round_aliases": {}, "cached_round_depth": {}, "cached_round_x": {}, "depth4_cached_rounds": [4], "depth4_rounds": 1, "extra_vecs": 3, "flow_cap": 1, "flow_setup": 64, "fuse_stages": false, "hash_bitwise_style": "inplace", "hash_prog": null, "hash_variant": "ir", "hash_xor_style": "baseline", "idx_shifted": true, "include_setup": true, "load_cap": 2, "node_ptr_incremental": false, "offload_budget_hash_op1": 0, "offload_budget_hash_op2": 0, "offload_budget_hash_shift": 0, "offload_budget_node_xor": 0, "offload_budget_parity": 0, "offload_hash_op1": true, "offload_hash_op2": false, "offload_hash_shift": true, "offload_mode": "prefix", "offload_node_xor": true, "offload_op1": 1200, "offload_parity": false, "proof_assume_shifted_input": false, "proof_reset_single_op": false, "proof_skip_const_zero": false, "ptr_setup_engine": "flow", "reset_on_valu": false, "rounds": 16, "sched_jitter": 0.0, "sched_restarts": 1, "sched_seed": 0, "selection_mode": "bitmask_valu", "selection_mode_by_round": {"11": "bitmask", "12": "bitmask", "13": "bitmask", "14": "bitmask"}, "setup_style": "inline", "shifts_on_valu": false, "store_cap": 2, "total_cycles": 1312, "use_bitmask_selection": false, "use_temp_deps": true, "valu_cap": 6, "valu_pad_cycles": 0, "valu_select": false, "valu_select_precompute_diffs": true, "vector_block": 4, "vectors": 32, "vlen": 8, "x4": 0, "x5": 0}
summary:
  mode: parity
  score_mode: lb
  schedule_every: 999999 (unscheduled_score=lb)
  mutate_count: 6 mutate_sched: False
  sched_policies: ['mix'] (tie-break: earliest policy)
  engine_order: ['alu', 'valu', 'load', 'store', 'flow']
  caps_source: SLOT_LIMITS
  hazards: ['raw', 'temp', 'war', 'waw']
  latency: raw=1 waw=1 war=0 temp=1 default=1
  gate: 999999.0
  lambda: 1.0
  fallback_cycles: 10000
  best_cycles: 1143
  best_energy: 144143.0
  best_penalty: 0.0
  best_gap: 143
  elapsed_s: 37.5
  dag_hash: 84b5ea2e91cc2099a12a3c74449d405b6cfe5a50196a357a593da64a057840f4
  bundle_count: 2316
  baseline_cycles: 2316
  dependency_model: {'includes_raw': True, 'includes_waw': True, 'includes_war': True, 'temp_hazard_tags': True, 'read_after_read': False, 'latency': {'raw': 1, 'waw': 1, 'war': 0, 'temp': 1, 'default': 1}}
