{"synthetic": false,
 "schemaVersion": "2025-09-10",
 "outputs":
 {"o": ["e241257f83c34bbd.olean"],
  "i": "cf79f4e65fa9f23b.ilean",
  "c": "cf8e850a4212dcb3.c"},
 "log":
 [{"message":
   ".> LEAN_PATH=/Users/xyz/deco/original_performance_takehome/.lake/packages/Cli/.lake/build/lib/lean:/Users/xyz/deco/original_performance_takehome/.lake/packages/batteries/.lake/build/lib/lean:/Users/xyz/deco/original_performance_takehome/.lake/packages/Qq/.lake/build/lib/lean:/Users/xyz/deco/original_performance_takehome/.lake/packages/aesop/.lake/build/lib/lean:/Users/xyz/deco/original_performance_takehome/.lake/packages/proofwidgets/.lake/build/lib/lean:/Users/xyz/deco/original_performance_takehome/.lake/packages/importGraph/.lake/build/lib/lean:/Users/xyz/deco/original_performance_takehome/.lake/packages/LeanSearchClient/.lake/build/lib/lean:/Users/xyz/deco/original_performance_takehome/.lake/packages/plausible/.lake/build/lib/lean:/Users/xyz/deco/original_performance_takehome/.lake/packages/mathlib/.lake/build/lib/lean:/Users/xyz/deco/original_performance_takehome/.lake/build/lib/lean /Users/xyz/.elan/toolchains/leanprover--lean4---v4.27.0/bin/lean /Users/xyz/deco/original_performance_takehome/proofs/common/ISA.lean -o /Users/xyz/deco/original_performance_takehome/.lake/build/lib/lean/proofs/common/ISA.olean -i /Users/xyz/deco/original_performance_takehome/.lake/build/lib/lean/proofs/common/ISA.ilean -c /Users/xyz/deco/original_performance_takehome/.lake/build/ir/proofs/common/ISA.c --setup /Users/xyz/deco/original_performance_takehome/.lake/build/ir/proofs/common/ISA.setup.json --json",
   "level": "trace"}],
 "inputs":
 [["proofs.common.ISA:deps",
   [["deps",
     [["original_performance_takehome/TakehomeProofs:extraDep",
       [["@original_performance_takehome:extraDep", "00000000000006bb"]]],
      ["imports",
       [["Mathlib transitive imports (legacy)", "d697f54177d13833"],
        ["Mathlib:importAllArts", "3b45a1c152ecceb5"]]]]],
    ["libs",
     [["import dynlibs", "00000000000006bb"],
      ["package external libraries", "00000000000006bb"],
      ["module dynlibs", "00000000000006bb"],
      ["module plugins", "00000000000006bb"]]]]],
  ["Lean 4.27.0, commit db93fe1608548721853390a10cd40580fe7d22ae",
   "9a2be90fd35343e5"],
  ["/Users/xyz/deco/original_performance_takehome/proofs/common/ISA.lean",
   "2bdb9af035620d11"],
  ["options", "00000000000006bb"],
  ["Module.leanArgs: #[]", "00000000000006bb"]],
 "depHash": "98c31c90833fe5d2"}