{"synthetic": false,
 "schemaVersion": "2025-09-10",
 "outputs":
 {"o": ["57bdc64aafd4981b.olean"],
  "i": "f9a4c95ccd4323e1.ilean",
  "c": "eac5fe7faac243ca.c"},
 "log":
 [{"message":
   ".> LEAN_PATH=/Users/xyz/deco/original_performance_takehome/.lake/packages/Cli/.lake/build/lib/lean:/Users/xyz/deco/original_performance_takehome/.lake/packages/batteries/.lake/build/lib/lean:/Users/xyz/deco/original_performance_takehome/.lake/packages/Qq/.lake/build/lib/lean:/Users/xyz/deco/original_performance_takehome/.lake/packages/aesop/.lake/build/lib/lean:/Users/xyz/deco/original_performance_takehome/.lake/packages/proofwidgets/.lake/build/lib/lean:/Users/xyz/deco/original_performance_takehome/.lake/packages/importGraph/.lake/build/lib/lean:/Users/xyz/deco/original_performance_takehome/.lake/packages/LeanSearchClient/.lake/build/lib/lean:/Users/xyz/deco/original_performance_takehome/.lake/packages/plausible/.lake/build/lib/lean:/Users/xyz/deco/original_performance_takehome/.lake/packages/mathlib/.lake/build/lib/lean:/Users/xyz/deco/original_performance_takehome/.lake/build/lib/lean /Users/xyz/.elan/toolchains/leanprover--lean4---v4.27.0/bin/lean /Users/xyz/deco/original_performance_takehome/proofs/common/Machine.lean -o /Users/xyz/deco/original_performance_takehome/.lake/build/lib/lean/proofs/common/Machine.olean -i /Users/xyz/deco/original_performance_takehome/.lake/build/lib/lean/proofs/common/Machine.ilean -c /Users/xyz/deco/original_performance_takehome/.lake/build/ir/proofs/common/Machine.c --setup /Users/xyz/deco/original_performance_takehome/.lake/build/ir/proofs/common/Machine.setup.json --json",
   "level": "trace"},
  {"message":
   "proofs/common/Machine.lean:466:68: This simp argument is unused:\n  hvalu\n\nHint: Omit it from the simp argument list.\n  simp ̵[̵h̵v̵a̵l̵u̵]̵\n\nNote: This linter can be disabled with `set_option linter.unusedSimpArgs false`",
   "level": "warning"},
  {"message":
   "proofs/common/Machine.lean:467:65: This simp argument is unused:\n  halu\n\nHint: Omit it from the simp argument list.\n  simp ̵[̵h̵a̵l̵u̵]̵\n\nNote: This linter can be disabled with `set_option linter.unusedSimpArgs false`",
   "level": "warning"},
  {"message":
   "proofs/common/Machine.lean:474:32: This simp argument is unused:\n  hload\n\nHint: Omit it from the simp argument list.\n  simp ̵[̵h̵l̵o̵a̵d̵]̵\n\nNote: This linter can be disabled with `set_option linter.unusedSimpArgs false`",
   "level": "warning"},
  {"message":
   "proofs/common/Machine.lean:476:14: This simp argument is unused:\n  hmw\n\nHint: Omit it from the simp argument list.\n  simp ̵[̵h̵m̵w̵]̵\n\nNote: This linter can be disabled with `set_option linter.unusedSimpArgs false`",
   "level": "warning"}],
 "inputs":
 [["proofs.common.Machine:deps",
   [["deps",
     [["original_performance_takehome/TakehomeProofs:extraDep",
       [["@original_performance_takehome:extraDep", "00000000000006bb"]]],
      ["imports",
       [["Mathlib transitive imports (legacy)", "d697f54177d13833"],
        ["Mathlib:importAllArts", "3b45a1c152ecceb5"],
        ["proofs.common.ISA transitive imports (legacy)", "9382f9ba7849d050"],
        ["proofs.common.ISA:importAllArts", "3e65a2f777b307a4"]]]]],
    ["libs",
     [["import dynlibs", "00000000000006bb"],
      ["package external libraries", "00000000000006bb"],
      ["module dynlibs", "00000000000006bb"],
      ["module plugins", "00000000000006bb"]]]]],
  ["Lean 4.27.0, commit db93fe1608548721853390a10cd40580fe7d22ae",
   "9a2be90fd35343e5"],
  ["/Users/xyz/deco/original_performance_takehome/proofs/common/Machine.lean",
   "88191c8ac426eb0a"],
  ["options", "00000000000006bb"],
  ["Module.leanArgs: #[]", "00000000000006bb"]],
 "depHash": "193e245edc9e36cf"}