{"synthetic": false,
 "schemaVersion": "2025-09-10",
 "outputs":
 {"o": ["7cd7a99d3d77252f.olean"],
  "i": "d66be8dbc907d85d.ilean",
  "c": "ad001080fe91020b.c"},
 "log":
 [{"message":
   ".> LEAN_PATH=/Users/xyz/deco/original_performance_takehome/.lake/packages/Cli/.lake/build/lib/lean:/Users/xyz/deco/original_performance_takehome/.lake/packages/batteries/.lake/build/lib/lean:/Users/xyz/deco/original_performance_takehome/.lake/packages/Qq/.lake/build/lib/lean:/Users/xyz/deco/original_performance_takehome/.lake/packages/aesop/.lake/build/lib/lean:/Users/xyz/deco/original_performance_takehome/.lake/packages/proofwidgets/.lake/build/lib/lean:/Users/xyz/deco/original_performance_takehome/.lake/packages/importGraph/.lake/build/lib/lean:/Users/xyz/deco/original_performance_takehome/.lake/packages/LeanSearchClient/.lake/build/lib/lean:/Users/xyz/deco/original_performance_takehome/.lake/packages/plausible/.lake/build/lib/lean:/Users/xyz/deco/original_performance_takehome/.lake/packages/mathlib/.lake/build/lib/lean:/Users/xyz/deco/original_performance_takehome/.lake/build/lib/lean /Users/xyz/.elan/toolchains/leanprover--lean4---v4.27.0/bin/lean /Users/xyz/deco/original_performance_takehome/proofs/global_lower_bound/LowerBound/EngineMixMemBig.lean -o /Users/xyz/deco/original_performance_takehome/.lake/build/lib/lean/proofs/global_lower_bound/LowerBound/EngineMixMemBig.olean -i /Users/xyz/deco/original_performance_takehome/.lake/build/lib/lean/proofs/global_lower_bound/LowerBound/EngineMixMemBig.ilean -c /Users/xyz/deco/original_performance_takehome/.lake/build/ir/proofs/global_lower_bound/LowerBound/EngineMixMemBig.c --setup /Users/xyz/deco/original_performance_takehome/.lake/build/ir/proofs/global_lower_bound/LowerBound/EngineMixMemBig.setup.json --json",
   "level": "trace"}],
 "inputs":
 [["proofs.global_lower_bound.LowerBound.EngineMixMemBig:deps",
   [["deps",
     [["original_performance_takehome/TakehomeProofs:extraDep",
       [["@original_performance_takehome:extraDep", "00000000000006bb"]]],
      ["imports",
       [["proofs.global_lower_bound.LowerBound.EngineMixKernel transitive imports (legacy)",
         "565183848e8e10b2"],
        ["proofs.global_lower_bound.LowerBound.EngineMixKernel:importAllArts",
         "33815586df39d29c"],
        ["proofs.global_lower_bound.LowerBound.LowerBounds transitive imports (legacy)",
         "b1bbc0aae1a357d2"],
        ["proofs.global_lower_bound.LowerBound.LowerBounds:importAllArts",
         "164d3aedc3039d98"]]]]],
    ["libs",
     [["import dynlibs", "00000000000006bb"],
      ["package external libraries", "00000000000006bb"],
      ["module dynlibs", "00000000000006bb"],
      ["module plugins", "00000000000006bb"]]]]],
  ["Lean 4.27.0, commit db93fe1608548721853390a10cd40580fe7d22ae",
   "9a2be90fd35343e5"],
  ["/Users/xyz/deco/original_performance_takehome/proofs/global_lower_bound/LowerBound/EngineMixMemBig.lean",
   "2d906fb7b10fba79"],
  ["options", "00000000000006bb"],
  ["Module.leanArgs: #[]", "00000000000006bb"]],
 "depHash": "3b4747b3ef2745da"}