{"synthetic": false,
 "schemaVersion": "2025-09-10",
 "outputs":
 {"o": ["a702e18ed412e3fa.olean"],
  "i": "9297af5e7180c061.ilean",
  "c": "91f15249463a9a64.c"},
 "log":
 [{"message":
   ".> LEAN_PATH=/Users/xyz/deco/original_performance_takehome/.lake/packages/Cli/.lake/build/lib/lean:/Users/xyz/deco/original_performance_takehome/.lake/packages/batteries/.lake/build/lib/lean:/Users/xyz/deco/original_performance_takehome/.lake/packages/Qq/.lake/build/lib/lean:/Users/xyz/deco/original_performance_takehome/.lake/packages/aesop/.lake/build/lib/lean:/Users/xyz/deco/original_performance_takehome/.lake/packages/proofwidgets/.lake/build/lib/lean:/Users/xyz/deco/original_performance_takehome/.lake/packages/importGraph/.lake/build/lib/lean:/Users/xyz/deco/original_performance_takehome/.lake/packages/LeanSearchClient/.lake/build/lib/lean:/Users/xyz/deco/original_performance_takehome/.lake/packages/plausible/.lake/build/lib/lean:/Users/xyz/deco/original_performance_takehome/.lake/packages/mathlib/.lake/build/lib/lean:/Users/xyz/deco/original_performance_takehome/.lake/build/lib/lean /Users/xyz/.elan/toolchains/leanprover--lean4---v4.27.0/bin/lean /Users/xyz/deco/original_performance_takehome/proofs/global_lower_bound/LowerBound/MemBigRoundDistinct.lean -o /Users/xyz/deco/original_performance_takehome/.lake/build/lib/lean/proofs/global_lower_bound/LowerBound/MemBigRoundDistinct.olean -i /Users/xyz/deco/original_performance_takehome/.lake/build/lib/lean/proofs/global_lower_bound/LowerBound/MemBigRoundDistinct.ilean -c /Users/xyz/deco/original_performance_takehome/.lake/build/ir/proofs/global_lower_bound/LowerBound/MemBigRoundDistinct.c --setup /Users/xyz/deco/original_performance_takehome/.lake/build/ir/proofs/global_lower_bound/LowerBound/MemBigRoundDistinct.setup.json --json",
   "level": "trace"}],
 "inputs":
 [["proofs.global_lower_bound.LowerBound.MemBigRoundDistinct:deps",
   [["deps",
     [["original_performance_takehome/TakehomeProofs:extraDep",
       [["@original_performance_takehome:extraDep", "00000000000006bb"]]],
      ["imports",
       [["proofs.global_lower_bound.LowerBound.MemBigRoundDistinctHelpers transitive imports (legacy)",
         "b0c985669b3a4dd8"],
        ["proofs.global_lower_bound.LowerBound.MemBigRoundDistinctHelpers:importAllArts",
         "c737f9fefaf3cebc"]]]]],
    ["libs",
     [["import dynlibs", "00000000000006bb"],
      ["package external libraries", "00000000000006bb"],
      ["module dynlibs", "00000000000006bb"],
      ["module plugins", "00000000000006bb"]]]]],
  ["Lean 4.27.0, commit db93fe1608548721853390a10cd40580fe7d22ae",
   "9a2be90fd35343e5"],
  ["/Users/xyz/deco/original_performance_takehome/proofs/global_lower_bound/LowerBound/MemBigRoundDistinct.lean",
   "b12f53eb0018afb3"],
  ["options", "00000000000006bb"],
  ["Module.leanArgs: #[]", "00000000000006bb"]],
 "depHash": "7bc86d3723550a6c"}